{"/home/vp/Desktop/carbon_footprint/src/App.jsx": {"path":"/home/vp/Desktop/carbon_footprint/src/App.jsx","statementMap":{"0":{"start":{"line":4,"column":6},"end":{"line":4,"column":null}},"1":{"start":{"line":4,"column":32},"end":{"line":4,"column":null}},"2":{"start":{"line":5,"column":6},"end":{"line":5,"column":null}},"3":{"start":{"line":5,"column":32},"end":{"line":5,"column":null}},"4":{"start":{"line":14,"column":15},"end":{"line":14,"column":null}},"5":{"start":{"line":15,"column":22},"end":{"line":15,"column":null}},"6":{"start":{"line":16,"column":19},"end":{"line":16,"column":null}},"7":{"start":{"line":18,"column":2},"end":{"line":34,"column":null}},"8":{"start":{"line":19,"column":10},"end":{"line":32,"column":null}},"9":{"start":{"line":20,"column":6},"end":{"line":20,"column":null}},"10":{"start":{"line":21,"column":6},"end":{"line":30,"column":null}},"11":{"start":{"line":22,"column":8},"end":{"line":29,"column":null}},"12":{"start":{"line":23,"column":10},"end":{"line":26,"column":null}},"13":{"start":{"line":28,"column":10},"end":{"line":28,"column":null}},"14":{"start":{"line":31,"column":6},"end":{"line":31,"column":null}},"15":{"start":{"line":33,"column":4},"end":{"line":33,"column":null}},"16":{"start":{"line":33,"column":17},"end":{"line":33,"column":null}},"17":{"start":{"line":36,"column":24},"end":{"line":43,"column":null}},"18":{"start":{"line":37,"column":4},"end":{"line":37,"column":null}},"19":{"start":{"line":38,"column":4},"end":{"line":42,"column":null}},"20":{"start":{"line":39,"column":6},"end":{"line":39,"column":null}},"21":{"start":{"line":41,"column":6},"end":{"line":41,"column":null}},"22":{"start":{"line":45,"column":8},"end":{"line":54,"column":null}},"23":{"start":{"line":46,"column":4},"end":{"line":46,"column":null}},"24":{"start":{"line":47,"column":20},"end":{"line":47,"column":null}},"25":{"start":{"line":48,"column":4},"end":{"line":48,"column":null}},"26":{"start":{"line":49,"column":4},"end":{"line":53,"column":null}},"27":{"start":{"line":50,"column":6},"end":{"line":50,"column":null}},"28":{"start":{"line":52,"column":6},"end":{"line":52,"column":null}},"29":{"start":{"line":56,"column":2},"end":{"line":64,"column":null}},"30":{"start":{"line":57,"column":4},"end":{"line":62,"column":null}},"31":{"start":{"line":66,"column":2},"end":{"line":167,"column":null}}},"fnMap":{"0":{"name":"(anonymous_0)","decl":{"start":{"line":4,"column":21},"end":{"line":4,"column":32}},"loc":{"start":{"line":4,"column":32},"end":{"line":4,"column":null}},"line":4},"1":{"name":"(anonymous_1)","decl":{"start":{"line":5,"column":21},"end":{"line":5,"column":32}},"loc":{"start":{"line":5,"column":32},"end":{"line":5,"column":null}},"line":5},"2":{"name":"App","decl":{"start":{"line":13,"column":9},"end":{"line":13,"column":15}},"loc":{"start":{"line":13,"column":15},"end":{"line":169,"column":null}},"line":13},"3":{"name":"(anonymous_3)","decl":{"start":{"line":18,"column":2},"end":{"line":18,"column":18}},"loc":{"start":{"line":18,"column":18},"end":{"line":34,"column":5}},"line":18},"4":{"name":"(anonymous_4)","decl":{"start":{"line":19,"column":49},"end":{"line":19,"column":56}},"loc":{"start":{"line":19,"column":72},"end":{"line":32,"column":5}},"line":19},"5":{"name":"(anonymous_5)","decl":{"start":{"line":33,"column":4},"end":{"line":33,"column":17}},"loc":{"start":{"line":33,"column":17},"end":{"line":33,"column":null}},"line":33},"6":{"name":"(anonymous_6)","decl":{"start":{"line":36,"column":24},"end":{"line":36,"column":36}},"loc":{"start":{"line":36,"column":36},"end":{"line":43,"column":null}},"line":36},"7":{"name":"(anonymous_7)","decl":{"start":{"line":45,"column":8},"end":{"line":45,"column":31}},"loc":{"start":{"line":45,"column":31},"end":{"line":54,"column":null}},"line":45}},"branchMap":{"0":{"loc":{"start":{"line":21,"column":6},"end":{"line":30,"column":null}},"type":"if","locations":[{"start":{"line":21,"column":6},"end":{"line":30,"column":null}},{"start":{},"end":{}}],"line":21},"1":{"loc":{"start":{"line":24,"column":25},"end":{"line":24,"column":null}},"type":"binary-expr","locations":[{"start":{"line":24,"column":25},"end":{"line":24,"column":52}},{"start":{"line":24,"column":52},"end":{"line":24,"column":88}},{"start":{"line":24,"column":88},"end":{"line":24,"column":null}}],"line":24},"2":{"loc":{"start":{"line":49,"column":4},"end":{"line":53,"column":null}},"type":"if","locations":[{"start":{"line":49,"column":4},"end":{"line":53,"column":null}},{"start":{"line":51,"column":11},"end":{"line":53,"column":null}}],"line":49},"3":{"loc":{"start":{"line":56,"column":2},"end":{"line":64,"column":null}},"type":"if","locations":[{"start":{"line":56,"column":2},"end":{"line":64,"column":null}},{"start":{},"end":{}}],"line":56},"4":{"loc":{"start":{"line":68,"column":7},"end":{"line":68,"column":null}},"type":"binary-expr","locations":[{"start":{"line":68,"column":7},"end":{"line":68,"column":16}},{"start":{"line":68,"column":16},"end":{"line":68,"column":null}}],"line":68},"5":{"loc":{"start":{"line":91,"column":11},"end":{"line":118,"column":null}},"type":"binary-expr","locations":[{"start":{"line":91,"column":11},"end":{"line":91,"column":null}},{"start":{"line":92,"column":12},"end":{"line":118,"column":null}}],"line":91},"6":{"loc":{"start":{"line":101,"column":28},"end":{"line":101,"column":null}},"type":"cond-expr","locations":[{"start":{"line":101,"column":39},"end":{"line":101,"column":73}},{"start":{"line":101,"column":73},"end":{"line":101,"column":null}}],"line":101},"7":{"loc":{"start":{"line":102,"column":133},"end":{"line":102,"column":null}},"type":"cond-expr","locations":[{"start":{"line":102,"column":144},"end":{"line":102,"column":189}},{"start":{"line":102,"column":189},"end":{"line":102,"column":null}}],"line":102},"8":{"loc":{"start":{"line":105,"column":55},"end":{"line":105,"column":108}},"type":"cond-expr","locations":[{"start":{"line":105,"column":66},"end":{"line":105,"column":89}},{"start":{"line":105,"column":89},"end":{"line":105,"column":108}}],"line":105},"9":{"loc":{"start":{"line":121,"column":127},"end":{"line":121,"column":143}},"type":"cond-expr","locations":[{"start":{"line":121,"column":134},"end":{"line":121,"column":138}},{"start":{"line":121,"column":138},"end":{"line":121,"column":143}}],"line":121},"10":{"loc":{"start":{"line":121,"column":158},"end":{"line":121,"column":181}},"type":"cond-expr","locations":[{"start":{"line":121,"column":165},"end":{"line":121,"column":174}},{"start":{"line":121,"column":174},"end":{"line":121,"column":181}}],"line":121}},"s":{"0":1,"1":1,"2":1,"3":1,"4":2,"5":2,"6":2,"7":2,"8":1,"9":1,"10":1,"11":0,"12":0,"13":0,"14":1,"15":1,"16":1,"17":2,"18":0,"19":0,"20":0,"21":0,"22":2,"23":0,"24":0,"25":0,"26":0,"27":0,"28":0,"29":2,"30":1,"31":1},"f":{"0":1,"1":1,"2":2,"3":1,"4":1,"5":1,"6":0,"7":0},"b":{"0":[0,1],"1":[0,0,0],"2":[0,0],"3":[1,1],"4":[1,1],"5":[2,0],"6":[0,0],"7":[0,0],"8":[0,0],"9":[0,1],"10":[0,1]},"meta":{"lastBranch":11,"lastFunction":8,"lastStatement":32,"seen":{"s:4:6:4:Infinity":0,"f:4:21:4:32":0,"s:4:32:4:Infinity":1,"s:5:6:5:Infinity":2,"f:5:21:5:32":1,"s:5:32:5:Infinity":3,"f:13:9:13:15":2,"s:14:15:14:Infinity":4,"s:15:22:15:Infinity":5,"s:16:19:16:Infinity":6,"s:18:2:34:Infinity":7,"f:18:2:18:18":3,"s:19:10:32:Infinity":8,"f:19:49:19:56":4,"s:20:6:20:Infinity":9,"b:21:6:30:Infinity:undefined:undefined:undefined:undefined":0,"s:21:6:30:Infinity":10,"s:22:8:29:Infinity":11,"s:23:10:26:Infinity":12,"b:24:25:24:52:24:52:24:88:24:88:24:Infinity":1,"s:28:10:28:Infinity":13,"s:31:6:31:Infinity":14,"s:33:4:33:Infinity":15,"f:33:4:33:17":5,"s:33:17:33:Infinity":16,"s:36:24:43:Infinity":17,"f:36:24:36:36":6,"s:37:4:37:Infinity":18,"s:38:4:42:Infinity":19,"s:39:6:39:Infinity":20,"s:41:6:41:Infinity":21,"s:45:8:54:Infinity":22,"f:45:8:45:31":7,"s:46:4:46:Infinity":23,"s:47:20:47:Infinity":24,"s:48:4:48:Infinity":25,"b:49:4:53:Infinity:51:11:53:Infinity":2,"s:49:4:53:Infinity":26,"s:50:6:50:Infinity":27,"s:52:6:52:Infinity":28,"b:56:2:64:Infinity:undefined:undefined:undefined:undefined":3,"s:56:2:64:Infinity":29,"s:57:4:62:Infinity":30,"s:66:2:167:Infinity":31,"b:68:7:68:16:68:16:68:Infinity":4,"b:91:11:91:Infinity:92:12:118:Infinity":5,"b:101:39:101:73:101:73:101:Infinity":6,"b:102:144:102:189:102:189:102:Infinity":7,"b:105:66:105:89:105:89:105:108":8,"b:121:134:121:138:121:138:121:143":9,"b:121:165:121:174:121:174:121:181":10},"fnNames":{}}}
,"/home/vp/Desktop/carbon_footprint/src/audio.js": {"path":"/home/vp/Desktop/carbon_footprint/src/audio.js","statementMap":{"0":{"start":{"line":1,"column":15},"end":{"line":1,"column":null}},"1":{"start":{"line":3,"column":6},"end":{"line":8,"column":null}},"2":{"start":{"line":4,"column":2},"end":{"line":6,"column":null}},"3":{"start":{"line":5,"column":4},"end":{"line":5,"column":null}},"4":{"start":{"line":7,"column":2},"end":{"line":7,"column":null}},"5":{"start":{"line":10,"column":13},"end":{"line":31,"column":null}},"6":{"start":{"line":11,"column":2},"end":{"line":30,"column":null}},"7":{"start":{"line":12,"column":16},"end":{"line":12,"column":null}},"8":{"start":{"line":13,"column":16},"end":{"line":13,"column":null}},"9":{"start":{"line":14,"column":21},"end":{"line":14,"column":null}},"10":{"start":{"line":16,"column":4},"end":{"line":16,"column":null}},"11":{"start":{"line":17,"column":4},"end":{"line":17,"column":null}},"12":{"start":{"line":18,"column":4},"end":{"line":18,"column":null}},"13":{"start":{"line":20,"column":4},"end":{"line":20,"column":null}},"14":{"start":{"line":21,"column":4},"end":{"line":21,"column":null}},"15":{"start":{"line":23,"column":4},"end":{"line":23,"column":null}},"16":{"start":{"line":24,"column":4},"end":{"line":24,"column":null}},"17":{"start":{"line":26,"column":4},"end":{"line":26,"column":null}},"18":{"start":{"line":27,"column":4},"end":{"line":27,"column":null}},"19":{"start":{"line":33,"column":13},"end":{"line":53,"column":null}},"20":{"start":{"line":34,"column":2},"end":{"line":52,"column":null}},"21":{"start":{"line":35,"column":16},"end":{"line":35,"column":null}},"22":{"start":{"line":36,"column":16},"end":{"line":36,"column":null}},"23":{"start":{"line":37,"column":21},"end":{"line":37,"column":null}},"24":{"start":{"line":39,"column":4},"end":{"line":39,"column":null}},"25":{"start":{"line":40,"column":4},"end":{"line":40,"column":null}},"26":{"start":{"line":41,"column":4},"end":{"line":41,"column":null}},"27":{"start":{"line":42,"column":4},"end":{"line":42,"column":null}},"28":{"start":{"line":44,"column":4},"end":{"line":44,"column":null}},"29":{"start":{"line":45,"column":4},"end":{"line":45,"column":null}},"30":{"start":{"line":47,"column":4},"end":{"line":47,"column":null}},"31":{"start":{"line":48,"column":4},"end":{"line":48,"column":null}},"32":{"start":{"line":50,"column":4},"end":{"line":50,"column":null}},"33":{"start":{"line":51,"column":4},"end":{"line":51,"column":null}}},"fnMap":{"0":{"name":"(anonymous_0)","decl":{"start":{"line":3,"column":6},"end":{"line":3,"column":30}},"loc":{"start":{"line":3,"column":30},"end":{"line":8,"column":null}},"line":3},"1":{"name":"(anonymous_1)","decl":{"start":{"line":10,"column":13},"end":{"line":10,"column":31}},"loc":{"start":{"line":10,"column":31},"end":{"line":31,"column":null}},"line":10},"2":{"name":"(anonymous_2)","decl":{"start":{"line":33,"column":13},"end":{"line":33,"column":33}},"loc":{"start":{"line":33,"column":33},"end":{"line":53,"column":null}},"line":33}},"branchMap":{"0":{"loc":{"start":{"line":4,"column":2},"end":{"line":6,"column":null}},"type":"if","locations":[{"start":{"line":4,"column":2},"end":{"line":6,"column":null}},{"start":{},"end":{}}],"line":4},"1":{"loc":{"start":{"line":5,"column":20},"end":{"line":5,"column":70}},"type":"binary-expr","locations":[{"start":{"line":5,"column":20},"end":{"line":5,"column":43}},{"start":{"line":5,"column":43},"end":{"line":5,"column":70}}],"line":5}},"s":{"0":2,"1":2,"2":0,"3":0,"4":0,"5":2,"6":0,"7":0,"8":0,"9":0,"10":0,"11":0,"12":0,"13":0,"14":0,"15":0,"16":0,"17":0,"18":0,"19":2,"20":0,"21":0,"22":0,"23":0,"24":0,"25":0,"26":0,"27":0,"28":0,"29":0,"30":0,"31":0,"32":0,"33":0},"f":{"0":0,"1":0,"2":0},"b":{"0":[0,0],"1":[0,0]},"meta":{"lastBranch":2,"lastFunction":3,"lastStatement":34,"seen":{"s:1:15:1:Infinity":0,"s:3:6:8:Infinity":1,"f:3:6:3:30":0,"b:4:2:6:Infinity:undefined:undefined:undefined:undefined":0,"s:4:2:6:Infinity":2,"s:5:4:5:Infinity":3,"b:5:20:5:43:5:43:5:70":1,"s:7:2:7:Infinity":4,"s:10:13:31:Infinity":5,"f:10:13:10:31":1,"s:11:2:30:Infinity":6,"s:12:16:12:Infinity":7,"s:13:16:13:Infinity":8,"s:14:21:14:Infinity":9,"s:16:4:16:Infinity":10,"s:17:4:17:Infinity":11,"s:18:4:18:Infinity":12,"s:20:4:20:Infinity":13,"s:21:4:21:Infinity":14,"s:23:4:23:Infinity":15,"s:24:4:24:Infinity":16,"s:26:4:26:Infinity":17,"s:27:4:27:Infinity":18,"s:33:13:53:Infinity":19,"f:33:13:33:33":2,"s:34:2:52:Infinity":20,"s:35:16:35:Infinity":21,"s:36:16:36:Infinity":22,"s:37:21:37:Infinity":23,"s:39:4:39:Infinity":24,"s:40:4:40:Infinity":25,"s:41:4:41:Infinity":26,"s:42:4:42:Infinity":27,"s:44:4:44:Infinity":28,"s:45:4:45:Infinity":29,"s:47:4:47:Infinity":30,"s:48:4:48:Infinity":31,"s:50:4:50:Infinity":32,"s:51:4:51:Infinity":33},"fnNames":{}}}
,"/home/vp/Desktop/carbon_footprint/src/firebase.js": {"path":"/home/vp/Desktop/carbon_footprint/src/firebase.js","statementMap":{"0":{"start":{"line":5,"column":23},"end":{"line":12,"column":null}},"1":{"start":{"line":15,"column":6},"end":{"line":15,"column":null}},"2":{"start":{"line":18,"column":13},"end":{"line":18,"column":null}},"3":{"start":{"line":19,"column":13},"end":{"line":19,"column":null}}},"fnMap":{},"branchMap":{},"s":{"0":1,"1":1,"2":1,"3":1},"f":{},"b":{},"meta":{"lastBranch":0,"lastFunction":0,"lastStatement":4,"seen":{"s:5:23:12:Infinity":0,"s:15:6:15:Infinity":1,"s:18:13:18:Infinity":2,"s:19:13:19:Infinity":3},"fnNames":{}}}
,"/home/vp/Desktop/carbon_footprint/src/agent/graph.js": {"path":"/home/vp/Desktop/carbon_footprint/src/agent/graph.js","statementMap":{"0":{"start":{"line":10,"column":26},"end":{"line":15,"column":null}},"1":{"start":{"line":12,"column":23},"end":{"line":12,"column":null}},"2":{"start":{"line":13,"column":19},"end":{"line":13,"column":null}},"3":{"start":{"line":26,"column":13},"end":{"line":67,"column":null}},"4":{"start":{"line":32,"column":20},"end":{"line":56,"column":null}},"5":{"start":{"line":33,"column":25},"end":{"line":33,"column":null}},"6":{"start":{"line":36,"column":18},"end":{"line":41,"column":null}},"7":{"start":{"line":44,"column":25},"end":{"line":47,"column":null}},"8":{"start":{"line":49,"column":4},"end":{"line":55,"column":null}},"9":{"start":{"line":51,"column":23},"end":{"line":51,"column":null}},"10":{"start":{"line":52,"column":6},"end":{"line":52,"column":null}},"11":{"start":{"line":54,"column":6},"end":{"line":54,"column":null}},"12":{"start":{"line":61,"column":19},"end":{"line":64,"column":null}},"13":{"start":{"line":66,"column":2},"end":{"line":66,"column":null}}},"fnMap":{"0":{"name":"(anonymous_0)","decl":{"start":{"line":12,"column":4},"end":{"line":12,"column":14}},"loc":{"start":{"line":12,"column":23},"end":{"line":12,"column":null}},"line":12},"1":{"name":"(anonymous_1)","decl":{"start":{"line":13,"column":4},"end":{"line":13,"column":19}},"loc":{"start":{"line":13,"column":19},"end":{"line":13,"column":null}},"line":13},"2":{"name":"(anonymous_2)","decl":{"start":{"line":26,"column":13},"end":{"line":26,"column":34}},"loc":{"start":{"line":26,"column":59},"end":{"line":67,"column":null}},"line":26},"3":{"name":"(anonymous_3)","decl":{"start":{"line":32,"column":20},"end":{"line":32,"column":27}},"loc":{"start":{"line":32,"column":37},"end":{"line":56,"column":null}},"line":32}},"branchMap":{},"s":{"0":0,"1":0,"2":0,"3":0,"4":0,"5":0,"6":0,"7":0,"8":0,"9":0,"10":0,"11":0,"12":0,"13":0},"f":{"0":0,"1":0,"2":0,"3":0},"b":{},"meta":{"lastBranch":0,"lastFunction":4,"lastStatement":14,"seen":{"s:10:26:15:Infinity":0,"f:12:4:12:14":0,"s:12:23:12:Infinity":1,"f:13:4:13:19":1,"s:13:19:13:Infinity":2,"s:26:13:67:Infinity":3,"f:26:13:26:34":2,"s:32:20:56:Infinity":4,"f:32:20:32:27":3,"s:33:25:33:Infinity":5,"s:36:18:41:Infinity":6,"s:44:25:47:Infinity":7,"s:49:4:55:Infinity":8,"s:51:23:51:Infinity":9,"s:52:6:52:Infinity":10,"s:54:6:54:Infinity":11,"s:61:19:64:Infinity":12,"s:66:2:66:Infinity":13},"fnNames":{}}}
,"/home/vp/Desktop/carbon_footprint/src/components/AIAgentPanel.jsx": {"path":"/home/vp/Desktop/carbon_footprint/src/components/AIAgentPanel.jsx","statementMap":{"0":{"start":{"line":11,"column":18},"end":{"line":11,"column":null}},"1":{"start":{"line":14,"column":15},"end":{"line":14,"column":null}},"2":{"start":{"line":15,"column":6},"end":{"line":23,"column":null}},"3":{"start":{"line":16,"column":18},"end":{"line":16,"column":null}},"4":{"start":{"line":17,"column":2},"end":{"line":17,"column":null}},"5":{"start":{"line":17,"column":16},"end":{"line":17,"column":null}},"6":{"start":{"line":18,"column":15},"end":{"line":18,"column":null}},"7":{"start":{"line":18,"column":43},"end":{"line":18,"column":51}},"8":{"start":{"line":19,"column":2},"end":{"line":19,"column":null}},"9":{"start":{"line":19,"column":25},"end":{"line":19,"column":null}},"10":{"start":{"line":20,"column":14},"end":{"line":20,"column":null}},"11":{"start":{"line":21,"column":2},"end":{"line":21,"column":null}},"12":{"start":{"line":22,"column":2},"end":{"line":22,"column":null}},"13":{"start":{"line":26,"column":12},"end":{"line":26,"column":null}},"14":{"start":{"line":27,"column":6},"end":{"line":27,"column":null}},"15":{"start":{"line":27,"column":21},"end":{"line":27,"column":null}},"16":{"start":{"line":30,"column":19},"end":{"line":32,"column":null}},"17":{"start":{"line":33,"column":16},"end":{"line":33,"column":null}},"18":{"start":{"line":34,"column":16},"end":{"line":34,"column":null}},"19":{"start":{"line":35,"column":20},"end":{"line":35,"column":null}},"20":{"start":{"line":36,"column":23},"end":{"line":36,"column":null}},"21":{"start":{"line":37,"column":27},"end":{"line":37,"column":null}},"22":{"start":{"line":38,"column":19},"end":{"line":38,"column":null}},"23":{"start":{"line":39,"column":19},"end":{"line":39,"column":null}},"24":{"start":{"line":40,"column":21},"end":{"line":40,"column":null}},"25":{"start":{"line":42,"column":8},"end":{"line":42,"column":null}},"26":{"start":{"line":43,"column":8},"end":{"line":43,"column":null}},"27":{"start":{"line":45,"column":8},"end":{"line":47,"column":null}},"28":{"start":{"line":46,"column":4},"end":{"line":46,"column":null}},"29":{"start":{"line":49,"column":2},"end":{"line":51,"column":null}},"30":{"start":{"line":50,"column":4},"end":{"line":50,"column":null}},"31":{"start":{"line":54,"column":2},"end":{"line":83,"column":null}},"32":{"start":{"line":55,"column":4},"end":{"line":55,"column":null}},"33":{"start":{"line":55,"column":27},"end":{"line":55,"column":null}},"34":{"start":{"line":56,"column":10},"end":{"line":60,"column":null}},"35":{"start":{"line":61,"column":10},"end":{"line":81,"column":null}},"36":{"start":{"line":62,"column":20},"end":{"line":62,"column":null}},"37":{"start":{"line":63,"column":6},"end":{"line":63,"column":null}},"38":{"start":{"line":65,"column":18},"end":{"line":65,"column":null}},"39":{"start":{"line":66,"column":16},"end":{"line":66,"column":null}},"40":{"start":{"line":68,"column":6},"end":{"line":78,"column":null}},"41":{"start":{"line":69,"column":21},"end":{"line":69,"column":null}},"42":{"start":{"line":71,"column":8},"end":{"line":71,"column":null}},"43":{"start":{"line":71,"column":47},"end":{"line":71,"column":null}},"44":{"start":{"line":73,"column":26},"end":{"line":73,"column":null}},"45":{"start":{"line":74,"column":8},"end":{"line":77,"column":null}},"46":{"start":{"line":75,"column":10},"end":{"line":75,"column":null}},"47":{"start":{"line":76,"column":10},"end":{"line":76,"column":null}},"48":{"start":{"line":80,"column":6},"end":{"line":80,"column":null}},"49":{"start":{"line":82,"column":4},"end":{"line":82,"column":null}},"50":{"start":{"line":82,"column":17},"end":{"line":82,"column":null}},"51":{"start":{"line":85,"column":8},"end":{"line":87,"column":null}},"52":{"start":{"line":86,"column":4},"end":{"line":86,"column":null}},"53":{"start":{"line":86,"column":24},"end":{"line":86,"column":72}},"54":{"start":{"line":89,"column":22},"end":{"line":238,"column":null}},"55":{"start":{"line":90,"column":20},"end":{"line":90,"column":null}},"56":{"start":{"line":91,"column":4},"end":{"line":91,"column":null}},"57":{"start":{"line":91,"column":48},"end":{"line":91,"column":null}},"58":{"start":{"line":94,"column":4},"end":{"line":94,"column":null}},"59":{"start":{"line":94,"column":24},"end":{"line":94,"column":100}},"60":{"start":{"line":95,"column":4},"end":{"line":95,"column":null}},"61":{"start":{"line":96,"column":4},"end":{"line":96,"column":null}},"62":{"start":{"line":99,"column":4},"end":{"line":105,"column":null}},"63":{"start":{"line":100,"column":23},"end":{"line":103,"column":null}},"64":{"start":{"line":101,"column":21},"end":{"line":101,"column":34}},"65":{"start":{"line":102,"column":20},"end":{"line":102,"column":39}},"66":{"start":{"line":104,"column":6},"end":{"line":104,"column":null}},"67":{"start":{"line":107,"column":4},"end":{"line":237,"column":null}},"68":{"start":{"line":108,"column":21},"end":{"line":108,"column":null}},"69":{"start":{"line":109,"column":6},"end":{"line":111,"column":null}},"70":{"start":{"line":110,"column":8},"end":{"line":110,"column":null}},"71":{"start":{"line":113,"column":6},"end":{"line":113,"column":null}},"72":{"start":{"line":116,"column":32},"end":{"line":130,"column":null}},"73":{"start":{"line":117,"column":21},"end":{"line":117,"column":38}},"74":{"start":{"line":119,"column":26},"end":{"line":119,"column":null}},"75":{"start":{"line":120,"column":10},"end":{"line":120,"column":null}},"76":{"start":{"line":120,"column":22},"end":{"line":120,"column":null}},"77":{"start":{"line":121,"column":10},"end":{"line":128,"column":null}},"78":{"start":{"line":122,"column":26},"end":{"line":122,"column":null}},"79":{"start":{"line":123,"column":34},"end":{"line":123,"column":null}},"80":{"start":{"line":124,"column":12},"end":{"line":127,"column":null}},"81":{"start":{"line":129,"column":10},"end":{"line":129,"column":null}},"82":{"start":{"line":133,"column":33},"end":{"line":133,"column":null}},"83":{"start":{"line":134,"column":6},"end":{"line":134,"column":null}},"84":{"start":{"line":134,"column":19},"end":{"line":134,"column":null}},"85":{"start":{"line":135,"column":6},"end":{"line":140,"column":null}},"86":{"start":{"line":136,"column":8},"end":{"line":139,"column":null}},"87":{"start":{"line":141,"column":6},"end":{"line":143,"column":null}},"88":{"start":{"line":142,"column":8},"end":{"line":142,"column":null}},"89":{"start":{"line":145,"column":27},"end":{"line":145,"column":null}},"90":{"start":{"line":168,"column":6},"end":{"line":170,"column":null}},"91":{"start":{"line":169,"column":8},"end":{"line":169,"column":null}},"92":{"start":{"line":171,"column":26},"end":{"line":171,"column":null}},"93":{"start":{"line":174,"column":26},"end":{"line":174,"column":null}},"94":{"start":{"line":177,"column":25},"end":{"line":177,"column":null}},"95":{"start":{"line":178,"column":22},"end":{"line":178,"column":null}},"96":{"start":{"line":181,"column":25},"end":{"line":181,"column":null}},"97":{"start":{"line":182,"column":24},"end":{"line":182,"column":null}},"98":{"start":{"line":183,"column":22},"end":{"line":185,"column":null}},"99":{"start":{"line":188,"column":6},"end":{"line":196,"column":null}},"100":{"start":{"line":189,"column":8},"end":{"line":189,"column":null}},"101":{"start":{"line":192,"column":26},"end":{"line":192,"column":null}},"102":{"start":{"line":193,"column":8},"end":{"line":193,"column":null}},"103":{"start":{"line":194,"column":8},"end":{"line":194,"column":null}},"104":{"start":{"line":195,"column":8},"end":{"line":195,"column":null}},"105":{"start":{"line":199,"column":6},"end":{"line":222,"column":null}},"106":{"start":{"line":201,"column":8},"end":{"line":212,"column":null}},"107":{"start":{"line":209,"column":10},"end":{"line":209,"column":null}},"108":{"start":{"line":211,"column":10},"end":{"line":211,"column":null}},"109":{"start":{"line":215,"column":8},"end":{"line":221,"column":null}},"110":{"start":{"line":216,"column":10},"end":{"line":220,"column":null}},"111":{"start":{"line":220,"column":41},"end":{"line":220,"column":84}},"112":{"start":{"line":224,"column":6},"end":{"line":224,"column":null}},"113":{"start":{"line":227,"column":6},"end":{"line":227,"column":null}},"114":{"start":{"line":229,"column":29},"end":{"line":229,"column":null}},"115":{"start":{"line":230,"column":25},"end":{"line":232,"column":null}},"116":{"start":{"line":233,"column":6},"end":{"line":233,"column":null}},"117":{"start":{"line":234,"column":6},"end":{"line":234,"column":null}},"118":{"start":{"line":236,"column":6},"end":{"line":236,"column":null}},"119":{"start":{"line":240,"column":8},"end":{"line":248,"column":null}},"120":{"start":{"line":241,"column":4},"end":{"line":241,"column":null}},"121":{"start":{"line":241,"column":15},"end":{"line":241,"column":null}},"122":{"start":{"line":242,"column":19},"end":{"line":242,"column":null}},"123":{"start":{"line":243,"column":4},"end":{"line":246,"column":null}},"124":{"start":{"line":244,"column":21},"end":{"line":244,"column":null}},"125":{"start":{"line":245,"column":6},"end":{"line":245,"column":null}},"126":{"start":{"line":247,"column":4},"end":{"line":247,"column":null}},"127":{"start":{"line":250,"column":30},"end":{"line":281,"column":null}},"128":{"start":{"line":251,"column":4},"end":{"line":280,"column":null}},"129":{"start":{"line":252,"column":21},"end":{"line":252,"column":null}},"130":{"start":{"line":253,"column":20},"end":{"line":253,"column":null}},"131":{"start":{"line":254,"column":6},"end":{"line":254,"column":null}},"132":{"start":{"line":255,"column":6},"end":{"line":255,"column":null}},"133":{"start":{"line":258,"column":6},"end":{"line":258,"column":null}},"134":{"start":{"line":258,"column":29},"end":{"line":258,"column":47}},"135":{"start":{"line":260,"column":21},"end":{"line":260,"column":null}},"136":{"start":{"line":261,"column":24},"end":{"line":261,"column":null}},"137":{"start":{"line":262,"column":18},"end":{"line":262,"column":null}},"138":{"start":{"line":263,"column":19},"end":{"line":263,"column":null}},"139":{"start":{"line":264,"column":6},"end":{"line":267,"column":null}},"140":{"start":{"line":265,"column":8},"end":{"line":265,"column":null}},"141":{"start":{"line":266,"column":8},"end":{"line":266,"column":null}},"142":{"start":{"line":268,"column":6},"end":{"line":268,"column":null}},"143":{"start":{"line":269,"column":6},"end":{"line":269,"column":null}},"144":{"start":{"line":270,"column":18},"end":{"line":270,"column":null}},"145":{"start":{"line":271,"column":6},"end":{"line":271,"column":null}},"146":{"start":{"line":272,"column":21},"end":{"line":272,"column":null}},"147":{"start":{"line":274,"column":6},"end":{"line":274,"column":null}},"148":{"start":{"line":274,"column":38},"end":{"line":274,"column":46}},"149":{"start":{"line":275,"column":6},"end":{"line":275,"column":null}},"150":{"start":{"line":276,"column":6},"end":{"line":276,"column":null}},"151":{"start":{"line":278,"column":6},"end":{"line":278,"column":null}},"152":{"start":{"line":279,"column":6},"end":{"line":279,"column":null}},"153":{"start":{"line":284,"column":2},"end":{"line":519,"column":null}},"154":{"start":{"line":296,"column":66},"end":{"line":296,"column":85}},"155":{"start":{"line":344,"column":10},"end":{"line":344,"column":null}},"156":{"start":{"line":366,"column":12},"end":{"line":373,"column":null}},"157":{"start":{"line":368,"column":29},"end":{"line":368,"column":null}},"158":{"start":{"line":383,"column":27},"end":{"line":383,"column":null}},"159":{"start":{"line":387,"column":14},"end":{"line":390,"column":null}},"160":{"start":{"line":388,"column":16},"end":{"line":388,"column":null}},"161":{"start":{"line":389,"column":16},"end":{"line":389,"column":null}},"162":{"start":{"line":397,"column":59},"end":{"line":397,"column":82}},"163":{"start":{"line":407,"column":59},"end":{"line":407,"column":79}},"164":{"start":{"line":417,"column":59},"end":{"line":417,"column":86}},"165":{"start":{"line":432,"column":29},"end":{"line":432,"column":null}},"166":{"start":{"line":444,"column":73},"end":{"line":444,"column":101}},"167":{"start":{"line":465,"column":65},"end":{"line":465,"column":86}},"168":{"start":{"line":471,"column":16},"end":{"line":474,"column":null}},"169":{"start":{"line":472,"column":18},"end":{"line":472,"column":null}},"170":{"start":{"line":473,"column":18},"end":{"line":473,"column":null}},"171":{"start":{"line":489,"column":68},"end":{"line":489,"column":92}},"172":{"start":{"line":495,"column":35},"end":{"line":495,"column":55}},"173":{"start":{"line":495,"column":55},"end":{"line":495,"column":76}},"174":{"start":{"line":497,"column":16},"end":{"line":497,"column":null}},"175":{"start":{"line":498,"column":16},"end":{"line":498,"column":null}},"176":{"start":{"line":499,"column":16},"end":{"line":502,"column":null}},"177":{"start":{"line":500,"column":18},"end":{"line":500,"column":null}},"178":{"start":{"line":501,"column":18},"end":{"line":501,"column":null}},"179":{"start":{"line":506,"column":16},"end":{"line":509,"column":null}},"180":{"start":{"line":507,"column":18},"end":{"line":507,"column":null}},"181":{"start":{"line":508,"column":18},"end":{"line":508,"column":null}}},"fnMap":{"0":{"name":"(anonymous_0)","decl":{"start":{"line":15,"column":6},"end":{"line":15,"column":25}},"loc":{"start":{"line":15,"column":25},"end":{"line":23,"column":null}},"line":15},"1":{"name":"(anonymous_1)","decl":{"start":{"line":18,"column":34},"end":{"line":18,"column":38}},"loc":{"start":{"line":18,"column":43},"end":{"line":18,"column":51}},"line":18},"2":{"name":"(anonymous_2)","decl":{"start":{"line":27,"column":6},"end":{"line":27,"column":21}},"loc":{"start":{"line":27,"column":21},"end":{"line":27,"column":null}},"line":27},"3":{"name":"AIAgentPanel","decl":{"start":{"line":29,"column":24},"end":{"line":29,"column":39}},"loc":{"start":{"line":29,"column":39},"end":{"line":521,"column":null}},"line":29},"4":{"name":"(anonymous_4)","decl":{"start":{"line":45,"column":8},"end":{"line":45,"column":31}},"loc":{"start":{"line":45,"column":31},"end":{"line":47,"column":null}},"line":45},"5":{"name":"(anonymous_5)","decl":{"start":{"line":49,"column":2},"end":{"line":49,"column":18}},"loc":{"start":{"line":49,"column":18},"end":{"line":51,"column":5}},"line":49},"6":{"name":"(anonymous_6)","decl":{"start":{"line":54,"column":2},"end":{"line":54,"column":18}},"loc":{"start":{"line":54,"column":18},"end":{"line":83,"column":5}},"line":54},"7":{"name":"(anonymous_7)","decl":{"start":{"line":61,"column":35},"end":{"line":61,"column":39}},"loc":{"start":{"line":61,"column":52},"end":{"line":81,"column":5}},"line":61},"8":{"name":"(anonymous_8)","decl":{"start":{"line":68,"column":20},"end":{"line":68,"column":28}},"loc":{"start":{"line":68,"column":35},"end":{"line":78,"column":7}},"line":68},"9":{"name":"(anonymous_9)","decl":{"start":{"line":82,"column":4},"end":{"line":82,"column":17}},"loc":{"start":{"line":82,"column":17},"end":{"line":82,"column":null}},"line":82},"10":{"name":"(anonymous_10)","decl":{"start":{"line":85,"column":8},"end":{"line":85,"column":27}},"loc":{"start":{"line":85,"column":36},"end":{"line":87,"column":null}},"line":85},"11":{"name":"(anonymous_11)","decl":{"start":{"line":86,"column":4},"end":{"line":86,"column":16}},"loc":{"start":{"line":86,"column":24},"end":{"line":86,"column":72}},"line":86},"12":{"name":"(anonymous_12)","decl":{"start":{"line":89,"column":22},"end":{"line":89,"column":29}},"loc":{"start":{"line":89,"column":83},"end":{"line":238,"column":null}},"line":89},"13":{"name":"(anonymous_13)","decl":{"start":{"line":94,"column":4},"end":{"line":94,"column":16}},"loc":{"start":{"line":94,"column":24},"end":{"line":94,"column":100}},"line":94},"14":{"name":"(anonymous_14)","decl":{"start":{"line":101,"column":9},"end":{"line":101,"column":16}},"loc":{"start":{"line":101,"column":21},"end":{"line":101,"column":34}},"line":101},"15":{"name":"(anonymous_15)","decl":{"start":{"line":102,"column":9},"end":{"line":102,"column":20}},"loc":{"start":{"line":102,"column":20},"end":{"line":102,"column":39}},"line":102},"16":{"name":"(anonymous_16)","decl":{"start":{"line":117,"column":9},"end":{"line":117,"column":16}},"loc":{"start":{"line":117,"column":21},"end":{"line":117,"column":38}},"line":117},"17":{"name":"(anonymous_17)","decl":{"start":{"line":118,"column":9},"end":{"line":118,"column":13}},"loc":{"start":{"line":118,"column":18},"end":{"line":130,"column":9}},"line":118},"18":{"name":"(anonymous_18)","decl":{"start":{"line":208,"column":11},"end":{"line":208,"column":22}},"loc":{"start":{"line":208,"column":22},"end":{"line":210,"column":9}},"line":208},"19":{"name":"(anonymous_19)","decl":{"start":{"line":210,"column":11},"end":{"line":210,"column":17}},"loc":{"start":{"line":210,"column":22},"end":{"line":212,"column":9}},"line":210},"20":{"name":"(anonymous_20)","decl":{"start":{"line":215,"column":58},"end":{"line":215,"column":74}},"loc":{"start":{"line":215,"column":74},"end":{"line":221,"column":9}},"line":215},"21":{"name":"(anonymous_21)","decl":{"start":{"line":220,"column":30},"end":{"line":220,"column":36}},"loc":{"start":{"line":220,"column":41},"end":{"line":220,"column":84}},"line":220},"22":{"name":"(anonymous_22)","decl":{"start":{"line":240,"column":8},"end":{"line":240,"column":28}},"loc":{"start":{"line":240,"column":49},"end":{"line":248,"column":null}},"line":240},"23":{"name":"(anonymous_23)","decl":{"start":{"line":243,"column":11},"end":{"line":243,"column":21}},"loc":{"start":{"line":243,"column":27},"end":{"line":246,"column":null}},"line":243},"24":{"name":"(anonymous_24)","decl":{"start":{"line":250,"column":30},"end":{"line":250,"column":42}},"loc":{"start":{"line":250,"column":42},"end":{"line":281,"column":null}},"line":250},"25":{"name":"(anonymous_25)","decl":{"start":{"line":258,"column":16},"end":{"line":258,"column":24}},"loc":{"start":{"line":258,"column":29},"end":{"line":258,"column":47}},"line":258},"26":{"name":"(anonymous_26)","decl":{"start":{"line":274,"column":25},"end":{"line":274,"column":33}},"loc":{"start":{"line":274,"column":38},"end":{"line":274,"column":46}},"line":274},"27":{"name":"(anonymous_27)","decl":{"start":{"line":296,"column":51},"end":{"line":296,"column":66}},"loc":{"start":{"line":296,"column":66},"end":{"line":296,"column":85}},"line":296},"28":{"name":"(anonymous_28)","decl":{"start":{"line":343,"column":18},"end":{"line":343,"column":22}},"loc":{"start":{"line":344,"column":10},"end":{"line":344,"column":null}},"line":344},"29":{"name":"(anonymous_29)","decl":{"start":{"line":365,"column":17},"end":{"line":365,"column":21}},"loc":{"start":{"line":366,"column":12},"end":{"line":373,"column":null}},"line":366},"30":{"name":"(anonymous_30)","decl":{"start":{"line":368,"column":14},"end":{"line":368,"column":29}},"loc":{"start":{"line":368,"column":29},"end":{"line":368,"column":null}},"line":368},"31":{"name":"(anonymous_31)","decl":{"start":{"line":383,"column":12},"end":{"line":383,"column":22}},"loc":{"start":{"line":383,"column":27},"end":{"line":383,"column":null}},"line":383},"32":{"name":"(anonymous_32)","decl":{"start":{"line":386,"column":12},"end":{"line":386,"column":23}},"loc":{"start":{"line":386,"column":28},"end":{"line":391,"column":null}},"line":386},"33":{"name":"(anonymous_33)","decl":{"start":{"line":397,"column":44},"end":{"line":397,"column":59}},"loc":{"start":{"line":397,"column":59},"end":{"line":397,"column":82}},"line":397},"34":{"name":"(anonymous_34)","decl":{"start":{"line":407,"column":44},"end":{"line":407,"column":59}},"loc":{"start":{"line":407,"column":59},"end":{"line":407,"column":79}},"line":407},"35":{"name":"(anonymous_35)","decl":{"start":{"line":417,"column":44},"end":{"line":417,"column":59}},"loc":{"start":{"line":417,"column":59},"end":{"line":417,"column":86}},"line":417},"36":{"name":"(anonymous_36)","decl":{"start":{"line":432,"column":14},"end":{"line":432,"column":29}},"loc":{"start":{"line":432,"column":29},"end":{"line":432,"column":null}},"line":432},"37":{"name":"(anonymous_37)","decl":{"start":{"line":444,"column":58},"end":{"line":444,"column":73}},"loc":{"start":{"line":444,"column":73},"end":{"line":444,"column":101}},"line":444},"38":{"name":"(anonymous_38)","decl":{"start":{"line":465,"column":50},"end":{"line":465,"column":65}},"loc":{"start":{"line":465,"column":65},"end":{"line":465,"column":86}},"line":465},"39":{"name":"(anonymous_39)","decl":{"start":{"line":470,"column":91},"end":{"line":470,"column":102}},"loc":{"start":{"line":470,"column":108},"end":{"line":475,"column":18}},"line":470},"40":{"name":"(anonymous_40)","decl":{"start":{"line":489,"column":53},"end":{"line":489,"column":68}},"loc":{"start":{"line":489,"column":68},"end":{"line":489,"column":92}},"line":489},"41":{"name":"(anonymous_41)","decl":{"start":{"line":495,"column":14},"end":{"line":495,"column":27}},"loc":{"start":{"line":495,"column":33},"end":{"line":495,"column":null}},"line":495},"42":{"name":"(anonymous_42)","decl":{"start":{"line":496,"column":14},"end":{"line":496,"column":23}},"loc":{"start":{"line":496,"column":29},"end":{"line":503,"column":null}},"line":496},"43":{"name":"(anonymous_43)","decl":{"start":{"line":505,"column":69},"end":{"line":505,"column":80}},"loc":{"start":{"line":505,"column":86},"end":{"line":510,"column":18}},"line":505}},"branchMap":{"0":{"loc":{"start":{"line":17,"column":2},"end":{"line":17,"column":null}},"type":"if","locations":[{"start":{"line":17,"column":2},"end":{"line":17,"column":null}},{"start":{},"end":{}}],"line":17},"1":{"loc":{"start":{"line":19,"column":2},"end":{"line":19,"column":null}},"type":"if","locations":[{"start":{"line":19,"column":2},"end":{"line":19,"column":null}},{"start":{},"end":{}}],"line":19},"2":{"loc":{"start":{"line":55,"column":4},"end":{"line":55,"column":null}},"type":"if","locations":[{"start":{"line":55,"column":4},"end":{"line":55,"column":null}},{"start":{},"end":{}}],"line":55},"3":{"loc":{"start":{"line":71,"column":8},"end":{"line":71,"column":null}},"type":"if","locations":[{"start":{"line":71,"column":8},"end":{"line":71,"column":null}},{"start":{},"end":{}}],"line":71},"4":{"loc":{"start":{"line":74,"column":8},"end":{"line":77,"column":null}},"type":"if","locations":[{"start":{"line":74,"column":8},"end":{"line":77,"column":null}},{"start":{},"end":{}}],"line":74},"5":{"loc":{"start":{"line":74,"column":12},"end":{"line":74,"column":45}},"type":"binary-expr","locations":[{"start":{"line":74,"column":12},"end":{"line":74,"column":25}},{"start":{"line":74,"column":25},"end":{"line":74,"column":45}}],"line":74},"6":{"loc":{"start":{"line":76,"column":18},"end":{"line":76,"column":null}},"type":"binary-expr","locations":[{"start":{"line":76,"column":18},"end":{"line":76,"column":33}},{"start":{"line":76,"column":33},"end":{"line":76,"column":null}}],"line":76},"7":{"loc":{"start":{"line":89,"column":35},"end":{"line":89,"column":55}},"type":"default-arg","locations":[{"start":{"line":89,"column":49},"end":{"line":89,"column":55}}],"line":89},"8":{"loc":{"start":{"line":89,"column":55},"end":{"line":89,"column":83}},"type":"default-arg","locations":[{"start":{"line":89,"column":66},"end":{"line":89,"column":83}}],"line":89},"9":{"loc":{"start":{"line":91,"column":4},"end":{"line":91,"column":null}},"type":"if","locations":[{"start":{"line":91,"column":4},"end":{"line":91,"column":null}},{"start":{},"end":{}}],"line":91},"10":{"loc":{"start":{"line":91,"column":9},"end":{"line":91,"column":48}},"type":"binary-expr","locations":[{"start":{"line":91,"column":9},"end":{"line":91,"column":21}},{"start":{"line":91,"column":21},"end":{"line":91,"column":38}},{"start":{"line":91,"column":38},"end":{"line":91,"column":48}}],"line":91},"11":{"loc":{"start":{"line":99,"column":4},"end":{"line":105,"column":null}},"type":"if","locations":[{"start":{"line":99,"column":4},"end":{"line":105,"column":null}},{"start":{},"end":{}}],"line":99},"12":{"loc":{"start":{"line":109,"column":6},"end":{"line":111,"column":null}},"type":"if","locations":[{"start":{"line":109,"column":6},"end":{"line":111,"column":null}},{"start":{},"end":{}}],"line":109},"13":{"loc":{"start":{"line":117,"column":21},"end":{"line":117,"column":38}},"type":"binary-expr","locations":[{"start":{"line":117,"column":21},"end":{"line":117,"column":31}},{"start":{"line":117,"column":31},"end":{"line":117,"column":38}}],"line":117},"14":{"loc":{"start":{"line":120,"column":10},"end":{"line":120,"column":null}},"type":"if","locations":[{"start":{"line":120,"column":10},"end":{"line":120,"column":null}},{"start":{},"end":{}}],"line":120},"15":{"loc":{"start":{"line":121,"column":10},"end":{"line":128,"column":null}},"type":"if","locations":[{"start":{"line":121,"column":10},"end":{"line":128,"column":null}},{"start":{},"end":{}}],"line":121},"16":{"loc":{"start":{"line":123,"column":34},"end":{"line":123,"column":null}},"type":"cond-expr","locations":[{"start":{"line":123,"column":42},"end":{"line":123,"column":53}},{"start":{"line":123,"column":53},"end":{"line":123,"column":null}}],"line":123},"17":{"loc":{"start":{"line":129,"column":17},"end":{"line":129,"column":null}},"type":"cond-expr","locations":[{"start":{"line":129,"column":37},"end":{"line":129,"column":69}},{"start":{"line":129,"column":69},"end":{"line":129,"column":null}}],"line":129},"18":{"loc":{"start":{"line":134,"column":6},"end":{"line":134,"column":null}},"type":"if","locations":[{"start":{"line":134,"column":6},"end":{"line":134,"column":null}},{"start":{},"end":{}}],"line":134},"19":{"loc":{"start":{"line":135,"column":6},"end":{"line":140,"column":null}},"type":"if","locations":[{"start":{"line":135,"column":6},"end":{"line":140,"column":null}},{"start":{},"end":{}}],"line":135},"20":{"loc":{"start":{"line":141,"column":6},"end":{"line":143,"column":null}},"type":"if","locations":[{"start":{"line":141,"column":6},"end":{"line":143,"column":null}},{"start":{},"end":{}}],"line":141},"21":{"loc":{"start":{"line":168,"column":6},"end":{"line":170,"column":null}},"type":"if","locations":[{"start":{"line":168,"column":6},"end":{"line":170,"column":null}},{"start":{},"end":{}}],"line":168},"22":{"loc":{"start":{"line":178,"column":22},"end":{"line":178,"column":null}},"type":"binary-expr","locations":[{"start":{"line":178,"column":22},"end":{"line":178,"column":44}},{"start":{"line":178,"column":44},"end":{"line":178,"column":null}}],"line":178},"23":{"loc":{"start":{"line":183,"column":22},"end":{"line":185,"column":null}},"type":"cond-expr","locations":[{"start":{"line":184,"column":10},"end":{"line":184,"column":null}},{"start":{"line":185,"column":10},"end":{"line":185,"column":null}}],"line":183},"24":{"loc":{"start":{"line":183,"column":22},"end":{"line":183,"column":null}},"type":"binary-expr","locations":[{"start":{"line":183,"column":22},"end":{"line":183,"column":43}},{"start":{"line":183,"column":43},"end":{"line":183,"column":null}}],"line":183},"25":{"loc":{"start":{"line":199,"column":6},"end":{"line":222,"column":null}},"type":"if","locations":[{"start":{"line":199,"column":6},"end":{"line":222,"column":null}},{"start":{},"end":{}}],"line":199},"26":{"loc":{"start":{"line":199,"column":10},"end":{"line":199,"column":70}},"type":"binary-expr","locations":[{"start":{"line":199,"column":10},"end":{"line":199,"column":31}},{"start":{"line":199,"column":31},"end":{"line":199,"column":52}},{"start":{"line":199,"column":52},"end":{"line":199,"column":70}}],"line":199},"27":{"loc":{"start":{"line":203,"column":24},"end":{"line":203,"column":null}},"type":"binary-expr","locations":[{"start":{"line":203,"column":24},"end":{"line":203,"column":47}},{"start":{"line":203,"column":47},"end":{"line":203,"column":null}}],"line":203},"28":{"loc":{"start":{"line":205,"column":16},"end":{"line":205,"column":null}},"type":"binary-expr","locations":[{"start":{"line":205,"column":16},"end":{"line":205,"column":31}},{"start":{"line":205,"column":31},"end":{"line":205,"column":null}}],"line":205},"29":{"loc":{"start":{"line":219,"column":25},"end":{"line":219,"column":null}},"type":"binary-expr","locations":[{"start":{"line":219,"column":25},"end":{"line":219,"column":57}},{"start":{"line":219,"column":57},"end":{"line":219,"column":98}},{"start":{"line":219,"column":98},"end":{"line":219,"column":null}}],"line":219},"30":{"loc":{"start":{"line":224,"column":22},"end":{"line":224,"column":72}},"type":"binary-expr","locations":[{"start":{"line":224,"column":22},"end":{"line":224,"column":38}},{"start":{"line":224,"column":38},"end":{"line":224,"column":72}}],"line":224},"31":{"loc":{"start":{"line":229,"column":29},"end":{"line":229,"column":null}},"type":"binary-expr","locations":[{"start":{"line":229,"column":29},"end":{"line":229,"column":59}},{"start":{"line":229,"column":59},"end":{"line":229,"column":null}}],"line":229},"32":{"loc":{"start":{"line":230,"column":25},"end":{"line":232,"column":null}},"type":"cond-expr","locations":[{"start":{"line":231,"column":10},"end":{"line":231,"column":null}},{"start":{"line":232,"column":10},"end":{"line":232,"column":null}}],"line":230},"33":{"loc":{"start":{"line":241,"column":4},"end":{"line":241,"column":null}},"type":"if","locations":[{"start":{"line":241,"column":4},"end":{"line":241,"column":null}},{"start":{},"end":{}}],"line":241},"34":{"loc":{"start":{"line":264,"column":6},"end":{"line":267,"column":null}},"type":"if","locations":[{"start":{"line":264,"column":6},"end":{"line":267,"column":null}},{"start":{},"end":{}}],"line":264},"35":{"loc":{"start":{"line":290,"column":7},"end":{"line":297,"column":null}},"type":"binary-expr","locations":[{"start":{"line":290,"column":7},"end":{"line":290,"column":null}},{"start":{"line":291,"column":8},"end":{"line":297,"column":null}}],"line":290},"36":{"loc":{"start":{"line":305,"column":136},"end":{"line":305,"column":null}},"type":"cond-expr","locations":[{"start":{"line":305,"column":147},"end":{"line":305,"column":160}},{"start":{"line":305,"column":160},"end":{"line":305,"column":null}}],"line":305},"37":{"loc":{"start":{"line":311,"column":94},"end":{"line":311,"column":142}},"type":"cond-expr","locations":[{"start":{"line":311,"column":105},"end":{"line":311,"column":121}},{"start":{"line":311,"column":121},"end":{"line":311,"column":142}}],"line":311},"38":{"loc":{"start":{"line":321,"column":9},"end":{"line":340,"column":null}},"type":"binary-expr","locations":[{"start":{"line":321,"column":9},"end":{"line":321,"column":null}},{"start":{"line":322,"column":10},"end":{"line":340,"column":null}}],"line":321},"39":{"loc":{"start":{"line":347,"column":9},"end":{"line":357,"column":null}},"type":"binary-expr","locations":[{"start":{"line":347,"column":9},"end":{"line":347,"column":null}},{"start":{"line":348,"column":11},"end":{"line":357,"column":null}}],"line":347},"40":{"loc":{"start":{"line":387,"column":14},"end":{"line":390,"column":null}},"type":"if","locations":[{"start":{"line":387,"column":14},"end":{"line":390,"column":null}},{"start":{},"end":{}}],"line":387},"41":{"loc":{"start":{"line":387,"column":18},"end":{"line":387,"column":52}},"type":"binary-expr","locations":[{"start":{"line":387,"column":18},"end":{"line":387,"column":39}},{"start":{"line":387,"column":39},"end":{"line":387,"column":52}}],"line":387},"42":{"loc":{"start":{"line":429,"column":24},"end":{"line":429,"column":null}},"type":"binary-expr","locations":[{"start":{"line":429,"column":24},"end":{"line":429,"column":36}},{"start":{"line":429,"column":36},"end":{"line":429,"column":null}}],"line":429},"43":{"loc":{"start":{"line":441,"column":7},"end":{"line":458,"column":null}},"type":"binary-expr","locations":[{"start":{"line":441,"column":7},"end":{"line":441,"column":null}},{"start":{"line":442,"column":8},"end":{"line":458,"column":null}}],"line":441},"44":{"loc":{"start":{"line":462,"column":7},"end":{"line":482,"column":null}},"type":"binary-expr","locations":[{"start":{"line":462,"column":7},"end":{"line":462,"column":null}},{"start":{"line":463,"column":8},"end":{"line":482,"column":null}}],"line":462},"45":{"loc":{"start":{"line":471,"column":16},"end":{"line":474,"column":null}},"type":"if","locations":[{"start":{"line":471,"column":16},"end":{"line":474,"column":null}},{"start":{},"end":{}}],"line":471},"46":{"loc":{"start":{"line":486,"column":7},"end":{"line":517,"column":null}},"type":"binary-expr","locations":[{"start":{"line":486,"column":7},"end":{"line":486,"column":null}},{"start":{"line":487,"column":8},"end":{"line":517,"column":null}}],"line":486},"47":{"loc":{"start":{"line":499,"column":16},"end":{"line":502,"column":null}},"type":"if","locations":[{"start":{"line":499,"column":16},"end":{"line":502,"column":null}},{"start":{},"end":{}}],"line":499},"48":{"loc":{"start":{"line":506,"column":16},"end":{"line":509,"column":null}},"type":"if","locations":[{"start":{"line":506,"column":16},"end":{"line":509,"column":null}},{"start":{},"end":{}}],"line":506}},"s":{"0":1,"1":1,"2":1,"3":1,"4":1,"5":1,"6":1,"7":0,"8":0,"9":0,"10":0,"11":0,"12":0,"13":0,"14":0,"15":0,"16":0,"17":24,"18":24,"19":24,"20":24,"21":24,"22":24,"23":24,"24":24,"25":24,"26":24,"27":24,"28":24,"29":24,"30":24,"31":11,"32":11,"33":24,"34":11,"35":11,"36":11,"37":11,"38":11,"39":11,"40":11,"41":11,"42":11,"43":11,"44":11,"45":11,"46":0,"47":0,"48":0,"49":0,"50":0,"51":0,"52":0,"53":0,"54":11,"55":24,"56":0,"57":0,"58":24,"59":0,"60":0,"61":0,"62":0,"63":0,"64":0,"65":0,"66":0,"67":0,"68":0,"69":0,"70":0,"71":0,"72":0,"73":0,"74":0,"75":0,"76":0,"77":0,"78":0,"79":0,"80":0,"81":0,"82":0,"83":0,"84":0,"85":0,"86":0,"87":0,"88":0,"89":0,"90":0,"91":0,"92":0,"93":0,"94":0,"95":0,"96":0,"97":0,"98":0,"99":0,"100":0,"101":0,"102":0,"103":0,"104":0,"105":0,"106":0,"107":0,"108":0,"109":0,"110":0,"111":0,"112":0,"113":0,"114":0,"115":0,"116":0,"117":0,"118":0,"119":0,"120":0,"121":0,"122":0,"123":0,"124":0,"125":0,"126":24,"127":0,"128":0,"129":0,"130":0,"131":0,"132":24,"133":0,"134":0,"135":0,"136":0,"137":0,"138":0,"139":0,"140":0,"141":0,"142":0,"143":0,"144":0,"145":0,"146":0,"147":0,"148":0,"149":0,"150":0,"151":0,"152":0,"153":0,"154":0,"155":24,"156":24,"157":24,"158":24,"159":24,"160":24,"161":24,"162":24,"163":24,"164":24,"165":24,"166":0,"167":0,"168":0,"169":0,"170":0,"171":0,"172":0,"173":0,"174":0,"175":0,"176":0,"177":0,"178":0,"179":0,"180":0,"181":0},"f":{"0":1,"1":0,"2":0,"3":0,"4":24,"5":24,"6":11,"7":11,"8":11,"9":0,"10":0,"11":0,"12":11,"13":0,"14":0,"15":0,"16":0,"17":0,"18":0,"19":0,"20":0,"21":0,"22":0,"23":0,"24":0,"25":0,"26":0,"27":0,"28":24,"29":24,"30":24,"31":24,"32":24,"33":24,"34":24,"35":24,"36":24,"37":0,"38":0,"39":0,"40":0,"41":0,"42":0,"43":0},"b":{"0":[1,0],"1":[0,0],"2":[24,-13],"3":[11,0],"4":[0,11],"5":[11,11],"6":[0,0],"7":[11],"8":[11],"9":[0,0],"10":[0,0,0],"11":[0,0],"12":[0,0],"13":[0,0],"14":[0,0],"15":[0,0],"16":[0,0],"17":[0,0],"18":[0,0],"19":[0,0],"20":[0,0],"21":[0,0],"22":[0,0],"23":[0,0],"24":[0,0],"25":[0,0],"26":[0,0,0],"27":[0,0],"28":[0,0],"29":[0,0,0],"30":[0,0],"31":[0,0],"32":[0,0],"33":[0,0],"34":[0,0],"35":[24,24],"36":[24,24],"37":[24,24],"38":[24,24],"39":[24,24],"40":[24,0],"41":[24,24],"42":[24,24],"43":[24,24],"44":[0,0],"45":[0,0],"46":[0,0],"47":[0,0],"48":[0,0]},"meta":{"lastBranch":49,"lastFunction":44,"lastStatement":182,"seen":{"s:11:18:11:Infinity":0,"s:14:15:14:Infinity":1,"s:15:6:23:Infinity":2,"f:15:6:15:25":0,"s:16:18:16:Infinity":3,"b:17:2:17:Infinity:undefined:undefined:undefined:undefined":0,"s:17:2:17:Infinity":4,"s:17:16:17:Infinity":5,"s:18:15:18:Infinity":6,"f:18:34:18:38":1,"s:18:43:18:51":7,"b:19:2:19:Infinity:undefined:undefined:undefined:undefined":1,"s:19:2:19:Infinity":8,"s:19:25:19:Infinity":9,"s:20:14:20:Infinity":10,"s:21:2:21:Infinity":11,"s:22:2:22:Infinity":12,"s:26:12:26:Infinity":13,"s:27:6:27:Infinity":14,"f:27:6:27:21":2,"s:27:21:27:Infinity":15,"f:29:24:29:39":3,"s:30:19:32:Infinity":16,"s:33:16:33:Infinity":17,"s:34:16:34:Infinity":18,"s:35:20:35:Infinity":19,"s:36:23:36:Infinity":20,"s:37:27:37:Infinity":21,"s:38:19:38:Infinity":22,"s:39:19:39:Infinity":23,"s:40:21:40:Infinity":24,"s:42:8:42:Infinity":25,"s:43:8:43:Infinity":26,"s:45:8:47:Infinity":27,"f:45:8:45:31":4,"s:46:4:46:Infinity":28,"s:49:2:51:Infinity":29,"f:49:2:49:18":5,"s:50:4:50:Infinity":30,"s:54:2:83:Infinity":31,"f:54:2:54:18":6,"b:55:4:55:Infinity:undefined:undefined:undefined:undefined":2,"s:55:4:55:Infinity":32,"s:55:27:55:Infinity":33,"s:56:10:60:Infinity":34,"s:61:10:81:Infinity":35,"f:61:35:61:39":7,"s:62:20:62:Infinity":36,"s:63:6:63:Infinity":37,"s:65:18:65:Infinity":38,"s:66:16:66:Infinity":39,"s:68:6:78:Infinity":40,"f:68:20:68:28":8,"s:69:21:69:Infinity":41,"b:71:8:71:Infinity:undefined:undefined:undefined:undefined":3,"s:71:8:71:Infinity":42,"s:71:47:71:Infinity":43,"s:73:26:73:Infinity":44,"b:74:8:77:Infinity:undefined:undefined:undefined:undefined":4,"s:74:8:77:Infinity":45,"b:74:12:74:25:74:25:74:45":5,"s:75:10:75:Infinity":46,"s:76:10:76:Infinity":47,"b:76:18:76:33:76:33:76:Infinity":6,"s:80:6:80:Infinity":48,"s:82:4:82:Infinity":49,"f:82:4:82:17":9,"s:82:17:82:Infinity":50,"s:85:8:87:Infinity":51,"f:85:8:85:27":10,"s:86:4:86:Infinity":52,"f:86:4:86:16":11,"s:86:24:86:72":53,"s:89:22:238:Infinity":54,"f:89:22:89:29":12,"b:89:49:89:55":7,"b:89:66:89:83":8,"s:90:20:90:Infinity":55,"b:91:4:91:Infinity:undefined:undefined:undefined:undefined":9,"s:91:4:91:Infinity":56,"b:91:9:91:21:91:21:91:38:91:38:91:48":10,"s:91:48:91:Infinity":57,"s:94:4:94:Infinity":58,"f:94:4:94:16":13,"s:94:24:94:100":59,"s:95:4:95:Infinity":60,"s:96:4:96:Infinity":61,"b:99:4:105:Infinity:undefined:undefined:undefined:undefined":11,"s:99:4:105:Infinity":62,"s:100:23:103:Infinity":63,"f:101:9:101:16":14,"s:101:21:101:34":64,"f:102:9:102:20":15,"s:102:20:102:39":65,"s:104:6:104:Infinity":66,"s:107:4:237:Infinity":67,"s:108:21:108:Infinity":68,"b:109:6:111:Infinity:undefined:undefined:undefined:undefined":12,"s:109:6:111:Infinity":69,"s:110:8:110:Infinity":70,"s:113:6:113:Infinity":71,"s:116:32:130:Infinity":72,"f:117:9:117:16":16,"s:117:21:117:38":73,"b:117:21:117:31:117:31:117:38":13,"f:118:9:118:13":17,"s:119:26:119:Infinity":74,"b:120:10:120:Infinity:undefined:undefined:undefined:undefined":14,"s:120:10:120:Infinity":75,"s:120:22:120:Infinity":76,"b:121:10:128:Infinity:undefined:undefined:undefined:undefined":15,"s:121:10:128:Infinity":77,"s:122:26:122:Infinity":78,"s:123:34:123:Infinity":79,"b:123:42:123:53:123:53:123:Infinity":16,"s:124:12:127:Infinity":80,"s:129:10:129:Infinity":81,"b:129:37:129:69:129:69:129:Infinity":17,"s:133:33:133:Infinity":82,"b:134:6:134:Infinity:undefined:undefined:undefined:undefined":18,"s:134:6:134:Infinity":83,"s:134:19:134:Infinity":84,"b:135:6:140:Infinity:undefined:undefined:undefined:undefined":19,"s:135:6:140:Infinity":85,"s:136:8:139:Infinity":86,"b:141:6:143:Infinity:undefined:undefined:undefined:undefined":20,"s:141:6:143:Infinity":87,"s:142:8:142:Infinity":88,"s:145:27:145:Infinity":89,"b:168:6:170:Infinity:undefined:undefined:undefined:undefined":21,"s:168:6:170:Infinity":90,"s:169:8:169:Infinity":91,"s:171:26:171:Infinity":92,"s:174:26:174:Infinity":93,"s:177:25:177:Infinity":94,"s:178:22:178:Infinity":95,"b:178:22:178:44:178:44:178:Infinity":22,"s:181:25:181:Infinity":96,"s:182:24:182:Infinity":97,"s:183:22:185:Infinity":98,"b:184:10:184:Infinity:185:10:185:Infinity":23,"b:183:22:183:43:183:43:183:Infinity":24,"s:188:6:196:Infinity":99,"s:189:8:189:Infinity":100,"s:192:26:192:Infinity":101,"s:193:8:193:Infinity":102,"s:194:8:194:Infinity":103,"s:195:8:195:Infinity":104,"b:199:6:222:Infinity:undefined:undefined:undefined:undefined":25,"s:199:6:222:Infinity":105,"b:199:10:199:31:199:31:199:52:199:52:199:70":26,"s:201:8:212:Infinity":106,"b:203:24:203:47:203:47:203:Infinity":27,"b:205:16:205:31:205:31:205:Infinity":28,"f:208:11:208:22":18,"s:209:10:209:Infinity":107,"f:210:11:210:17":19,"s:211:10:211:Infinity":108,"s:215:8:221:Infinity":109,"f:215:58:215:74":20,"s:216:10:220:Infinity":110,"b:219:25:219:57:219:57:219:98:219:98:219:Infinity":29,"f:220:30:220:36":21,"s:220:41:220:84":111,"s:224:6:224:Infinity":112,"b:224:22:224:38:224:38:224:72":30,"s:227:6:227:Infinity":113,"s:229:29:229:Infinity":114,"b:229:29:229:59:229:59:229:Infinity":31,"s:230:25:232:Infinity":115,"b:231:10:231:Infinity:232:10:232:Infinity":32,"s:233:6:233:Infinity":116,"s:234:6:234:Infinity":117,"s:236:6:236:Infinity":118,"s:240:8:248:Infinity":119,"f:240:8:240:28":22,"b:241:4:241:Infinity:undefined:undefined:undefined:undefined":33,"s:241:4:241:Infinity":120,"s:241:15:241:Infinity":121,"s:242:19:242:Infinity":122,"s:243:4:246:Infinity":123,"f:243:11:243:21":23,"s:244:21:244:Infinity":124,"s:245:6:245:Infinity":125,"s:247:4:247:Infinity":126,"s:250:30:281:Infinity":127,"f:250:30:250:42":24,"s:251:4:280:Infinity":128,"s:252:21:252:Infinity":129,"s:253:20:253:Infinity":130,"s:254:6:254:Infinity":131,"s:255:6:255:Infinity":132,"s:258:6:258:Infinity":133,"f:258:16:258:24":25,"s:258:29:258:47":134,"s:260:21:260:Infinity":135,"s:261:24:261:Infinity":136,"s:262:18:262:Infinity":137,"s:263:19:263:Infinity":138,"b:264:6:267:Infinity:undefined:undefined:undefined:undefined":34,"s:264:6:267:Infinity":139,"s:265:8:265:Infinity":140,"s:266:8:266:Infinity":141,"s:268:6:268:Infinity":142,"s:269:6:269:Infinity":143,"s:270:18:270:Infinity":144,"s:271:6:271:Infinity":145,"s:272:21:272:Infinity":146,"s:274:6:274:Infinity":147,"f:274:25:274:33":26,"s:274:38:274:46":148,"s:275:6:275:Infinity":149,"s:276:6:276:Infinity":150,"s:278:6:278:Infinity":151,"s:279:6:279:Infinity":152,"s:284:2:519:Infinity":153,"b:290:7:290:Infinity:291:8:297:Infinity":35,"f:296:51:296:66":27,"s:296:66:296:85":154,"b:305:147:305:160:305:160:305:Infinity":36,"b:311:105:311:121:311:121:311:142":37,"b:321:9:321:Infinity:322:10:340:Infinity":38,"f:343:18:343:22":28,"s:344:10:344:Infinity":155,"b:347:9:347:Infinity:348:11:357:Infinity":39,"f:365:17:365:21":29,"s:366:12:373:Infinity":156,"f:368:14:368:29":30,"s:368:29:368:Infinity":157,"f:383:12:383:22":31,"s:383:27:383:Infinity":158,"f:386:12:386:23":32,"b:387:14:390:Infinity:undefined:undefined:undefined:undefined":40,"s:387:14:390:Infinity":159,"b:387:18:387:39:387:39:387:52":41,"s:388:16:388:Infinity":160,"s:389:16:389:Infinity":161,"f:397:44:397:59":33,"s:397:59:397:82":162,"f:407:44:407:59":34,"s:407:59:407:79":163,"f:417:44:417:59":35,"s:417:59:417:86":164,"b:429:24:429:36:429:36:429:Infinity":42,"f:432:14:432:29":36,"s:432:29:432:Infinity":165,"b:441:7:441:Infinity:442:8:458:Infinity":43,"f:444:58:444:73":37,"s:444:73:444:101":166,"b:462:7:462:Infinity:463:8:482:Infinity":44,"f:465:50:465:65":38,"s:465:65:465:86":167,"f:470:91:470:102":39,"b:471:16:474:Infinity:undefined:undefined:undefined:undefined":45,"s:471:16:474:Infinity":168,"s:472:18:472:Infinity":169,"s:473:18:473:Infinity":170,"b:486:7:486:Infinity:487:8:517:Infinity":46,"f:489:53:489:68":40,"s:489:68:489:92":171,"f:495:14:495:27":41,"s:495:35:495:55":172,"s:495:55:495:76":173,"f:496:14:496:23":42,"s:497:16:497:Infinity":174,"s:498:16:498:Infinity":175,"b:499:16:502:Infinity:undefined:undefined:undefined:undefined":47,"s:499:16:502:Infinity":176,"s:500:18:500:Infinity":177,"s:501:18:501:Infinity":178,"f:505:69:505:80":43,"b:506:16:509:Infinity:undefined:undefined:undefined:undefined":48,"s:506:16:509:Infinity":179,"s:507:18:507:Infinity":180,"s:508:18:508:Infinity":181},"fnNames":{}}}
,"/home/vp/Desktop/carbon_footprint/src/components/AuthModal.jsx": {"path":"/home/vp/Desktop/carbon_footprint/src/components/AuthModal.jsx","statementMap":{"0":{"start":{"line":6,"column":18},"end":{"line":6,"column":null}},"1":{"start":{"line":7,"column":16},"end":{"line":7,"column":null}},"2":{"start":{"line":8,"column":19},"end":{"line":8,"column":null}},"3":{"start":{"line":9,"column":16},"end":{"line":9,"column":null}},"4":{"start":{"line":10,"column":18},"end":{"line":10,"column":null}},"5":{"start":{"line":12,"column":29},"end":{"line":25,"column":null}},"6":{"start":{"line":13,"column":4},"end":{"line":24,"column":null}},"7":{"start":{"line":14,"column":6},"end":{"line":14,"column":null}},"8":{"start":{"line":15,"column":6},"end":{"line":15,"column":null}},"9":{"start":{"line":16,"column":23},"end":{"line":16,"column":null}},"10":{"start":{"line":17,"column":21},"end":{"line":17,"column":null}},"11":{"start":{"line":18,"column":6},"end":{"line":18,"column":null}},"12":{"start":{"line":18,"column":25},"end":{"line":18,"column":null}},"13":{"start":{"line":20,"column":6},"end":{"line":20,"column":null}},"14":{"start":{"line":21,"column":6},"end":{"line":21,"column":null}},"15":{"start":{"line":23,"column":6},"end":{"line":23,"column":null}},"16":{"start":{"line":27,"column":26},"end":{"line":45,"column":null}},"17":{"start":{"line":28,"column":4},"end":{"line":28,"column":null}},"18":{"start":{"line":29,"column":4},"end":{"line":44,"column":null}},"19":{"start":{"line":30,"column":6},"end":{"line":30,"column":null}},"20":{"start":{"line":31,"column":6},"end":{"line":31,"column":null}},"21":{"start":{"line":33,"column":6},"end":{"line":37,"column":null}},"22":{"start":{"line":34,"column":8},"end":{"line":34,"column":null}},"23":{"start":{"line":36,"column":8},"end":{"line":36,"column":null}},"24":{"start":{"line":38,"column":6},"end":{"line":38,"column":null}},"25":{"start":{"line":38,"column":25},"end":{"line":38,"column":null}},"26":{"start":{"line":40,"column":6},"end":{"line":40,"column":null}},"27":{"start":{"line":41,"column":6},"end":{"line":41,"column":null}},"28":{"start":{"line":43,"column":6},"end":{"line":43,"column":null}},"29":{"start":{"line":47,"column":2},"end":{"line":136,"column":null}},"30":{"start":{"line":92,"column":31},"end":{"line":92,"column":null}},"31":{"start":{"line":106,"column":31},"end":{"line":106,"column":null}},"32":{"start":{"line":128,"column":27},"end":{"line":128,"column":null}}},"fnMap":{"0":{"name":"AuthModal","decl":{"start":{"line":5,"column":24},"end":{"line":5,"column":34}},"loc":{"start":{"line":5,"column":53},"end":{"line":138,"column":null}},"line":5},"1":{"name":"(anonymous_1)","decl":{"start":{"line":12,"column":29},"end":{"line":12,"column":41}},"loc":{"start":{"line":12,"column":41},"end":{"line":25,"column":null}},"line":12},"2":{"name":"(anonymous_2)","decl":{"start":{"line":27,"column":26},"end":{"line":27,"column":33}},"loc":{"start":{"line":27,"column":39},"end":{"line":45,"column":null}},"line":27},"3":{"name":"(anonymous_3)","decl":{"start":{"line":92,"column":14},"end":{"line":92,"column":25}},"loc":{"start":{"line":92,"column":31},"end":{"line":92,"column":null}},"line":92},"4":{"name":"(anonymous_4)","decl":{"start":{"line":106,"column":14},"end":{"line":106,"column":25}},"loc":{"start":{"line":106,"column":31},"end":{"line":106,"column":null}},"line":106},"5":{"name":"(anonymous_5)","decl":{"start":{"line":128,"column":12},"end":{"line":128,"column":27}},"loc":{"start":{"line":128,"column":27},"end":{"line":128,"column":null}},"line":128}},"branchMap":{"0":{"loc":{"start":{"line":18,"column":6},"end":{"line":18,"column":null}},"type":"if","locations":[{"start":{"line":18,"column":6},"end":{"line":18,"column":null}},{"start":{},"end":{}}],"line":18},"1":{"loc":{"start":{"line":33,"column":6},"end":{"line":37,"column":null}},"type":"if","locations":[{"start":{"line":33,"column":6},"end":{"line":37,"column":null}},{"start":{"line":35,"column":13},"end":{"line":37,"column":null}}],"line":33},"2":{"loc":{"start":{"line":38,"column":6},"end":{"line":38,"column":null}},"type":"if","locations":[{"start":{"line":38,"column":6},"end":{"line":38,"column":null}},{"start":{},"end":{}}],"line":38},"3":{"loc":{"start":{"line":59,"column":9},"end":{"line":67,"column":null}},"type":"binary-expr","locations":[{"start":{"line":59,"column":9},"end":{"line":59,"column":null}},{"start":{"line":60,"column":10},"end":{"line":67,"column":null}}],"line":59},"4":{"loc":{"start":{"line":94,"column":32},"end":{"line":94,"column":null}},"type":"cond-expr","locations":[{"start":{"line":94,"column":40},"end":{"line":94,"column":55}},{"start":{"line":94,"column":55},"end":{"line":94,"column":null}}],"line":94},"5":{"loc":{"start":{"line":107,"column":28},"end":{"line":107,"column":null}},"type":"cond-expr","locations":[{"start":{"line":107,"column":38},"end":{"line":107,"column":59}},{"start":{"line":107,"column":59},"end":{"line":107,"column":null}}],"line":107},"6":{"loc":{"start":{"line":119,"column":13},"end":{"line":119,"column":null}},"type":"cond-expr","locations":[{"start":{"line":119,"column":23},"end":{"line":119,"column":42}},{"start":{"line":119,"column":42},"end":{"line":119,"column":null}}],"line":119},"7":{"loc":{"start":{"line":119,"column":42},"end":{"line":119,"column":null}},"type":"cond-expr","locations":[{"start":{"line":119,"column":52},"end":{"line":119,"column":63}},{"start":{"line":119,"column":63},"end":{"line":119,"column":null}}],"line":119},"8":{"loc":{"start":{"line":124,"column":11},"end":{"line":124,"column":null}},"type":"cond-expr","locations":[{"start":{"line":124,"column":21},"end":{"line":124,"column":49}},{"start":{"line":124,"column":49},"end":{"line":124,"column":null}}],"line":124},"9":{"loc":{"start":{"line":127,"column":24},"end":{"line":127,"column":null}},"type":"cond-expr","locations":[{"start":{"line":127,"column":34},"end":{"line":127,"column":46}},{"start":{"line":127,"column":46},"end":{"line":127,"column":null}}],"line":127},"10":{"loc":{"start":{"line":131,"column":13},"end":{"line":131,"column":null}},"type":"cond-expr","locations":[{"start":{"line":131,"column":23},"end":{"line":131,"column":35}},{"start":{"line":131,"column":35},"end":{"line":131,"column":null}}],"line":131}},"s":{"0":15,"1":15,"2":15,"3":15,"4":15,"5":15,"6":0,"7":0,"8":0,"9":0,"10":0,"11":0,"12":0,"13":0,"14":0,"15":0,"16":15,"17":0,"18":0,"19":0,"20":0,"21":0,"22":0,"23":0,"24":0,"25":0,"26":0,"27":0,"28":0,"29":15,"30":2,"31":2,"32":1},"f":{"0":15,"1":0,"2":0,"3":2,"4":2,"5":1},"b":{"0":[0,0],"1":[0,0],"2":[0,0],"3":[15,0],"4":[0,15],"5":[14,1],"6":[0,15],"7":[14,1],"8":[14,1],"9":[14,1],"10":[14,1]},"meta":{"lastBranch":11,"lastFunction":6,"lastStatement":33,"seen":{"f:5:24:5:34":0,"s:6:18:6:Infinity":0,"s:7:16:7:Infinity":1,"s:8:19:8:Infinity":2,"s:9:16:9:Infinity":3,"s:10:18:10:Infinity":4,"s:12:29:25:Infinity":5,"f:12:29:12:41":1,"s:13:4:24:Infinity":6,"s:14:6:14:Infinity":7,"s:15:6:15:Infinity":8,"s:16:23:16:Infinity":9,"s:17:21:17:Infinity":10,"b:18:6:18:Infinity:undefined:undefined:undefined:undefined":0,"s:18:6:18:Infinity":11,"s:18:25:18:Infinity":12,"s:20:6:20:Infinity":13,"s:21:6:21:Infinity":14,"s:23:6:23:Infinity":15,"s:27:26:45:Infinity":16,"f:27:26:27:33":2,"s:28:4:28:Infinity":17,"s:29:4:44:Infinity":18,"s:30:6:30:Infinity":19,"s:31:6:31:Infinity":20,"b:33:6:37:Infinity:35:13:37:Infinity":1,"s:33:6:37:Infinity":21,"s:34:8:34:Infinity":22,"s:36:8:36:Infinity":23,"b:38:6:38:Infinity:undefined:undefined:undefined:undefined":2,"s:38:6:38:Infinity":24,"s:38:25:38:Infinity":25,"s:40:6:40:Infinity":26,"s:41:6:41:Infinity":27,"s:43:6:43:Infinity":28,"s:47:2:136:Infinity":29,"b:59:9:59:Infinity:60:10:67:Infinity":3,"f:92:14:92:25":3,"s:92:31:92:Infinity":30,"b:94:40:94:55:94:55:94:Infinity":4,"f:106:14:106:25":4,"s:106:31:106:Infinity":31,"b:107:38:107:59:107:59:107:Infinity":5,"b:119:23:119:42:119:42:119:Infinity":6,"b:119:52:119:63:119:63:119:Infinity":7,"b:124:21:124:49:124:49:124:Infinity":8,"b:127:34:127:46:127:46:127:Infinity":9,"f:128:12:128:27":5,"s:128:27:128:Infinity":32,"b:131:23:131:35:131:35:131:Infinity":10},"fnNames":{}}}
,"/home/vp/Desktop/carbon_footprint/src/components/Calculator.jsx": {"path":"/home/vp/Desktop/carbon_footprint/src/components/Calculator.jsx","statementMap":{"0":{"start":{"line":5,"column":25},"end":{"line":51,"column":null}},"1":{"start":{"line":53,"column":19},"end":{"line":61,"column":null}},"2":{"start":{"line":63,"column":22},"end":{"line":68,"column":null}},"3":{"start":{"line":71,"column":23},"end":{"line":71,"column":null}},"4":{"start":{"line":72,"column":22},"end":{"line":72,"column":null}},"5":{"start":{"line":73,"column":17},"end":{"line":73,"column":null}},"6":{"start":{"line":74,"column":15},"end":{"line":74,"column":null}},"7":{"start":{"line":75,"column":16},"end":{"line":75,"column":null}},"8":{"start":{"line":76,"column":8},"end":{"line":80,"column":null}},"9":{"start":{"line":77,"column":14},"end":{"line":77,"column":null}},"10":{"start":{"line":78,"column":4},"end":{"line":78,"column":null}},"11":{"start":{"line":79,"column":4},"end":{"line":79,"column":null}},"12":{"start":{"line":81,"column":15},"end":{"line":81,"column":null}},"13":{"start":{"line":83,"column":18},"end":{"line":83,"column":null}},"14":{"start":{"line":84,"column":19},"end":{"line":84,"column":null}},"15":{"start":{"line":85,"column":22},"end":{"line":85,"column":null}},"16":{"start":{"line":87,"column":18},"end":{"line":87,"column":null}},"17":{"start":{"line":88,"column":22},"end":{"line":88,"column":null}},"18":{"start":{"line":89,"column":25},"end":{"line":89,"column":null}},"19":{"start":{"line":90,"column":22},"end":{"line":90,"column":null}},"20":{"start":{"line":93,"column":2},"end":{"line":150,"column":null}},"21":{"start":{"line":94,"column":4},"end":{"line":94,"column":null}},"22":{"start":{"line":94,"column":27},"end":{"line":94,"column":null}},"23":{"start":{"line":97,"column":25},"end":{"line":97,"column":null}},"24":{"start":{"line":98,"column":4},"end":{"line":98,"column":null}},"25":{"start":{"line":100,"column":10},"end":{"line":105,"column":null}},"26":{"start":{"line":107,"column":10},"end":{"line":147,"column":null}},"27":{"start":{"line":108,"column":25},"end":{"line":108,"column":null}},"28":{"start":{"line":109,"column":31},"end":{"line":109,"column":null}},"29":{"start":{"line":110,"column":30},"end":{"line":119,"column":null}},"30":{"start":{"line":121,"column":6},"end":{"line":140,"column":null}},"31":{"start":{"line":122,"column":21},"end":{"line":122,"column":null}},"32":{"start":{"line":123,"column":25},"end":{"line":123,"column":null}},"33":{"start":{"line":124,"column":8},"end":{"line":124,"column":null}},"34":{"start":{"line":127,"column":8},"end":{"line":139,"column":null}},"35":{"start":{"line":128,"column":26},"end":{"line":128,"column":null}},"36":{"start":{"line":129,"column":10},"end":{"line":138,"column":null}},"37":{"start":{"line":130,"column":12},"end":{"line":130,"column":null}},"38":{"start":{"line":131,"column":12},"end":{"line":137,"column":null}},"39":{"start":{"line":132,"column":14},"end":{"line":136,"column":null}},"40":{"start":{"line":133,"column":16},"end":{"line":133,"column":null}},"41":{"start":{"line":135,"column":16},"end":{"line":135,"column":null}},"42":{"start":{"line":142,"column":6},"end":{"line":142,"column":null}},"43":{"start":{"line":143,"column":6},"end":{"line":143,"column":null}},"44":{"start":{"line":144,"column":6},"end":{"line":144,"column":null}},"45":{"start":{"line":146,"column":6},"end":{"line":146,"column":null}},"46":{"start":{"line":149,"column":4},"end":{"line":149,"column":null}},"47":{"start":{"line":149,"column":17},"end":{"line":149,"column":null}},"48":{"start":{"line":152,"column":8},"end":{"line":159,"column":null}},"49":{"start":{"line":153,"column":16},"end":{"line":153,"column":null}},"50":{"start":{"line":154,"column":4},"end":{"line":154,"column":null}},"51":{"start":{"line":156,"column":21},"end":{"line":156,"column":null}},"52":{"start":{"line":157,"column":4},"end":{"line":157,"column":null}},"53":{"start":{"line":158,"column":4},"end":{"line":158,"column":null}},"54":{"start":{"line":161,"column":8},"end":{"line":165,"column":null}},"55":{"start":{"line":162,"column":16},"end":{"line":162,"column":null}},"56":{"start":{"line":163,"column":4},"end":{"line":163,"column":null}},"57":{"start":{"line":164,"column":4},"end":{"line":164,"column":null}},"58":{"start":{"line":167,"column":8},"end":{"line":173,"column":null}},"59":{"start":{"line":168,"column":4},"end":{"line":168,"column":null}},"60":{"start":{"line":169,"column":4},"end":{"line":169,"column":null}},"61":{"start":{"line":170,"column":4},"end":{"line":170,"column":null}},"62":{"start":{"line":171,"column":4},"end":{"line":171,"column":null}},"63":{"start":{"line":172,"column":4},"end":{"line":172,"column":null}},"64":{"start":{"line":176,"column":8},"end":{"line":190,"column":null}},"65":{"start":{"line":177,"column":4},"end":{"line":177,"column":null}},"66":{"start":{"line":177,"column":67},"end":{"line":177,"column":null}},"67":{"start":{"line":179,"column":23},"end":{"line":179,"column":null}},"68":{"start":{"line":180,"column":4},"end":{"line":180,"column":null}},"69":{"start":{"line":180,"column":21},"end":{"line":180,"column":null}},"70":{"start":{"line":182,"column":21},"end":{"line":182,"column":null}},"71":{"start":{"line":185,"column":4},"end":{"line":187,"column":null}},"72":{"start":{"line":186,"column":6},"end":{"line":186,"column":null}},"73":{"start":{"line":189,"column":4},"end":{"line":189,"column":null}},"74":{"start":{"line":192,"column":8},"end":{"line":204,"column":null}},"75":{"start":{"line":193,"column":4},"end":{"line":196,"column":null}},"76":{"start":{"line":194,"column":23},"end":{"line":194,"column":null}},"77":{"start":{"line":195,"column":6},"end":{"line":195,"column":null}},"78":{"start":{"line":197,"column":30},"end":{"line":197,"column":null}},"79":{"start":{"line":198,"column":10},"end":{"line":198,"column":null}},"80":{"start":{"line":200,"column":4},"end":{"line":202,"column":null}},"81":{"start":{"line":201,"column":6},"end":{"line":201,"column":null}},"82":{"start":{"line":203,"column":4},"end":{"line":203,"column":null}},"83":{"start":{"line":206,"column":23},"end":{"line":271,"column":null}},"84":{"start":{"line":207,"column":4},"end":{"line":207,"column":null}},"85":{"start":{"line":208,"column":4},"end":{"line":211,"column":null}},"86":{"start":{"line":209,"column":6},"end":{"line":209,"column":null}},"87":{"start":{"line":210,"column":6},"end":{"line":210,"column":null}},"88":{"start":{"line":213,"column":4},"end":{"line":270,"column":null}},"89":{"start":{"line":214,"column":6},"end":{"line":214,"column":null}},"90":{"start":{"line":215,"column":6},"end":{"line":215,"column":null}},"91":{"start":{"line":217,"column":28},"end":{"line":217,"column":null}},"92":{"start":{"line":218,"column":6},"end":{"line":218,"column":null}},"93":{"start":{"line":218,"column":31},"end":{"line":218,"column":null}},"94":{"start":{"line":221,"column":24},"end":{"line":221,"column":null}},"95":{"start":{"line":222,"column":27},"end":{"line":222,"column":null}},"96":{"start":{"line":223,"column":20},"end":{"line":223,"column":null}},"97":{"start":{"line":225,"column":6},"end":{"line":229,"column":null}},"98":{"start":{"line":226,"column":8},"end":{"line":226,"column":null}},"99":{"start":{"line":228,"column":8},"end":{"line":228,"column":null}},"100":{"start":{"line":233,"column":12},"end":{"line":244,"column":null}},"101":{"start":{"line":246,"column":29},"end":{"line":248,"column":null}},"102":{"start":{"line":247,"column":8},"end":{"line":247,"column":null}},"103":{"start":{"line":247,"column":25},"end":{"line":247,"column":155}},"104":{"start":{"line":250,"column":6},"end":{"line":250,"column":null}},"105":{"start":{"line":252,"column":6},"end":{"line":255,"column":null}},"106":{"start":{"line":258,"column":6},"end":{"line":263,"column":null}},"107":{"start":{"line":259,"column":8},"end":{"line":262,"column":null}},"108":{"start":{"line":262,"column":39},"end":{"line":262,"column":82}},"109":{"start":{"line":266,"column":6},"end":{"line":266,"column":null}},"110":{"start":{"line":267,"column":6},"end":{"line":267,"column":null}},"111":{"start":{"line":269,"column":6},"end":{"line":269,"column":null}},"112":{"start":{"line":273,"column":23},"end":{"line":280,"column":null}},"113":{"start":{"line":274,"column":4},"end":{"line":274,"column":null}},"114":{"start":{"line":274,"column":27},"end":{"line":274,"column":null}},"115":{"start":{"line":275,"column":4},"end":{"line":279,"column":null}},"116":{"start":{"line":276,"column":6},"end":{"line":276,"column":null}},"117":{"start":{"line":278,"column":6},"end":{"line":278,"column":null}},"118":{"start":{"line":282,"column":8},"end":{"line":289,"column":null}},"119":{"start":{"line":283,"column":4},"end":{"line":283,"column":null}},"120":{"start":{"line":284,"column":4},"end":{"line":284,"column":null}},"121":{"start":{"line":285,"column":4},"end":{"line":285,"column":null}},"122":{"start":{"line":286,"column":4},"end":{"line":286,"column":null}},"123":{"start":{"line":287,"column":4},"end":{"line":287,"column":null}},"124":{"start":{"line":288,"column":4},"end":{"line":288,"column":null}},"125":{"start":{"line":291,"column":25},"end":{"line":291,"column":null}},"126":{"start":{"line":293,"column":8},"end":{"line":318,"column":null}},"127":{"start":{"line":294,"column":4},"end":{"line":294,"column":null}},"128":{"start":{"line":294,"column":26},"end":{"line":294,"column":null}},"129":{"start":{"line":297,"column":17},"end":{"line":297,"column":null}},"130":{"start":{"line":298,"column":17},"end":{"line":298,"column":null}},"131":{"start":{"line":299,"column":4},"end":{"line":304,"column":null}},"132":{"start":{"line":300,"column":6},"end":{"line":303,"column":null}},"133":{"start":{"line":301,"column":8},"end":{"line":301,"column":null}},"134":{"start":{"line":302,"column":8},"end":{"line":302,"column":null}},"135":{"start":{"line":306,"column":4},"end":{"line":306,"column":null}},"136":{"start":{"line":306,"column":22},"end":{"line":306,"column":null}},"137":{"start":{"line":308,"column":20},"end":{"line":308,"column":null}},"138":{"start":{"line":310,"column":4},"end":{"line":310,"column":null}},"139":{"start":{"line":310,"column":32},"end":{"line":310,"column":null}},"140":{"start":{"line":311,"column":4},"end":{"line":311,"column":null}},"141":{"start":{"line":311,"column":27},"end":{"line":311,"column":null}},"142":{"start":{"line":312,"column":4},"end":{"line":312,"column":null}},"143":{"start":{"line":312,"column":29},"end":{"line":312,"column":null}},"144":{"start":{"line":313,"column":4},"end":{"line":313,"column":null}},"145":{"start":{"line":313,"column":31},"end":{"line":313,"column":null}},"146":{"start":{"line":314,"column":4},"end":{"line":314,"column":null}},"147":{"start":{"line":314,"column":30},"end":{"line":314,"column":null}},"148":{"start":{"line":315,"column":4},"end":{"line":315,"column":null}},"149":{"start":{"line":315,"column":28},"end":{"line":315,"column":null}},"150":{"start":{"line":317,"column":4},"end":{"line":317,"column":null}},"151":{"start":{"line":320,"column":2},"end":{"line":570,"column":null}},"152":{"start":{"line":343,"column":68},"end":{"line":343,"column":97}},"153":{"start":{"line":344,"column":35},"end":{"line":344,"column":null}},"154":{"start":{"line":345,"column":30},"end":{"line":345,"column":null}},"155":{"start":{"line":346,"column":16},"end":{"line":346,"column":null}},"156":{"start":{"line":382,"column":14},"end":{"line":388,"column":null}},"157":{"start":{"line":384,"column":31},"end":{"line":384,"column":null}},"158":{"start":{"line":405,"column":20},"end":{"line":405,"column":null}},"159":{"start":{"line":422,"column":22},"end":{"line":422,"column":null}},"160":{"start":{"line":439,"column":33},"end":{"line":439,"column":null}},"161":{"start":{"line":450,"column":33},"end":{"line":450,"column":null}},"162":{"start":{"line":472,"column":33},"end":{"line":472,"column":nu
[...]
"loc":{"start":{"line":380,"column":16},"end":{"line":387,"column":null}},"type":"binary-expr","locations":[{"start":{"line":380,"column":16},"end":{"line":380,"column":null}},{"start":{"line":381,"column":14},"end":{"line":387,"column":null}}],"line":380},"51":{"loc":{"start":{"line":384,"column":75},"end":{"line":384,"column":137}},"type":"cond-expr","locations":[{"start":{"line":384,"column":98},"end":{"line":384,"column":129}},{"start":{"line":384,"column":129},"end":{"line":384,"column":137}}],"line":384}},"s":{"0":2,"1":0,"2":0,"3":0,"4":0,"5":0,"6":0,"7":0,"8":0,"9":0,"10":0,"11":0,"12":0,"13":0,"14":0,"15":0,"16":0,"17":0,"18":0,"19":2,"20":0,"21":0,"22":0,"23":0,"24":0,"25":0,"26":0,"27":0,"28":0,"29":0,"30":0,"31":4,"32":4,"33":4,"34":4,"35":4,"36":4,"37":4,"38":4,"39":4,"40":0,"41":0,"42":0,"43":0,"44":0,"45":0,"46":0,"47":0,"48":0,"49":0,"50":0,"51":0,"52":0,"53":0,"54":0,"55":0,"56":0,"57":0,"58":0,"59":0,"60":0,"61":0,"62":0,"63":4,"64":4,"65":0,"66":4,"67":0,"68":0,"69":0,"70":0,"71":0,"72":0,"73":0,"74":0,"75":0,"76":0,"77":0,"78":0,"79":0,"80":0,"81":0,"82":0,"83":0,"84":0,"85":0,"86":0,"87":4,"88":0,"89":0,"90":0,"91":0,"92":0,"93":0,"94":4,"95":0,"96":4,"97":4,"98":0,"99":0,"100":0,"101":0,"102":0,"103":0,"104":0,"105":4,"106":0,"107":0,"108":0,"109":0,"110":0,"111":0,"112":0,"113":0,"114":0,"115":0,"116":0,"117":0,"118":0,"119":0,"120":0,"121":0,"122":0,"123":0},"f":{"0":0,"1":0,"2":0,"3":0,"4":4,"5":0,"6":0,"7":0,"8":0,"9":4,"10":0,"11":0,"12":0,"13":0,"14":0,"15":0,"16":0,"17":0,"18":0,"19":0,"20":0,"21":0,"22":0,"23":0,"24":0,"25":0,"26":0,"27":0,"28":0,"29":0},"b":{"0":[0,0],"1":[0,0],"2":[0,0],"3":[0,0],"4":[0,0],"5":[0],"6":[0,0],"7":[0,0],"8":[0,0],"9":[0,0,0],"10":[0,0],"11":[0,0],"12":[0,0],"13":[0,0],"14":[0,0],"15":[0,0],"16":[0,4],"17":[0,0],"18":[0,0],"19":[0,0],"20":[0,0],"21":[0,0],"22":[0,0],"23":[0,0],"24":[0,0],"25":[0,0],"26":[0,0],"27":[4,0],"28":[4,0],"29":[0,4],"30":[0,4],"31":[0,4],"32":[0,0],"33":[0,0],"34":[0,0],"35":[0,0],"36":[0,0],"37":[0,0],"38":[0,0],"39":[0,0],"40":[0,0],"41":[0,0],"42":[0,0],"43":[0,0],"44":[0,0],"45":[0,0],"46":[0,0],"47":[0,0],"48":[0,0],"49":[0,0],"50":[0,0],"51":[0,0]},"meta":{"lastBranch":52,"lastFunction":30,"lastStatement":124,"seen":{"s:7:6:23:Infinity":0,"f:7:6:7:26":0,"s:8:13:8:Infinity":1,"s:9:14:9:Infinity":2,"b:10:2:10:Infinity:undefined:undefined:undefined:undefined":0,"s:10:2:10:Infinity":3,"s:10:37:10:65":4,"s:10:65:10:85":5,"b:11:2:11:Infinity:undefined:undefined:undefined:undefined":1,"s:11:2:11:Infinity":6,"s:11:30:11:56":7,"s:11:56:11:81":8,"b:12:2:12:Infinity:undefined:undefined:undefined:undefined":2,"s:12:2:12:Infinity":9,"s:12:25:12:48":10,"s:12:48:12:69":11,"b:13:2:13:Infinity:undefined:undefined:undefined:undefined":3,"s:13:2:13:Infinity":12,"s:13:33:13:59":13,"s:13:59:13:83":14,"b:14:2:14:Infinity:undefined:undefined:undefined:undefined":4,"s:14:2:14:Infinity":15,"s:14:25:14:60":16,"s:14:60:14:80":17,"s:16:2:22:Infinity":18,"s:26:6:36:Infinity":19,"f:26:6:26:27":1,"s:27:12:27:Infinity":20,"s:28:8:28:Infinity":21,"s:29:8:29:Infinity":22,"s:31:4:33:Infinity":23,"s:34:12:34:Infinity":24,"s:35:2:35:Infinity":25,"f:39:9:39:20":2,"b:39:37:39:43":5,"s:40:8:40:Infinity":26,"s:41:2:43:Infinity":27,"f:41:2:41:18":3,"b:42:4:42:Infinity:undefined:undefined:undefined:undefined":6,"s:42:4:42:Infinity":28,"s:42:16:42:Infinity":29,"s:44:2:44:Infinity":30,"f:47:24:47:35":4,"s:48:19:48:Infinity":31,"s:49:18:49:Infinity":32,"s:50:19:50:Infinity":33,"s:51:21:51:Infinity":34,"s:52:17:52:Infinity":35,"s:53:21:53:Infinity":36,"s:54:23:54:Infinity":37,"s:57:8:57:Infinity":38,"s:59:32:118:Infinity":39,"f:59:32:59:39":5,"s:60:4:117:Infinity":40,"s:61:6:61:Infinity":41,"s:62:6:62:Infinity":42,"s:64:20:71:Infinity":43,"s:75:23:78:Infinity":44,"b:80:6:82:Infinity:undefined:undefined:undefined:undefined":7,"s:80:6:82:Infinity":45,"s:81:8:81:Infinity":46,"s:84:19:84:Infinity":47,"s:86:18:105:Infinity":48,"f:86:32:86:39":6,"s:86:45:86:61":49,"b:86:45:86:55:86:55:86:61":8,"f:86:63:86:67":7,"s:87:19:87:Infinity":50,"b:87:19:87:38:87:38:87:57:87:57:87:Infinity":9,"b:88:8:88:Infinity:undefined:undefined:undefined:undefined":10,"s:88:8:88:Infinity":51,"b:88:12:88:38:88:38:88:58":11,"s:88:58:88:Infinity":52,"s:90:21:93:Infinity":53,"b:90:21:90:Infinity:91:10:93:Infinity":12,"b:91:40:91:Infinity:92:10:93:Infinity":13,"b:92:33:92:Infinity:93:10:93:Infinity":14,"b:93:36:93:53:93:53:93:Infinity":15,"s:95:25:95:Infinity":54,"s:97:8:104:Infinity":55,"s:108:6:108:Infinity":56,"f:108:12:108:18":8,"s:108:27:108:50":57,"s:110:6:110:Infinity":58,"s:111:6:111:Infinity":59,"s:113:6:113:Infinity":60,"s:114:6:114:Infinity":61,"s:116:6:116:Infinity":62,"s:121:2:127:Infinity":63,"f:121:2:121:18":9,"b:122:4:125:Infinity:undefined:undefined:undefined:undefined":16,"s:122:4:125:Infinity":64,"s:124:6:124:Infinity":65,"s:129:8:155:Infinity":66,"f:129:8:129:27":10,"s:130:4:130:Infinity":67,"s:131:4:131:Infinity":68,"b:132:4:154:Infinity:151:11:154:Infinity":17,"s:132:4:154:Infinity":69,"s:133:6:150:Infinity":70,"f:133:28:133:Infinity":11,"s:135:22:135:Infinity":71,"s:136:22:136:Infinity":72,"s:137:10:137:Infinity":73,"s:138:10:138:Infinity":74,"f:139:8:139:Infinity":12,"s:141:10:141:Infinity":75,"s:142:10:142:Infinity":76,"s:143:24:143:Infinity":77,"b:144:10:144:Infinity:undefined:undefined:undefined:undefined":18,"s:144:10:144:Infinity":78,"s:144:32:144:Infinity":79,"b:145:10:145:Infinity:undefined:undefined:undefined:undefined":19,"s:145:10:145:Infinity":80,"s:145:32:145:Infinity":81,"b:146:10:146:Infinity:undefined:undefined:undefined:undefined":20,"s:146:10:146:Infinity":82,"s:146:32:146:Infinity":83,"s:147:10:147:Infinity":84,"s:152:6:152:Infinity":85,"s:153:6:153:Infinity":86,"s:157:8:166:Infinity":87,"f:157:8:157:29":13,"b:158:4:165:Infinity:undefined:undefined:undefined:undefined":21,"s:158:4:165:Infinity":88,"s:159:6:159:Infinity":89,"s:161:6:161:Infinity":90,"s:162:6:164:Infinity":91,"f:162:6:162:23":14,"b:163:8:163:Infinity:undefined:undefined:undefined:undefined":22,"s:163:8:163:Infinity":92,"s:163:34:163:Infinity":93,"s:169:24:169:Infinity":94,"f:169:35:169:42":15,"s:169:50:169:98":95,"b:169:50:169:74:169:74:169:98":23,"s:170:25:170:Infinity":96,"s:173:8:178:Infinity":97,"f:173:8:173:29":16,"b:174:4:174:Infinity:undefined:undefined:undefined:undefined":24,"s:174:4:174:Infinity":98,"s:174:25:174:Infinity":99,"b:175:4:175:Infinity:undefined:undefined:undefined:undefined":25,"s:175:4:175:Infinity":100,"s:175:26:175:Infinity":101,"b:176:4:176:Infinity:undefined:undefined:undefined:undefined":26,"s:176:4:176:Infinity":102,"s:176:26:176:Infinity":103,"s:177:4:177:Infinity":104,"s:180:2:390:Infinity":105,"b:185:7:185:Infinity:186:8:189:Infinity":27,"b:193:8:208:9:208:8:388:Infinity":28,"b:203:42:203:66:203:66:203:94":29,"b:203:122:203:139:203:139:203:159":30,"b:204:23:204:39:204:39:204:Infinity":31,"f:228:38:228:42":17,"s:229:18:236:Infinity":106,"f:231:20:231:35":18,"s:231:35:231:Infinity":107,"b:233:127:233:152:233:152:233:183":32,"b:233:196:233:230:233:230:233:Infinity":33,"f:245:15:245:30":19,"s:245:32:245:54":108,"s:245:54:245:74":109,"b:246:220:246:245:246:245:246:Infinity":34,"f:251:15:251:30":20,"s:251:32:251:55":110,"s:251:55:251:75":111,"b:252:245:252:270:252:270:252:Infinity":35,"f:257:15:257:30":21,"s:257:32:257:60":112,"s:257:60:257:80":113,"b:258:250:258:279:258:279:258:Infinity":36,"f:263:15:263:30":22,"s:263:32:263:67":114,"s:263:67:263:87":115,"b:264:257:264:282:264:282:264:Infinity":37,"f:269:15:269:30":23,"s:269:32:269:63":116,"s:269:63:269:83":117,"b:270:253:270:281:270:281:270:Infinity":38,"b:277:13:277:Infinity:278:14:283:13":39,"b:303:15:303:27:303:27:325:Infinity":40,"f:303:41:303:45":24,"s:304:16:324:Infinity":118,"f:309:20:309:33":25,"s:309:33:309:Infinity":119,"b:332:61:332:71:332:71:332:100":41,"b:336:14:380:17:380:16:387:Infinity":42,"f:338:34:338:38":26,"s:339:20:365:Infinity":120,"f:341:22:341:28":27,"s:341:35:341:Infinity":121,"b:345:176:345:189:345:189:345:Infinity":43,"b:345:217:345:235:345:235:345:Infinity":44,"b:345:266:345:283:345:283:345:Infinity":45,"b:346:81:346:103:346:103:346:218":46,"b:346:131:346:151:346:151:346:218":47,"b:346:182:346:202:346:202:346:218":48,"b:369:17:369:Infinity:370:18:379:Infinity":49,"f:372:22:372:37":28,"s:372:37:372:Infinity":122,"f:372:37:372:53":29,"s:372:61:372:69":123,"b:380:16:380:Infinity:381:14:387:Infinity":50,"b:384:98:384:129:384:129:384:137":51},"fnNames":{}}}
,"/home/vp/Desktop/carbon_footprint/src/components/LearningHub.jsx": {"path":"/home/vp/Desktop/carbon_footprint/src/components/LearningHub.jsx","statementMap":{"0":{"start":{"line":4,"column":20},"end":{"line":69,"column":null}},"1":{"start":{"line":71,"column":19},"end":{"line":71,"column":null}},"2":{"start":{"line":74,"column":20},"end":{"line":74,"column":null}},"3":{"start":{"line":76,"column":26},"end":{"line":78,"column":null}},"4":{"start":{"line":78,"column":33},"end":{"line":78,"column":60}},"5":{"start":{"line":80,"column":2},"end":{"line":142,"column":null}},"6":{"start":{"line":88,"column":10},"end":{"line":98,"column":null}},"7":{"start":{"line":90,"column":29},"end":{"line":90,"column":42}},"8":{"start":{"line":90,"column":42},"end":{"line":90,"column":66}},"9":{"start":{"line":104,"column":10},"end":{"line":139,"column":null}}},"fnMap":{"0":{"name":"LearningHub","decl":{"start":{"line":73,"column":24},"end":{"line":73,"column":38}},"loc":{"start":{"line":73,"column":38},"end":{"line":144,"column":null}},"line":73},"1":{"name":"(anonymous_1)","decl":{"start":{"line":78,"column":18},"end":{"line":78,"column":25}},"loc":{"start":{"line":78,"column":33},"end":{"line":78,"column":60}},"line":78},"2":{"name":"(anonymous_2)","decl":{"start":{"line":87,"column":20},"end":{"line":87,"column":24}},"loc":{"start":{"line":88,"column":10},"end":{"line":98,"column":null}},"line":88},"3":{"name":"(anonymous_3)","decl":{"start":{"line":90,"column":12},"end":{"line":90,"column":27}},"loc":{"start":{"line":90,"column":27},"end":{"line":90,"column":null}},"line":90},"4":{"name":"(anonymous_4)","decl":{"start":{"line":103,"column":25},"end":{"line":103,"column":30}},"loc":{"start":{"line":104,"column":10},"end":{"line":139,"column":null}},"line":104}},"branchMap":{"0":{"loc":{"start":{"line":76,"column":26},"end":{"line":78,"column":null}},"type":"cond-expr","locations":[{"start":{"line":77,"column":6},"end":{"line":77,"column":null}},{"start":{"line":78,"column":6},"end":{"line":78,"column":null}}],"line":76},"1":{"loc":{"start":{"line":92,"column":14},"end":{"line":94,"column":null}},"type":"cond-expr","locations":[{"start":{"line":93,"column":18},"end":{"line":93,"column":null}},{"start":{"line":94,"column":18},"end":{"line":94,"column":null}}],"line":92},"2":{"loc":{"start":{"line":106,"column":18},"end":{"line":106,"column":null}},"type":"cond-expr","locations":[{"start":{"line":106,"column":37},"end":{"line":106,"column":50}},{"start":{"line":106,"column":50},"end":{"line":106,"column":null}}],"line":106},"3":{"loc":{"start":{"line":114,"column":15},"end":{"line":121,"column":null}},"type":"binary-expr","locations":[{"start":{"line":114,"column":15},"end":{"line":114,"column":null}},{"start":{"line":115,"column":16},"end":{"line":121,"column":null}}],"line":114},"4":{"loc":{"start":{"line":135,"column":36},"end":{"line":135,"column":99}},"type":"cond-expr","locations":[{"start":{"line":135,"column":60},"end":{"line":135,"column":78}},{"start":{"line":135,"column":78},"end":{"line":135,"column":99}}],"line":135}},"s":{"0":1,"1":1,"2":1,"3":1,"4":0,"5":1,"6":6,"7":0,"8":0,"9":8},"f":{"0":1,"1":0,"2":6,"3":0,"4":8},"b":{"0":[1,0],"1":[1,5],"2":[5,3],"3":[8,4],"4":[4,4]},"meta":{"lastBranch":5,"lastFunction":5,"lastStatement":10,"seen":{"s:4:20:69:Infinity":0,"s:71:19:71:Infinity":1,"f:73:24:73:38":0,"s:74:20:74:Infinity":2,"s:76:26:78:Infinity":3,"b:77:6:77:Infinity:78:6:78:Infinity":0,"f:78:18:78:25":1,"s:78:33:78:60":4,"s:80:2:142:Infinity":5,"f:87:20:87:24":2,"s:88:10:98:Infinity":6,"f:90:12:90:27":3,"s:90:29:90:42":7,"s:90:42:90:66":8,"b:93:18:93:Infinity:94:18:94:Infinity":1,"f:103:25:103:30":4,"s:104:10:139:Infinity":9,"b:106:37:106:50:106:50:106:Infinity":2,"b:114:15:114:Infinity:115:16:121:Infinity":3,"b:135:60:135:78:135:78:135:99":4},"fnNames":{}}}
,"/home/vp/Desktop/carbon_footprint/src/components/Recommendations.jsx": {"path":"/home/vp/Desktop/carbon_footprint/src/components/Recommendations.jsx","statementMap":{"0":{"start":{"line":6,"column":21},"end":{"line":6,"column":null}},"1":{"start":{"line":8,"column":2},"end":{"line":15,"column":null}},"2":{"start":{"line":9,"column":4},"end":{"line":9,"column":null}},"3":{"start":{"line":9,"column":27},"end":{"line":9,"column":null}},"4":{"start":{"line":10,"column":10},"end":{"line":10,"column":null}},"5":{"start":{"line":11,"column":10},"end":{"line":13,"column":null}},"6":{"start":{"line":12,"column":6},"end":{"line":12,"column":null}},"7":{"start":{"line":12,"column":46},"end":{"line":12,"column":76}},"8":{"start":{"line":14,"column":4},"end":{"line":14,"column":null}},"9":{"start":{"line":14,"column":17},"end":{"line":14,"column":null}},"10":{"start":{"line":17,"column":24},"end":{"line":17,"column":null}},"11":{"start":{"line":19,"column":19},"end":{"line":19,"column":null}},"12":{"start":{"line":19,"column":42},"end":{"line":19,"column":69}},"13":{"start":{"line":20,"column":18},"end":{"line":20,"column":null}},"14":{"start":{"line":20,"column":41},"end":{"line":20,"column":67}},"15":{"start":{"line":21,"column":20},"end":{"line":21,"column":null}},"16":{"start":{"line":21,"column":43},"end":{"line":21,"column":111}},"17":{"start":{"line":23,"column":24},"end":{"line":23,"column":null}},"18":{"start":{"line":25,"column":2},"end":{"line":31,"column":null}},"19":{"start":{"line":26,"column":4},"end":{"line":30,"column":null}},"20":{"start":{"line":33,"column":2},"end":{"line":39,"column":null}},"21":{"start":{"line":34,"column":4},"end":{"line":38,"column":null}},"22":{"start":{"line":41,"column":2},"end":{"line":47,"column":null}},"23":{"start":{"line":42,"column":4},"end":{"line":46,"column":null}},"24":{"start":{"line":49,"column":2},"end":{"line":55,"column":null}},"25":{"start":{"line":50,"column":4},"end":{"line":54,"column":null}},"26":{"start":{"line":57,"column":2},"end":{"line":90,"column":null}},"27":{"start":{"line":75,"column":12},"end":{"line":86,"column":null}}},"fnMap":{"0":{"name":"Recommendations","decl":{"start":{"line":5,"column":24},"end":{"line":5,"column":42}},"loc":{"start":{"line":5,"column":42},"end":{"line":92,"column":null}},"line":5},"1":{"name":"(anonymous_1)","decl":{"start":{"line":8,"column":2},"end":{"line":8,"column":18}},"loc":{"start":{"line":8,"column":18},"end":{"line":15,"column":5}},"line":8},"2":{"name":"(anonymous_2)","decl":{"start":{"line":11,"column":35},"end":{"line":11,"column":39}},"loc":{"start":{"line":11,"column":52},"end":{"line":13,"column":5}},"line":11},"3":{"name":"(anonymous_3)","decl":{"start":{"line":12,"column":34},"end":{"line":12,"column":38}},"loc":{"start":{"line":12,"column":46},"end":{"line":12,"column":76}},"line":12},"4":{"name":"(anonymous_4)","decl":{"start":{"line":14,"column":4},"end":{"line":14,"column":17}},"loc":{"start":{"line":14,"column":17},"end":{"line":14,"column":null}},"line":14},"5":{"name":"(anonymous_5)","decl":{"start":{"line":19,"column":30},"end":{"line":19,"column":35}},"loc":{"start":{"line":19,"column":42},"end":{"line":19,"column":69}},"line":19},"6":{"name":"(anonymous_6)","decl":{"start":{"line":20,"column":29},"end":{"line":20,"column":34}},"loc":{"start":{"line":20,"column":41},"end":{"line":20,"column":67}},"line":20},"7":{"name":"(anonymous_7)","decl":{"start":{"line":21,"column":31},"end":{"line":21,"column":36}},"loc":{"start":{"line":21,"column":43},"end":{"line":21,"column":111}},"line":21},"8":{"name":"(anonymous_8)","decl":{"start":{"line":74,"column":27},"end":{"line":74,"column":32}},"loc":{"start":{"line":75,"column":12},"end":{"line":86,"column":null}},"line":75}},"branchMap":{"0":{"loc":{"start":{"line":9,"column":4},"end":{"line":9,"column":null}},"type":"if","locations":[{"start":{"line":9,"column":4},"end":{"line":9,"column":null}},{"start":{},"end":{}}],"line":9},"1":{"loc":{"start":{"line":21,"column":43},"end":{"line":21,"column":111}},"type":"binary-expr","locations":[{"start":{"line":21,"column":43},"end":{"line":21,"column":79}},{"start":{"line":21,"column":79},"end":{"line":21,"column":111}}],"line":21},"2":{"loc":{"start":{"line":25,"column":2},"end":{"line":31,"column":null}},"type":"if","locations":[{"start":{"line":25,"column":2},"end":{"line":31,"column":null}},{"start":{},"end":{}}],"line":25},"3":{"loc":{"start":{"line":33,"column":2},"end":{"line":39,"column":null}},"type":"if","locations":[{"start":{"line":33,"column":2},"end":{"line":39,"column":null}},{"start":{},"end":{}}],"line":33},"4":{"loc":{"start":{"line":41,"column":2},"end":{"line":47,"column":null}},"type":"if","locations":[{"start":{"line":41,"column":2},"end":{"line":47,"column":null}},{"start":{},"end":{}}],"line":41},"5":{"loc":{"start":{"line":49,"column":2},"end":{"line":55,"column":null}},"type":"if","locations":[{"start":{"line":49,"column":2},"end":{"line":55,"column":null}},{"start":{},"end":{}}],"line":49},"6":{"loc":{"start":{"line":49,"column":6},"end":{"line":49,"column":53}},"type":"binary-expr","locations":[{"start":{"line":49,"column":6},"end":{"line":49,"column":38}},{"start":{"line":49,"column":38},"end":{"line":49,"column":53}}],"line":49},"7":{"loc":{"start":{"line":62,"column":7},"end":{"line":88,"column":null}},"type":"cond-expr","locations":[{"start":{"line":63,"column":8},"end":{"line":73,"column":9}},{"start":{"line":73,"column":8},"end":{"line":88,"column":null}}],"line":62},"8":{"loc":{"start":{"line":75,"column":91},"end":{"line":75,"column":143}},"type":"cond-expr","locations":[{"start":{"line":75,"column":107},"end":{"line":75,"column":124}},{"start":{"line":75,"column":124},"end":{"line":75,"column":143}}],"line":75},"9":{"loc":{"start":{"line":76,"column":136},"end":{"line":76,"column":null}},"type":"cond-expr","locations":[{"start":{"line":76,"column":152},"end":{"line":76,"column":166}},{"start":{"line":76,"column":166},"end":{"line":76,"column":null}}],"line":76}},"s":{"0":1,"1":1,"2":1,"3":1,"4":0,"5":0,"6":0,"7":0,"8":0,"9":0,"10":1,"11":1,"12":0,"13":1,"14":0,"15":1,"16":0,"17":1,"18":1,"19":0,"20":1,"21":0,"22":1,"23":0,"24":1,"25":0,"26":1,"27":0},"f":{"0":1,"1":1,"2":0,"3":0,"4":0,"5":0,"6":0,"7":0,"8":0},"b":{"0":[1,0],"1":[0,0],"2":[0,1],"3":[0,1],"4":[0,1],"5":[0,1],"6":[1,1],"7":[1,0],"8":[0,0],"9":[0,0]},"meta":{"lastBranch":10,"lastFunction":9,"lastStatement":28,"seen":{"f:5:24:5:42":0,"s:6:21:6:Infinity":0,"s:8:2:15:Infinity":1,"f:8:2:8:18":1,"b:9:4:9:Infinity:undefined:undefined:undefined:undefined":0,"s:9:4:9:Infinity":2,"s:9:27:9:Infinity":3,"s:10:10:10:Infinity":4,"s:11:10:13:Infinity":5,"f:11:35:11:39":2,"s:12:6:12:Infinity":6,"f:12:34:12:38":3,"s:12:46:12:76":7,"s:14:4:14:Infinity":8,"f:14:4:14:17":4,"s:14:17:14:Infinity":9,"s:17:24:17:Infinity":10,"s:19:19:19:Infinity":11,"f:19:30:19:35":5,"s:19:42:19:69":12,"s:20:18:20:Infinity":13,"f:20:29:20:34":6,"s:20:41:20:67":14,"s:21:20:21:Infinity":15,"f:21:31:21:36":7,"s:21:43:21:111":16,"b:21:43:21:79:21:79:21:111":1,"s:23:24:23:Infinity":17,"b:25:2:31:Infinity:undefined:undefined:undefined:undefined":2,"s:25:2:31:Infinity":18,"s:26:4:30:Infinity":19,"b:33:2:39:Infinity:undefined:undefined:undefined:undefined":3,"s:33:2:39:Infinity":20,"s:34:4:38:Infinity":21,"b:41:2:47:Infinity:undefined:undefined:undefined:undefined":4,"s:41:2:47:Infinity":22,"s:42:4:46:Infinity":23,"b:49:2:55:Infinity:undefined:undefined:undefined:undefined":5,"s:49:2:55:Infinity":24,"b:49:6:49:38:49:38:49:53":6,"s:50:4:54:Infinity":25,"s:57:2:90:Infinity":26,"b:63:8:73:9:73:8:88:Infinity":7,"f:74:27:74:32":8,"s:75:12:86:Infinity":27,"b:75:107:75:124:75:124:75:143":8,"b:76:152:76:166:76:166:76:Infinity":9},"fnNames":{}}}
}
