{"/home/vp/Desktop/carbon_footprint/src/App.jsx": {"path":"/home/vp/Desktop/carbon_footprint/src/App.jsx","statementMap":{"0":{"start":{"line":13,"column":15},"end":{"line":13,"column":null}},"1":{"start":{"line":14,"column":22},"end":{"line":14,"column":null}},"2":{"start":{"line":15,"column":19},"end":{"line":15,"column":null}},"3":{"start":{"line":17,"column":2},"end":{"line":33,"column":null}},"4":{"start":{"line":18,"column":10},"end":{"line":31,"column":null}},"5":{"start":{"line":19,"column":6},"end":{"line":19,"column":null}},"6":{"start":{"line":20,"column":6},"end":{"line":29,"column":null}},"7":{"start":{"line":21,"column":8},"end":{"line":28,"column":null}},"8":{"start":{"line":22,"column":10},"end":{"line":25,"column":null}},"9":{"start":{"line":27,"column":10},"end":{"line":27,"column":null}},"10":{"start":{"line":30,"column":6},"end":{"line":30,"column":null}},"11":{"start":{"line":32,"column":4},"end":{"line":32,"column":null}},"12":{"start":{"line":32,"column":17},"end":{"line":32,"column":null}},"13":{"start":{"line":35,"column":24},"end":{"line":42,"column":null}},"14":{"start":{"line":36,"column":4},"end":{"line":36,"column":null}},"15":{"start":{"line":37,"column":4},"end":{"line":41,"column":null}},"16":{"start":{"line":38,"column":6},"end":{"line":38,"column":null}},"17":{"start":{"line":40,"column":6},"end":{"line":40,"column":null}},"18":{"start":{"line":44,"column":8},"end":{"line":53,"column":null}},"19":{"start":{"line":45,"column":4},"end":{"line":45,"column":null}},"20":{"start":{"line":46,"column":20},"end":{"line":46,"column":null}},"21":{"start":{"line":47,"column":4},"end":{"line":47,"column":null}},"22":{"start":{"line":48,"column":4},"end":{"line":52,"column":null}},"23":{"start":{"line":49,"column":6},"end":{"line":49,"column":null}},"24":{"start":{"line":51,"column":6},"end":{"line":51,"column":null}},"25":{"start":{"line":55,"column":2},"end":{"line":63,"column":null}},"26":{"start":{"line":56,"column":4},"end":{"line":61,"column":null}},"27":{"start":{"line":65,"column":2},"end":{"line":162,"column":null}}},"fnMap":{"0":{"name":"App","decl":{"start":{"line":12,"column":9},"end":{"line":12,"column":15}},"loc":{"start":{"line":12,"column":15},"end":{"line":164,"column":null}},"line":12},"1":{"name":"(anonymous_1)","decl":{"start":{"line":17,"column":2},"end":{"line":17,"column":18}},"loc":{"start":{"line":17,"column":18},"end":{"line":33,"column":5}},"line":17},"2":{"name":"(anonymous_2)","decl":{"start":{"line":18,"column":49},"end":{"line":18,"column":56}},"loc":{"start":{"line":18,"column":72},"end":{"line":31,"column":5}},"line":18},"3":{"name":"(anonymous_3)","decl":{"start":{"line":32,"column":4},"end":{"line":32,"column":17}},"loc":{"start":{"line":32,"column":17},"end":{"line":32,"column":null}},"line":32},"4":{"name":"(anonymous_4)","decl":{"start":{"line":35,"column":24},"end":{"line":35,"column":36}},"loc":{"start":{"line":35,"column":36},"end":{"line":42,"column":null}},"line":35},"5":{"name":"(anonymous_5)","decl":{"start":{"line":44,"column":8},"end":{"line":44,"column":31}},"loc":{"start":{"line":44,"column":31},"end":{"line":53,"column":null}},"line":44}},"branchMap":{"0":{"loc":{"start":{"line":20,"column":6},"end":{"line":29,"column":null}},"type":"if","locations":[{"start":{"line":20,"column":6},"end":{"line":29,"column":null}},{"start":{},"end":{}}],"line":20},"1":{"loc":{"start":{"line":23,"column":25},"end":{"line":23,"column":null}},"type":"binary-expr","locations":[{"start":{"line":23,"column":25},"end":{"line":23,"column":52}},{"start":{"line":23,"column":52},"end":{"line":23,"column":88}},{"start":{"line":23,"column":88},"end":{"line":23,"column":null}}],"line":23},"2":{"loc":{"start":{"line":48,"column":4},"end":{"line":52,"column":null}},"type":"if","locations":[{"start":{"line":48,"column":4},"end":{"line":52,"column":null}},{"start":{"line":50,"column":11},"end":{"line":52,"column":null}}],"line":48},"3":{"loc":{"start":{"line":55,"column":2},"end":{"line":63,"column":null}},"type":"if","locations":[{"start":{"line":55,"column":2},"end":{"line":63,"column":null}},{"start":{},"end":{}}],"line":55},"4":{"loc":{"start":{"line":67,"column":7},"end":{"line":67,"column":null}},"type":"binary-expr","locations":[{"start":{"line":67,"column":7},"end":{"line":67,"column":16}},{"start":{"line":67,"column":16},"end":{"line":67,"column":null}}],"line":67},"5":{"loc":{"start":{"line":90,"column":11},"end":{"line":117,"column":null}},"type":"binary-expr","locations":[{"start":{"line":90,"column":11},"end":{"line":90,"column":null}},{"start":{"line":91,"column":12},"end":{"line":117,"column":null}}],"line":90},"6":{"loc":{"start":{"line":100,"column":28},"end":{"line":100,"column":null}},"type":"cond-expr","locations":[{"start":{"line":100,"column":39},"end":{"line":100,"column":73}},{"start":{"line":100,"column":73},"end":{"line":100,"column":null}}],"line":100},"7":{"loc":{"start":{"line":101,"column":133},"end":{"line":101,"column":null}},"type":"cond-expr","locations":[{"start":{"line":101,"column":144},"end":{"line":101,"column":189}},{"start":{"line":101,"column":189},"end":{"line":101,"column":null}}],"line":101},"8":{"loc":{"start":{"line":104,"column":55},"end":{"line":104,"column":108}},"type":"cond-expr","locations":[{"start":{"line":104,"column":66},"end":{"line":104,"column":89}},{"start":{"line":104,"column":89},"end":{"line":104,"column":108}}],"line":104},"9":{"loc":{"start":{"line":120,"column":127},"end":{"line":120,"column":143}},"type":"cond-expr","locations":[{"start":{"line":120,"column":134},"end":{"line":120,"column":138}},{"start":{"line":120,"column":138},"end":{"line":120,"column":143}}],"line":120},"10":{"loc":{"start":{"line":120,"column":158},"end":{"line":120,"column":181}},"type":"cond-expr","locations":[{"start":{"line":120,"column":165},"end":{"line":120,"column":174}},{"start":{"line":120,"column":174},"end":{"line":120,"column":181}}],"line":120}},"s":{"0":2,"1":2,"2":2,"3":2,"4":1,"5":1,"6":1,"7":0,"8":0,"9":0,"10":1,"11":1,"12":1,"13":2,"14":0,"15":0,"16":0,"17":0,"18":2,"19":0,"20":0,"21":0,"22":0,"23":0,"24":0,"25":2,"26":1,"27":1},"f":{"0":2,"1":1,"2":1,"3":1,"4":0,"5":0},"b":{"0":[0,1],"1":[0,0,0],"2":[0,0],"3":[1,1],"4":[1,1],"5":[2,0],"6":[0,0],"7":[0,0],"8":[0,0],"9":[0,1],"10":[0,1]},"meta":{"lastBranch":11,"lastFunction":6,"lastStatement":28,"seen":{"f:12:9:12:15":0,"s:13:15:13:Infinity":0,"s:14:22:14:Infinity":1,"s:15:19:15:Infinity":2,"s:17:2:33:Infinity":3,"f:17:2:17:18":1,"s:18:10:31:Infinity":4,"f:18:49:18:56":2,"s:19:6:19:Infinity":5,"b:20:6:29:Infinity:undefined:undefined:undefined:undefined":0,"s:20:6:29:Infinity":6,"s:21:8:28:Infinity":7,"s:22:10:25:Infinity":8,"b:23:25:23:52:23:52:23:88:23:88:23:Infinity":1,"s:27:10:27:Infinity":9,"s:30:6:30:Infinity":10,"s:32:4:32:Infinity":11,"f:32:4:32:17":3,"s:32:17:32:Infinity":12,"s:35:24:42:Infinity":13,"f:35:24:35:36":4,"s:36:4:36:Infinity":14,"s:37:4:41:Infinity":15,"s:38:6:38:Infinity":16,"s:40:6:40:Infinity":17,"s:44:8:53:Infinity":18,"f:44:8:44:31":5,"s:45:4:45:Infinity":19,"s:46:20:46:Infinity":20,"s:47:4:47:Infinity":21,"b:48:4:52:Infinity:50:11:52:Infinity":2,"s:48:4:52:Infinity":22,"s:49:6:49:Infinity":23,"s:51:6:51:Infinity":24,"b:55:2:63:Infinity:undefined:undefined:undefined:undefined":3,"s:55:2:63:Infinity":25,"s:56:4:61:Infinity":26,"s:65:2:162:Infinity":27,"b:67:7:67:16:67:16:67:Infinity":4,"b:90:11:90:Infinity:91:12:117:Infinity":5,"b:100:39:100:73:100:73:100:Infinity":6,"b:101:144:101:189:101:189:101:Infinity":7,"b:104:66:104:89:104:89:104:108":8,"b:120:134:120:138:120:138:120:143":9,"b:120:165:120:174:120:174:120:181":10},"fnNames":{}}}
,"/home/vp/Desktop/carbon_footprint/src/audio.js": {"path":"/home/vp/Desktop/carbon_footprint/src/audio.js","statementMap":{"0":{"start":{"line":1,"column":15},"end":{"line":1,"column":null}},"1":{"start":{"line":3,"column":6},"end":{"line":8,"column":null}},"2":{"start":{"line":4,"column":2},"end":{"line":6,"column":null}},"3":{"start":{"line":5,"column":4},"end":{"line":5,"column":null}},"4":{"start":{"line":7,"column":2},"end":{"line":7,"column":null}},"5":{"start":{"line":10,"column":13},"end":{"line":31,"column":null}},"6":{"start":{"line":11,"column":2},"end":{"line":30,"column":null}},"7":{"start":{"line":12,"column":16},"end":{"line":12,"column":null}},"8":{"start":{"line":13,"column":16},"end":{"line":13,"column":null}},"9":{"start":{"line":14,"column":21},"end":{"line":14,"column":null}},"10":{"start":{"line":16,"column":4},"end":{"line":16,"column":null}},"11":{"start":{"line":17,"column":4},"end":{"line":17,"column":null}},"12":{"start":{"line":18,"column":4},"end":{"line":18,"column":null}},"13":{"start":{"line":20,"column":4},"end":{"line":20,"column":null}},"14":{"start":{"line":21,"column":4},"end":{"line":21,"column":null}},"15":{"start":{"line":23,"column":4},"end":{"line":23,"column":null}},"16":{"start":{"line":24,"column":4},"end":{"line":24,"column":null}},"17":{"start":{"line":26,"column":4},"end":{"line":26,"column":null}},"18":{"start":{"line":27,"column":4},"end":{"line":27,"column":null}},"19":{"start":{"line":33,"column":13},"end":{"line":53,"column":null}},"20":{"start":{"line":34,"column":2},"end":{"line":52,"column":null}},"21":{"start":{"line":35,"column":16},"end":{"line":35,"column":null}},"22":{"start":{"line":36,"column":16},"end":{"line":36,"column":null}},"23":{"start":{"line":37,"column":21},"end":{"line":37,"column":null}},"24":{"start":{"line":39,"column":4},"end":{"line":39,"column":null}},"25":{"start":{"line":40,"column":4},"end":{"line":40,"column":null}},"26":{"start":{"line":41,"column":4},"end":{"line":41,"column":null}},"27":{"start":{"line":42,"column":4},"end":{"line":42,"column":null}},"28":{"start":{"line":44,"column":4},"end":{"line":44,"column":null}},"29":{"start":{"line":45,"column":4},"end":{"line":45,"column":null}},"30":{"start":{"line":47,"column":4},"end":{"line":47,"column":null}},"31":{"start":{"line":48,"column":4},"end":{"line":48,"column":null}},"32":{"start":{"line":50,"column":4},"end":{"line":50,"column":null}},"33":{"start":{"line":51,"column":4},"end":{"line":51,"column":null}}},"fnMap":{"0":{"name":"(anonymous_0)","decl":{"start":{"line":3,"column":6},"end":{"line":3,"column":30}},"loc":{"start":{"line":3,"column":30},"end":{"line":8,"column":null}},"line":3},"1":{"name":"(anonymous_1)","decl":{"start":{"line":10,"column":13},"end":{"line":10,"column":31}},"loc":{"start":{"line":10,"column":31},"end":{"line":31,"column":null}},"line":10},"2":{"name":"(anonymous_2)","decl":{"start":{"line":33,"column":13},"end":{"line":33,"column":33}},"loc":{"start":{"line":33,"column":33},"end":{"line":53,"column":null}},"line":33}},"branchMap":{"0":{"loc":{"start":{"line":4,"column":2},"end":{"line":6,"column":null}},"type":"if","locations":[{"start":{"line":4,"column":2},"end":{"line":6,"column":null}},{"start":{},"end":{}}],"line":4},"1":{"loc":{"start":{"line":5,"column":20},"end":{"line":5,"column":70}},"type":"binary-expr","locations":[{"start":{"line":5,"column":20},"end":{"line":5,"column":43}},{"start":{"line":5,"column":43},"end":{"line":5,"column":70}}],"line":5}},"s":{"0":2,"1":2,"2":0,"3":0,"4":0,"5":2,"6":0,"7":0,"8":0,"9":0,"10":0,"11":0,"12":0,"13":0,"14":0,"15":0,"16":0,"17":0,"18":0,"19":2,"20":0,"21":0,"22":0,"23":0,"24":0,"25":0,"26":0,"27":0,"28":0,"29":0,"30":0,"31":0,"32":0,"33":0},"f":{"0":0,"1":0,"2":0},"b":{"0":[0,0],"1":[0,0]},"meta":{"lastBranch":2,"lastFunction":3,"lastStatement":34,"seen":{"s:1:15:1:Infinity":0,"s:3:6:8:Infinity":1,"f:3:6:3:30":0,"b:4:2:6:Infinity:undefined:undefined:undefined:undefined":0,"s:4:2:6:Infinity":2,"s:5:4:5:Infinity":3,"b:5:20:5:43:5:43:5:70":1,"s:7:2:7:Infinity":4,"s:10:13:31:Infinity":5,"f:10:13:10:31":1,"s:11:2:30:Infinity":6,"s:12:16:12:Infinity":7,"s:13:16:13:Infinity":8,"s:14:21:14:Infinity":9,"s:16:4:16:Infinity":10,"s:17:4:17:Infinity":11,"s:18:4:18:Infinity":12,"s:20:4:20:Infinity":13,"s:21:4:21:Infinity":14,"s:23:4:23:Infinity":15,"s:24:4:24:Infinity":16,"s:26:4:26:Infinity":17,"s:27:4:27:Infinity":18,"s:33:13:53:Infinity":19,"f:33:13:33:33":2,"s:34:2:52:Infinity":20,"s:35:16:35:Infinity":21,"s:36:16:36:Infinity":22,"s:37:21:37:Infinity":23,"s:39:4:39:Infinity":24,"s:40:4:40:Infinity":25,"s:41:4:41:Infinity":26,"s:42:4:42:Infinity":27,"s:44:4:44:Infinity":28,"s:45:4:45:Infinity":29,"s:47:4:47:Infinity":30,"s:48:4:48:Infinity":31,"s:50:4:50:Infinity":32,"s:51:4:51:Infinity":33},"fnNames":{}}}
,"/home/vp/Desktop/carbon_footprint/src/firebase.js": {"path":"/home/vp/Desktop/carbon_footprint/src/firebase.js","statementMap":{"0":{"start":{"line":5,"column":23},"end":{"line":12,"column":null}},"1":{"start":{"line":15,"column":6},"end":{"line":15,"column":null}},"2":{"start":{"line":18,"column":13},"end":{"line":18,"column":null}},"3":{"start":{"line":19,"column":13},"end":{"line":19,"column":null}}},"fnMap":{},"branchMap":{},"s":{"0":0,"1":0,"2":0,"3":0},"f":{},"b":{},"meta":{"lastBranch":0,"lastFunction":0,"lastStatement":4,"seen":{"s:5:23:12:Infinity":0,"s:15:6:15:Infinity":1,"s:18:13:18:Infinity":2,"s:19:13:19:Infinity":3},"fnNames":{}}}
,"/home/vp/Desktop/carbon_footprint/src/agent/graph.js": {"path":"/home/vp/Desktop/carbon_footprint/src/agent/graph.js","statementMap":{"0":{"start":{"line":10,"column":26},"end":{"line":15,"column":null}},"1":{"start":{"line":12,"column":23},"end":{"line":12,"column":null}},"2":{"start":{"line":13,"column":19},"end":{"line":13,"column":null}},"3":{"start":{"line":26,"column":13},"end":{"line":67,"column":null}},"4":{"start":{"line":32,"column":20},"end":{"line":56,"column":null}},"5":{"start":{"line":33,"column":25},"end":{"line":33,"column":null}},"6":{"start":{"line":36,"column":18},"end":{"line":41,"column":null}},"7":{"start":{"line":44,"column":25},"end":{"line":47,"column":null}},"8":{"start":{"line":49,"column":4},"end":{"line":55,"column":null}},"9":{"start":{"line":51,"column":23},"end":{"line":51,"column":null}},"10":{"start":{"line":52,"column":6},"end":{"line":52,"column":null}},"11":{"start":{"line":54,"column":6},"end":{"line":54,"column":null}},"12":{"start":{"line":61,"column":19},"end":{"line":64,"column":null}},"13":{"start":{"line":66,"column":2},"end":{"line":66,"column":null}}},"fnMap":{"0":{"name":"(anonymous_0)","decl":{"start":{"line":12,"column":4},"end":{"line":12,"column":14}},"loc":{"start":{"line":12,"column":23},"end":{"line":12,"column":null}},"line":12},"1":{"name":"(anonymous_1)","decl":{"start":{"line":13,"column":4},"end":{"line":13,"column":19}},"loc":{"start":{"line":13,"column":19},"end":{"line":13,"column":null}},"line":13},"2":{"name":"(anonymous_2)","decl":{"start":{"line":26,"column":13},"end":{"line":26,"column":34}},"loc":{"start":{"line":26,"column":59},"end":{"line":67,"column":null}},"line":26},"3":{"name":"(anonymous_3)","decl":{"start":{"line":32,"column":20},"end":{"line":32,"column":27}},"loc":{"start":{"line":32,"column":37},"end":{"line":56,"column":null}},"line":32}},"branchMap":{},"s":{"0":1,"1":0,"2":1,"3":1,"4":0,"5":0,"6":0,"7":0,"8":0,"9":0,"10":0,"11":0,"12":0,"13":0},"f":{"0":0,"1":1,"2":0,"3":0},"b":{},"meta":{"lastBranch":0,"lastFunction":4,"lastStatement":14,"seen":{"s:10:26:15:Infinity":0,"f:12:4:12:14":0,"s:12:23:12:Infinity":1,"f:13:4:13:19":1,"s:13:19:13:Infinity":2,"s:26:13:67:Infinity":3,"f:26:13:26:34":2,"s:32:20:56:Infinity":4,"f:32:20:32:27":3,"s:33:25:33:Infinity":5,"s:36:18:41:Infinity":6,"s:44:25:47:Infinity":7,"s:49:4:55:Infinity":8,"s:51:23:51:Infinity":9,"s:52:6:52:Infinity":10,"s:54:6:54:Infinity":11,"s:61:19:64:Infinity":12,"s:66:2:66:Infinity":13},"fnNames":{}}}
,"/home/vp/Desktop/carbon_footprint/src/components/AIAgentPanel.jsx": {"path":"/home/vp/Desktop/carbon_footprint/src/components/AIAgentPanel.jsx","statementMap":{"0":{"start":{"line":10,"column":18},"end":{"line":10,"column":null}},"1":{"start":{"line":13,"column":15},"end":{"line":13,"column":null}},"2":{"start":{"line":14,"column":6},"end":{"line":22,"column":null}},"3":{"start":{"line":15,"column":18},"end":{"line":15,"column":null}},"4":{"start":{"line":16,"column":2},"end":{"line":16,"column":null}},"5":{"start":{"line":16,"column":16},"end":{"line":16,"column":null}},"6":{"start":{"line":17,"column":15},"end":{"line":17,"column":null}},"7":{"start":{"line":17,"column":43},"end":{"line":17,"column":51}},"8":{"start":{"line":18,"column":2},"end":{"line":18,"column":null}},"9":{"start":{"line":18,"column":25},"end":{"line":18,"column":null}},"10":{"start":{"line":19,"column":14},"end":{"line":19,"column":null}},"11":{"start":{"line":20,"column":2},"end":{"line":20,"column":null}},"12":{"start":{"line":21,"column":2},"end":{"line":21,"column":null}},"13":{"start":{"line":25,"column":12},"end":{"line":25,"column":null}},"14":{"start":{"line":26,"column":6},"end":{"line":26,"column":null}},"15":{"start":{"line":26,"column":21},"end":{"line":26,"column":null}},"16":{"start":{"line":29,"column":19},"end":{"line":31,"column":null}},"17":{"start":{"line":32,"column":16},"end":{"line":32,"column":null}},"18":{"start":{"line":33,"column":16},"end":{"line":33,"column":null}},"19":{"start":{"line":34,"column":20},"end":{"line":34,"column":null}},"20":{"start":{"line":35,"column":23},"end":{"line":35,"column":null}},"21":{"start":{"line":36,"column":27},"end":{"line":36,"column":null}},"22":{"start":{"line":37,"column":19},"end":{"line":37,"column":null}},"23":{"start":{"line":38,"column":19},"end":{"line":38,"column":null}},"24":{"start":{"line":39,"column":21},"end":{"line":39,"column":null}},"25":{"start":{"line":41,"column":8},"end":{"line":41,"column":null}},"26":{"start":{"line":42,"column":8},"end":{"line":42,"column":null}},"27":{"start":{"line":44,"column":8},"end":{"line":46,"column":null}},"28":{"start":{"line":45,"column":4},"end":{"line":45,"column":null}},"29":{"start":{"line":48,"column":2},"end":{"line":50,"column":null}},"30":{"start":{"line":49,"column":4},"end":{"line":49,"column":null}},"31":{"start":{"line":53,"column":2},"end":{"line":82,"column":null}},"32":{"start":{"line":54,"column":4},"end":{"line":54,"column":null}},"33":{"start":{"line":54,"column":27},"end":{"line":54,"column":null}},"34":{"start":{"line":55,"column":10},"end":{"line":59,"column":null}},"35":{"start":{"line":60,"column":10},"end":{"line":80,"column":null}},"36":{"start":{"line":61,"column":20},"end":{"line":61,"column":null}},"37":{"start":{"line":62,"column":6},"end":{"line":62,"column":null}},"38":{"start":{"line":64,"column":18},"end":{"line":64,"column":null}},"39":{"start":{"line":65,"column":16},"end":{"line":65,"column":null}},"40":{"start":{"line":67,"column":6},"end":{"line":77,"column":null}},"41":{"start":{"line":68,"column":21},"end":{"line":68,"column":null}},"42":{"start":{"line":70,"column":8},"end":{"line":70,"column":null}},"43":{"start":{"line":70,"column":47},"end":{"line":70,"column":null}},"44":{"start":{"line":72,"column":26},"end":{"line":72,"column":null}},"45":{"start":{"line":73,"column":8},"end":{"line":76,"column":null}},"46":{"start":{"line":74,"column":10},"end":{"line":74,"column":null}},"47":{"start":{"line":75,"column":10},"end":{"line":75,"column":null}},"48":{"start":{"line":79,"column":6},"end":{"line":79,"column":null}},"49":{"start":{"line":81,"column":4},"end":{"line":81,"column":null}},"50":{"start":{"line":81,"column":17},"end":{"line":81,"column":null}},"51":{"start":{"line":84,"column":8},"end":{"line":86,"column":null}},"52":{"start":{"line":85,"column":4},"end":{"line":85,"column":null}},"53":{"start":{"line":85,"column":24},"end":{"line":85,"column":72}},"54":{"start":{"line":88,"column":22},"end":{"line":237,"column":null}},"55":{"start":{"line":89,"column":20},"end":{"line":89,"column":null}},"56":{"start":{"line":90,"column":4},"end":{"line":90,"column":null}},"57":{"start":{"line":90,"column":48},"end":{"line":90,"column":null}},"58":{"start":{"line":93,"column":4},"end":{"line":93,"column":null}},"59":{"start":{"line":93,"column":24},"end":{"line":93,"column":100}},"60":{"start":{"line":94,"column":4},"end":{"line":94,"column":null}},"61":{"start":{"line":95,"column":4},"end":{"line":95,"column":null}},"62":{"start":{"line":98,"column":4},"end":{"line":104,"column":null}},"63":{"start":{"line":99,"column":23},"end":{"line":102,"column":null}},"64":{"start":{"line":100,"column":21},"end":{"line":100,"column":34}},"65":{"start":{"line":101,"column":20},"end":{"line":101,"column":39}},"66":{"start":{"line":103,"column":6},"end":{"line":103,"column":null}},"67":{"start":{"line":106,"column":4},"end":{"line":236,"column":null}},"68":{"start":{"line":107,"column":21},"end":{"line":107,"column":null}},"69":{"start":{"line":108,"column":6},"end":{"line":110,"column":null}},"70":{"start":{"line":109,"column":8},"end":{"line":109,"column":null}},"71":{"start":{"line":112,"column":6},"end":{"line":112,"column":null}},"72":{"start":{"line":115,"column":32},"end":{"line":129,"column":null}},"73":{"start":{"line":116,"column":21},"end":{"line":116,"column":38}},"74":{"start":{"line":118,"column":26},"end":{"line":118,"column":null}},"75":{"start":{"line":119,"column":10},"end":{"line":119,"column":null}},"76":{"start":{"line":119,"column":22},"end":{"line":119,"column":null}},"77":{"start":{"line":120,"column":10},"end":{"line":127,"column":null}},"78":{"start":{"line":121,"column":26},"end":{"line":121,"column":null}},"79":{"start":{"line":122,"column":34},"end":{"line":122,"column":null}},"80":{"start":{"line":123,"column":12},"end":{"line":126,"column":null}},"81":{"start":{"line":128,"column":10},"end":{"line":128,"column":null}},"82":{"start":{"line":132,"column":33},"end":{"line":132,"column":null}},"83":{"start":{"line":133,"column":6},"end":{"line":133,"column":null}},"84":{"start":{"line":133,"column":19},"end":{"line":133,"column":null}},"85":{"start":{"line":134,"column":6},"end":{"line":139,"column":null}},"86":{"start":{"line":135,"column":8},"end":{"line":138,"column":null}},"87":{"start":{"line":140,"column":6},"end":{"line":142,"column":null}},"88":{"start":{"line":141,"column":8},"end":{"line":141,"column":null}},"89":{"start":{"line":144,"column":27},"end":{"line":144,"column":null}},"90":{"start":{"line":167,"column":6},"end":{"line":169,"column":null}},"91":{"start":{"line":168,"column":8},"end":{"line":168,"column":null}},"92":{"start":{"line":170,"column":26},"end":{"line":170,"column":null}},"93":{"start":{"line":173,"column":26},"end":{"line":173,"column":null}},"94":{"start":{"line":176,"column":25},"end":{"line":176,"column":null}},"95":{"start":{"line":177,"column":22},"end":{"line":177,"column":null}},"96":{"start":{"line":180,"column":25},"end":{"line":180,"column":null}},"97":{"start":{"line":181,"column":24},"end":{"line":181,"column":null}},"98":{"start":{"line":182,"column":22},"end":{"line":184,"column":null}},"99":{"start":{"line":187,"column":6},"end":{"line":195,"column":null}},"100":{"start":{"line":188,"column":8},"end":{"line":188,"column":null}},"101":{"start":{"line":191,"column":26},"end":{"line":191,"column":null}},"102":{"start":{"line":192,"column":8},"end":{"line":192,"column":null}},"103":{"start":{"line":193,"column":8},"end":{"line":193,"column":null}},"104":{"start":{"line":194,"column":8},"end":{"line":194,"column":null}},"105":{"start":{"line":198,"column":6},"end":{"line":221,"column":null}},"106":{"start":{"line":200,"column":8},"end":{"line":211,"column":null}},"107":{"start":{"line":208,"column":10},"end":{"line":208,"column":null}},"108":{"start":{"line":210,"column":10},"end":{"line":210,"column":null}},"109":{"start":{"line":214,"column":8},"end":{"line":220,"column":null}},"110":{"start":{"line":215,"column":10},"end":{"line":219,"column":null}},"111":{"start":{"line":219,"column":41},"end":{"line":219,"column":84}},"112":{"start":{"line":223,"column":6},"end":{"line":223,"column":null}},"113":{"start":{"line":226,"column":6},"end":{"line":226,"column":null}},"114":{"start":{"line":228,"column":29},"end":{"line":228,"column":null}},"115":{"start":{"line":229,"column":25},"end":{"line":231,"column":null}},"116":{"start":{"line":232,"column":6},"end":{"line":232,"column":null}},"117":{"start":{"line":233,"column":6},"end":{"line":233,"column":null}},"118":{"start":{"line":235,"column":6},"end":{"line":235,"column":null}},"119":{"start":{"line":239,"column":8},"end":{"line":247,"column":null}},"120":{"start":{"line":240,"column":4},"end":{"line":240,"column":null}},"121":{"start":{"line":240,"column":15},"end":{"line":240,"column":null}},"122":{"start":{"line":241,"column":19},"end":{"line":241,"column":null}},"123":{"start":{"line":242,"column":4},"end":{"line":245,"column":null}},"124":{"start":{"line":243,"column":21},"end":{"line":243,"column":null}},"125":{"start":{"line":244,"column":6},"end":{"line":244,"column":null}},"126":{"start":{"line":246,"column":4},"end":{"line":246,"column":null}},"127":{"start":{"line":249,"column":30},"end":{"line":280,"column":null}},"128":{"start":{"line":250,"column":4},"end":{"line":279,"column":null}},"129":{"start":{"line":251,"column":21},"end":{"line":251,"column":null}},"130":{"start":{"line":252,"column":20},"end":{"line":252,"column":null}},"131":{"start":{"line":253,"column":6},"end":{"line":253,"column":null}},"132":{"start":{"line":254,"column":6},"end":{"line":254,"column":null}},"133":{"start":{"line":257,"column":6},"end":{"line":257,"column":null}},"134":{"start":{"line":257,"column":29},"end":{"line":257,"column":47}},"135":{"start":{"line":259,"column":21},"end":{"line":259,"column":null}},"136":{"start":{"line":260,"column":24},"end":{"line":260,"column":null}},"137":{"start":{"line":261,"column":18},"end":{"line":261,"column":null}},"138":{"start":{"line":262,"column":19},"end":{"line":262,"column":null}},"139":{"start":{"line":263,"column":6},"end":{"line":266,"column":null}},"140":{"start":{"line":264,"column":8},"end":{"line":264,"column":null}},"141":{"start":{"line":265,"column":8},"end":{"line":265,"column":null}},"142":{"start":{"line":267,"column":6},"end":{"line":267,"column":null}},"143":{"start":{"line":268,"column":6},"end":{"line":268,"column":null}},"144":{"start":{"line":269,"column":18},"end":{"line":269,"column":null}},"145":{"start":{"line":270,"column":6},"end":{"line":270,"column":null}},"146":{"start":{"line":271,"column":21},"end":{"line":271,"column":null}},"147":{"start":{"line":273,"column":6},"end":{"line":273,"column":null}},"148":{"start":{"line":273,"column":38},"end":{"line":273,"column":46}},"149":{"start":{"line":274,"column":6},"end":{"line":274,"column":null}},"150":{"start":{"line":275,"column":6},"end":{"line":275,"column":null}},"151":{"start":{"line":277,"column":6},"end":{"line":277,"column":null}},"152":{"start":{"line":278,"column":6},"end":{"line":278,"column":null}},"153":{"start":{"line":283,"column":2},"end":{"line":542,"column":null}},"154":{"start":{"line":295,"column":33},"end":{"line":295,"column":52}},"155":{"start":{"line":343,"column":10},"end":{"line":367,"column":null}},"156":{"start":{"line":389,"column":12},"end":{"line":396,"column":null}},"157":{"start":{"line":391,"column":29},"end":{"line":391,"column":null}},"158":{"start":{"line":406,"column":27},"end":{"line":406,"column":null}},"159":{"start":{"line":410,"column":14},"end":{"line":413,"column":null}},"160":{"start":{"line":411,"column":16},"end":{"line":411,"column":null}},"161":{"start":{"line":412,"column":16},"end":{"line":412,"column":null}},"162":{"start":{"line":420,"column":59},"end":{"line":420,"column":82}},"163":{"start":{"line":430,"column":59},"end":{"line":430,"column":79}},"164":{"start":{"line":440,"column":59},"end":{"line":440,"column":86}},"165":{"start":{"line":455,"column":29},"end":{"line":455,"column":null}},"166":{"start":{"line":467,"column":35},"end":{"line":467,"column":63}},"167":{"start":{"line":488,"column":35},"end":{"line":488,"column":56}},"168":{"start":{"line":494,"column":16},"end":{"line":497,"column":null}},"169":{"start":{"line":495,"column":18},"end":{"line":495,"column":null}},"170":{"start":{"line":496,"column":18},"end":{"line":496,"column":null}},"171":{"start":{"line":512,"column":35},"end":{"line":512,"column":59}},"172":{"start":{"line":518,"column":35},"end":{"line":518,"column":55}},"173":{"start":{"line":518,"column":55},"end":{"line":518,"column":76}},"174":{"start":{"line":520,"column":16},"end":{"line":520,"column":null}},"175":{"start":{"line":521,"column":16},"end":{"line":521,"column":null}},"176":{"start":{"line":522,"column":16},"end":{"line":525,"column":null}},"177":{"start":{"line":523,"column":18},"end":{"line":523,"column":null}},"178":{"start":{"line":524,"column":18},"end":{"line":524,"column":null}},"179":{"start":{"line":529,"column":16},"end":{"line":532,"column":null}},"180":{"start":{"line":530,"column":18},"end":{"line":530,"column":null}},"181":{"start":{"line":531,"column":18},"end":{"line":531,"column":null}}},"fnMap":{"0":{"name":"(anonymous_0)","decl":{"start":{"line":14,"column":6},"end":{"line":14,"column":25}},"loc":{"start":{"line":14,"column":25},"end":{"line":22,"column":null}},"line":14},"1":{"name":"(anonymous_1)","decl":{"start":{"line":17,"column":34},"end":{"line":17,"column":38}},"loc":{"start":{"line":17,"column":43},"end":{"line":17,"column":51}},"line":17},"2":{"name":"(anonymous_2)","decl":{"start":{"line":26,"column":6},"end":{"line":26,"column":21}},"loc":{"start":{"line":26,"column":21},"end":{"line":26,"column":null}},"line":26},"3":{"name":"AIAgentPanel","decl":{"start":{"line":28,"column":24},"end":{"line":28,"column":39}},"loc":{"start":{"line":28,"column":39},"end":{"line":544,"column":null}},"line":28},"4":{"name":"(anonymous_4)","decl":{"start":{"line":44,"column":8},"end":{"line":44,"column":31}},"loc":{"start":{"line":44,"column":31},"end":{"line":46,"column":null}},"line":44},"5":{"name":"(anonymous_5)","decl":{"start":{"line":48,"column":2},"end":{"line":48,"column":18}},"loc":{"start":{"line":48,"column":18},"end":{"line":50,"column":5}},"line":48},"6":{"name":"(anonymous_6)","decl":{"start":{"line":53,"column":2},"end":{"line":53,"column":18}},"loc":{"start":{"line":53,"column":18},"end":{"line":82,"column":5}},"line":53},"7":{"name":"(anonymous_7)","decl":{"start":{"line":60,"column":35},"end":{"line":60,"column":39}},"loc":{"start":{"line":60,"column":52},"end":{"line":80,"column":5}},"line":60},"8":{"name":"(anonymous_8)","decl":{"start":{"line":67,"column":20},"end":{"line":67,"column":28}},"loc":{"start":{"line":67,"column":35},"end":{"line":77,"column":7}},"line":67},"9":{"name":"(anonymous_9)","decl":{"start":{"line":81,"column":4},"end":{"line":81,"column":17}},"loc":{"start":{"line":81,"column":17},"end":{"line":81,"column":null}},"line":81},"10":{"name":"(anonymous_10)","decl":{"start":{"line":84,"column":8},"end":{"line":84,"column":27}},"loc":{"start":{"line":84,"column":36},"end":{"line":86,"column":null}},"line":84},"11":{"name":"(anonymous_11)","decl":{"start":{"line":85,"column":4},"end":{"line":85,"column":16}},"loc":{"start":{"line":85,"column":24},"end":{"line":85,"column":72}},"line":85},"12":{"name":"(anonymous_12)","decl":{"start":{"line":88,"column":22},"end":{"line":88,"column":29}},"loc":{"start":{"line":88,"column":83},"end":{"line":237,"column":null}},"line":88},"13":{"name":"(anonymous_13)","decl":{"start":{"line":93,"column":4},"end":{"line":93,"column":16}},"loc":{"start":{"line":93,"column":24},"end":{"line":93,"column":100}},"line":93},"14":{"name":"(anonymous_14)","decl":{"start":{"line":100,"column":9},"end":{"line":100,"column":16}},"loc":{"start":{"line":100,"column":21},"end":{"line":100,"column":34}},"line":100},"15":{"name":"(anonymous_15)","decl":{"start":{"line":101,"column":9},"end":{"line":101,"column":20}},"loc":{"start":{"line":101,"column":20},"end":{"line":101,"column":39}},"line":101},"16":{"name":"(anonymous_16)","decl":{"start":{"line":116,"column":9},"end":{"line":116,"column":16}},"loc":{"start":{"line":116,"column":21},"end":{"line":116,"column":38}},"line":116},"17":{"name":"(anonymous_17)","decl":{"start":{"line":117,"column":9},"end":{"line":117,"column":13}},"loc":{"start":{"line":117,"column":18},"end":{"line":129,"column":9}},"line":117},"18":{"name":"(anonymous_18)","decl":{"start":{"line":207,"column":11},"end":{"line":207,"column":22}},"loc":{"start":{"line":207,"column":22},"end":{"line":209,"column":9}},"line":207},"19":{"name":"(anonymous_19)","decl":{"start":{"line":209,"column":11},"end":{"line":209,"column":17}},"loc":{"start":{"line":209,"column":22},"end":{"line":211,"column":9}},"line":209},"20":{"name":"(anonymous_20)","decl":{"start":{"line":214,"column":58},"end":{"line":214,"column":74}},"loc":{"start":{"line":214,"column":74},"end":{"line":220,"column":9}},"line":214},"21":{"name":"(anonymous_21)","decl":{"start":{"line":219,"column":30},"end":{"line":219,"column":36}},"loc":{"start":{"line":219,"column":41},"end":{"line":219,"column":84}},"line":219},"22":{"name":"(anonymous_22)","decl":{"start":{"line":239,"column":8},"end":{"line":239,"column":28}},"loc":{"start":{"line":239,"column":49},"end":{"line":247,"column":null}},"line":239},"23":{"name":"(anonymous_23)","decl":{"start":{"line":242,"column":11},"end":{"line":242,"column":21}},"loc":{"start":{"line":242,"column":27},"end":{"line":245,"column":null}},"line":242},"24":{"name":"(anonymous_24)","decl":{"start":{"line":249,"column":30},"end":{"line":249,"column":42}},"loc":{"start":{"line":249,"column":42},"end":{"line":280,"column":null}},"line":249},"25":{"name":"(anonymous_25)","decl":{"start":{"line":257,"column":16},"end":{"line":257,"column":24}},"loc":{"start":{"line":257,"column":29},"end":{"line":257,"column":47}},"line":257},"26":{"name":"(anonymous_26)","decl":{"start":{"line":273,"column":25},"end":{"line":273,"column":33}},"loc":{"start":{"line":273,"column":38},"end":{"line":273,"column":46}},"line":273},"27":{"name":"(anonymous_27)","decl":{"start":{"line":295,"column":18},"end":{"line":295,"column":33}},"loc":{"start":{"line":295,"column":33},"end":{"line":295,"column":52}},"line":295},"28":{"name":"(anonymous_28)","decl":{"start":{"line":342,"column":18},"end":{"line":342,"column":22}},"loc":{"start":{"line":343,"column":10},"end":{"line":367,"column":null}},"line":343},"29":{"name":"(anonymous_29)","decl":{"start":{"line":388,"column":17},"end":{"line":388,"column":21}},"loc":{"start":{"line":389,"column":12},"end":{"line":396,"column":null}},"line":389},"30":{"name":"(anonymous_30)","decl":{"start":{"line":391,"column":14},"end":{"line":391,"column":29}},"loc":{"start":{"line":391,"column":29},"end":{"line":391,"column":null}},"line":391},"31":{"name":"(anonymous_31)","decl":{"start":{"line":406,"column":12},"end":{"line":406,"column":22}},"loc":{"start":{"line":406,"column":27},"end":{"line":406,"column":null}},"line":406},"32":{"name":"(anonymous_32)","decl":{"start":{"line":409,"column":12},"end":{"line":409,"column":23}},"loc":{"start":{"line":409,"column":28},"end":{"line":414,"column":null}},"line":409},"33":{"name":"(anonymous_33)","decl":{"start":{"line":420,"column":44},"end":{"line":420,"column":59}},"loc":{"start":{"line":420,"column":59},"end":{"line":420,"column":82}},"line":420},"34":{"name":"(anonymous_34)","decl":{"start":{"line":430,"column":44},"end":{"line":430,"column":59}},"loc":{"start":{"line":430,"column":59},"end":{"line":430,"column":79}},"line":430},"35":{"name":"(anonymous_35)","decl":{"start":{"line":440,"column":44},"end":{"line":440,"column":59}},"loc":{"start":{"line":440,"column":59},"end":{"line":440,"column":86}},"line":440},"36":{"name":"(anonymous_36)","decl":{"start":{"line":455,"column":14},"end":{"line":455,"column":29}},"loc":{"start":{"line":455,"column":29},"end":{"line":455,"column":null}},"line":455},"37":{"name":"(anonymous_37)","decl":{"start":{"line":467,"column":20},"end":{"line":467,"column":35}},"loc":{"start":{"line":467,"column":35},"end":{"line":467,"column":63}},"line":467},"38":{"name":"(anonymous_38)","decl":{"start":{"line":488,"column":20},"end":{"line":488,"column":35}},"loc":{"start":{"line":488,"column":35},"end":{"line":488,"column":56}},"line":488},"39":{"name":"(anonymous_39)","decl":{"start":{"line":493,"column":91},"end":{"line":493,"column":102}},"loc":{"start":{"line":493,"column":108},"end":{"line":498,"column":18}},"line":493},"40":{"name":"(anonymous_40)","decl":{"start":{"line":512,"column":20},"end":{"line":512,"column":35}},"loc":{"start":{"line":512,"column":35},"end":{"line":512,"column":59}},"line":512},"41":{"name":"(anonymous_41)","decl":{"start":{"line":518,"column":14},"end":{"line":518,"column":27}},"loc":{"start":{"line":518,"column":33},"end":{"line":518,"column":null}},"line":518},"42":{"name":"(anonymous_42)","decl":{"start":{"line":519,"column":14},"end":{"line":519,"column":23}},"loc":{"start":{"line":519,"column":29},"end":{"line":526,"column":null}},"line":519},"43":{"name":"(anonymous_43)","decl":{"start":{"line":528,"column":69},"end":{"line":528,"column":80}},"loc":{"start":{"line":528,"column":86},"end":{"line":533,"column":18}},"line":528}},"branchMap":{"0":{"loc":{"start":{"line":16,"column":2},"end":{"line":16,"column":null}},"type":"if","locations":[{"start":{"line":16,"column":2},"end":{"line":16,"column":null}},{"start":{},"end":{}}],"line":16},"1":{"loc":{"start":{"line":18,"column":2},"end":{"line":18,"column":null}},"type":"if","locations":[{"start":{"line":18,"column":2},"end":{"line":18,"column":null}},{"start":{},"end":{}}],"line":18},"2":{"loc":{"start":{"line":54,"column":4},"end":{"line":54,"column":null}},"type":"if","locations":[{"start":{"line":54,"column":4},"end":{"line":54,"column":null}},{"start":{},"end":{}}],"line":54},"3":{"loc":{"start":{"line":70,"column":8},"end":{"line":70,"column":null}},"type":"if","locations":[{"start":{"line":70,"column":8},"end":{"line":70,"column":null}},{"start":{},"end":{}}],"line":70},"4":{"loc":{"start":{"line":73,"column":8},"end":{"line":76,"column":null}},"type":"if","locations":[{"start":{"line":73,"column":8},"end":{"line":76,"column":null}},{"start":{},"end":{}}],"line":73},"5":{"loc":{"start":{"line":73,"column":12},"end":{"line":73,"column":45}},"type":"binary-expr","locations":[{"start":{"line":73,"column":12},"end":{"line":73,"column":25}},{"start":{"line":73,"column":25},"end":{"line":73,"column":45}}],"line":73},"6":{"loc":{"start":{"line":75,"column":18},"end":{"line":75,"column":null}},"type":"binary-expr","locations":[{"start":{"line":75,"column":18},"end":{"line":75,"column":33}},{"start":{"line":75,"column":33},"end":{"line":75,"column":null}}],"line":75},"7":{"loc":{"start":{"line":88,"column":35},"end":{"line":88,"column":55}},"type":"default-arg","locations":[{"start":{"line":88,"column":49},"end":{"line":88,"column":55}}],"line":88},"8":{"loc":{"start":{"line":88,"column":55},"end":{"line":88,"column":83}},"type":"default-arg","locations":[{"start":{"line":88,"column":66},"end":{"line":88,"column":83}}],"line":88},"9":{"loc":{"start":{"line":90,"column":4},"end":{"line":90,"column":null}},"type":"if","locations":[{"start":{"line":90,"column":4},"end":{"line":90,"column":null}},{"start":{},"end":{}}],"line":90},"10":{"loc":{"start":{"line":90,"column":9},"end":{"line":90,"column":48}},"type":"binary-expr","locations":[{"start":{"line":90,"column":9},"end":{"line":90,"column":21}},{"start":{"line":90,"column":21},"end":{"line":90,"column":38}},{"start":{"line":90,"column":38},"end":{"line":90,"column":48}}],"line":90},"11":{"loc":{"start":{"line":98,"column":4},"end":{"line":104,"column":null}},"type":"if","locations":[{"start":{"line":98,"column":4},"end":{"line":104,"column":null}},{"start":{},"end":{}}],"line":98},"12":{"loc":{"start":{"line":108,"column":6},"end":{"line":110,"column":null}},"type":"if","locations":[{"start":{"line":108,"column":6},"end":{"line":110,"column":null}},{"start":{},"end":{}}],"line":108},"13":{"loc":{"start":{"line":116,"column":21},"end":{"line":116,"column":38}},"type":"binary-expr","locations":[{"start":{"line":116,"column":21},"end":{"line":116,"column":31}},{"start":{"line":116,"column":31},"end":{"line":116,"column":38}}],"line":116},"14":{"loc":{"start":{"line":119,"column":10},"end":{"line":119,"column":null}},"type":"if","locations":[{"start":{"line":119,"column":10},"end":{"line":119,"column":null}},{"start":{},"end":{}}],"line":119},"15":{"loc":{"start":{"line":120,"column":10},"end":{"line":127,"column":null}},"type":"if","locations":[{"start":{"line":120,"column":10},"end":{"line":127,"column":null}},{"start":{},"end":{}}],"line":120},"16":{"loc":{"start":{"line":122,"column":34},"end":{"line":122,"column":null}},"type":"cond-expr","locations":[{"start":{"line":122,"column":42},"end":{"line":122,"column":53}},{"start":{"line":122,"column":53},"end":{"line":122,"column":null}}],"line":122},"17":{"loc":{"start":{"line":128,"column":17},"end":{"line":128,"column":null}},"type":"cond-expr","locations":[{"start":{"line":128,"column":37},"end":{"line":128,"column":69}},{"start":{"line":128,"column":69},"end":{"line":128,"column":null}}],"line":128},"18":{"loc":{"start":{"line":133,"column":6},"end":{"line":133,"column":null}},"type":"if","locations":[{"start":{"line":133,"column":6},"end":{"line":133,"column":null}},{"start":{},"end":{}}],"line":133},"19":{"loc":{"start":{"line":134,"column":6},"end":{"line":139,"column":null}},"type":"if","locations":[{"start":{"line":134,"column":6},"end":{"line":139,"column":null}},{"start":{},"end":{}}],"line":134},"20":{"loc":{"start":{"line":140,"column":6},"end":{"line":142,"column":null}},"type":"if","locations":[{"start":{"line":140,"column":6},"end":{"line":142,"column":null}},{"start":{},"end":{}}],"line":140},"21":{"loc":{"start":{"line":167,"column":6},"end":{"line":169,"column":null}},"type":"if","locations":[{"start":{"line":167,"column":6},"end":{"line":169,"column":null}},{"start":{},"end":{}}],"line":167},"22":{"loc":{"start":{"line":177,"column":22},"end":{"line":177,"column":null}},"type":"binary-expr","locations":[{"start":{"line":177,"column":22},"end":{"line":177,"column":44}},{"start":{"line":177,"column":44},"end":{"line":177,"column":null}}],"line":177},"23":{"loc":{"start":{"line":182,"column":22},"end":{"line":184,"column":null}},"type":"cond-expr","locations":[{"start":{"line":183,"column":10},"end":{"line":183,"column":null}},{"start":{"line":184,"column":10},"end":{"line":184,"column":null}}],"line":182},"24":{"loc":{"start":{"line":182,"column":22},"end":{"line":182,"column":null}},"type":"binary-expr","locations":[{"start":{"line":182,"column":22},"end":{"line":182,"column":43}},{"start":{"line":182,"column":43},"end":{"line":182,"column":null}}],"line":182},"25":{"loc":{"start":{"line":198,"column":6},"end":{"line":221,"column":null}},"type":"if","locations":[{"start":{"line":198,"column":6},"end":{"line":221,"column":null}},{"start":{},"end":{}}],"line":198},"26":{"loc":{"start":{"line":198,"column":10},"end":{"line":198,"column":70}},"type":"binary-expr","locations":[{"start":{"line":198,"column":10},"end":{"line":198,"column":31}},{"start":{"line":198,"column":31},"end":{"line":198,"column":52}},{"start":{"line":198,"column":52},"end":{"line":198,"column":70}}],"line":198},"27":{"loc":{"start":{"line":202,"column":24},"end":{"line":202,"column":null}},"type":"binary-expr","locations":[{"start":{"line":202,"column":24},"end":{"line":202,"column":47}},{"start":{"line":202,"column":47},"end":{"line":202,"column":null}}],"line":202},"28":{"loc":{"start":{"line":204,"column":16},"end":{"line":204,"column":null}},"type":"binary-expr","locations":[{"start":{"line":204,"column":16},"end":{"line":204,"column":31}},{"start":{"line":204,"column":31},"end":{"line":204,"column":null}}],"line":204},"29":{"loc":{"start":{"line":218,"column":25},"end":{"line":218,"column":null}},"type":"binary-expr","locations":[{"start":{"line":218,"column":25},"end":{"line":218,"column":57}},{"start":{"line":218,"column":57},"end":{"line":218,"column":98}},{"start":{"line":218,"column":98},"end":{"line":218,"column":null}}],"line":218},"30":{"loc":{"start":{"line":223,"column":22},"end":{"line":223,"column":72}},"type":"binary-expr","locations":[{"start":{"line":223,"column":22},"end":{"line":223,"column":38}},{"start":{"line":223,"column":38},"end":{"line":223,"column":72}}],"line":223},"31":{"loc":{"start":{"line":228,"column":29},"end":{"line":228,"column":null}},"type":"binary-expr","locations":[{"start":{"line":228,"column":29},"end":{"line":228,"column":59}},{"start":{"line":228,"column":59},"end":{"line":228,"column":null}}],"line":228},"32":{"loc":{"start":{"line":229,"column":25},"end":{"line":231,"column":null}},"type":"cond-expr","locations":[{"start":{"line":230,"column":10},"end":{"line":230,"column":null}},{"start":{"line":231,"column":10},"end":{"line":231,"column":null}}],"line":229},"33":{"loc":{"start":{"line":240,"column":4},"end":{"line":240,"column":null}},"type":"if","locations":[{"start":{"line":240,"column":4},"end":{"line":240,"column":null}},{"start":{},"end":{}}],"line":240},"34":{"loc":{"start":{"line":263,"column":6},"end":{"line":266,"column":null}},"type":"if","locations":[{"start":{"line":263,"column":6},"end":{"line":266,"column":null}},{"start":{},"end":{}}],"line":263},"35":{"loc":{"start":{"line":289,"column":7},"end":{"line":296,"column":null}},"type":"binary-expr","locations":[{"start":{"line":289,"column":7},"end":{"line":289,"column":null}},{"start":{"line":290,"column":8},"end":{"line":296,"column":null}}],"line":289},"36":{"loc":{"start":{"line":304,"column":136},"end":{"line":304,"column":null}},"type":"cond-expr","locations":[{"start":{"line":304,"column":147},"end":{"line":304,"column":160}},{"start":{"line":304,"column":160},"end":{"line":304,"column":null}}],"line":304},"37":{"loc":{"start":{"line":310,"column":94},"end":{"line":310,"column":142}},"type":"cond-expr","locations":[{"start":{"line":310,"column":105},"end":{"line":310,"column":121}},{"start":{"line":310,"column":121},"end":{"line":310,"column":142}}],"line":310},"38":{"loc":{"start":{"line":320,"column":9},"end":{"line":339,"column":null}},"type":"binary-expr","locations":[{"start":{"line":320,"column":9},"end":{"line":320,"column":null}},{"start":{"line":321,"column":10},"end":{"line":339,"column":null}}],"line":320},"39":{"loc":{"start":{"line":343,"column":84},"end":{"line":343,"column":null}},"type":"cond-expr","locations":[{"start":{"line":343,"column":106},"end":{"line":343,"column":135}},{"start":{"line":343,"column":135},"end":{"line":343,"column":null}}],"line":343},"40":{"loc":{"start":{"line":344,"column":13},"end":{"line":353,"column":13}},"type":"cond-expr","locations":[{"start":{"line":345,"column":14},"end":{"line":349,"column":15}},{"start":{"line":349,"column":14},"end":{"line":353,"column":13}}],"line":344},"41":{"loc":{"start":{"line":353,"column":31},"end":{"line":353,"column":334}},"type":"cond-expr","locations":[{"start":{"line":353,"column":53},"end":{"line":353,"column":196}},{"start":{"line":353,"column":196},"end":{"line":353,"column":334}}],"line":353},"42":{"loc":{"start":{"line":355,"column":17},"end":{"line":363,"column":null}},"type":"cond-expr","locations":[{"start":{"line":356,"column":18},"end":{"line":358,"column":null}},{"start":{"line":358,"column":18},"end":{"line":363,"column":null}}],"line":355},"43":{"loc":{"start":{"line":360,"column":21},"end":{"line":363,"column":null}},"type":"binary-expr","locations":[{"start":{"line":360,"column":21},"end":{"line":360,"column":null}},{"start":{"line":361,"column":22},"end":{"line":363,"column":null}}],"line":360},"44":{"loc":{"start":{"line":370,"column":9},"end":{"line":380,"column":null}},"type":"binary-expr","locations":[{"start":{"line":370,"column":9},"end":{"line":370,"column":null}},{"start":{"line":371,"column":11},"end":{"line":380,"column":null}}],"line":370},"45":{"loc":{"start":{"line":410,"column":14},"end":{"line":413,"column":null}},"type":"if","locations":[{"start":{"line":410,"column":14},"end":{"line":413,"column":null}},{"start":{},"end":{}}],"line":410},"46":{"loc":{"start":{"line":410,"column":18},"end":{"line":410,"column":52}},"type":"binary-expr","locations":[{"start":{"line":410,"column":18},"end":{"line":410,"column":39}},{"start":{"line":410,"column":39},"end":{"line":410,"column":52}}],"line":410},"47":{"loc":{"start":{"line":452,"column":24},"end":{"line":452,"column":null}},"type":"binary-expr","locations":[{"start":{"line":452,"column":24},"end":{"line":452,"column":36}},{"start":{"line":452,"column":36},"end":{"line":452,"column":null}}],"line":452},"48":{"loc":{"start":{"line":464,"column":7},"end":{"line":481,"column":null}},"type":"binary-expr","locations":[{"start":{"line":464,"column":7},"end":{"line":464,"column":null}},{"start":{"line":465,"column":8},"end":{"line":481,"column":null}}],"line":464},"49":{"loc":{"start":{"line":485,"column":7},"end":{"line":505,"column":null}},"type":"binary-expr","locations":[{"start":{"line":485,"column":7},"end":{"line":485,"column":null}},{"start":{"line":486,"column":8},"end":{"line":505,"column":null}}],"line":485},"50":{"loc":{"start":{"line":494,"column":16},"end":{"line":497,"column":null}},"type":"if","locations":[{"start":{"line":494,"column":16},"end":{"line":497,"column":null}},{"start":{},"end":{}}],"line":494},"51":{"loc":{"start":{"line":509,"column":7},"end":{"line":540,"column":null}},"type":"binary-expr","locations":[{"start":{"line":509,"column":7},"end":{"line":509,"column":null}},{"start":{"line":510,"column":8},"end":{"line":540,"column":null}}],"line":509},"52":{"loc":{"start":{"line":522,"column":16},"end":{"line":525,"column":null}},"type":"if","locations":[{"start":{"line":522,"column":16},"end":{"line":525,"column":null}},{"start":{},"end":{}}],"line":522},"53":{"loc":{"start":{"line":529,"column":16},"end":{"line":532,"column":null}},"type":"if","locations":[{"start":{"line":529,"column":16},"end":{"line":532,"column":null}},{"start":{},"end":{}}],"line":529}},"s":{"0":2,"1":2,"2":2,"3":0,"4":0,"5":0,"6":0,"7":0,"8":0,"9":0,"10":0,"11":0,"12":0,"13":2,"14":2,"15":25,"16":25,"17":25,"18":25,"19":25,"20":25,"21":25,"22":25,"23":25,"24":25,"25":25,"26":25,"27":25,"28":12,"29":25,"30":12,"31":25,"32":12,"33":1,"34":11,"35":11,"36":11,"37":11,"38":11,"39":11,"40":11,"41":0,"42":0,"43":0,"44":0,"45":0,"46":0,"47":0,"48":11,"49":11,"50":11,"51":25,"52":0,"53":0,"54":25,"55":0,"56":0,"57":0,"58":0,"59":0,"60":0,"61":0,"62":0,"63":0,"64":0,"65":0,"66":0,"67":0,"68":0,"69":0,"70":0,"71":0,"72":0,"73":0,"74":0,"75":0,"76":0,"77":0,"78":0,"79":0,"80":0,"81":0,"82":0,"83":0,"84":0,"85":0,"86":0,"87":0,"88":0,"89":0,"90":0,"91":0,"92":0,"93":0,"94":0,"95":0,"96":0,"97":0,"98":0,"99":0,"100":0,"101":0,"102":0,"103":0,"104":0,"105":0,"106":0,"107":0,"108":0,"109":0,"110":0,"111":0,"112":0,"113":0,"114":0,"115":0,"116":0,"117":0,"118":0,"119":25,"120":0,"121":0,"122":0,"123":0,"124":0,"125":0,"126":0,"127":25,"128":0,"129":0,"130":0,"131":0,"132":0,"133":0,"134":0,"135":0,"136":0,"137":0,"138":0,"139":0,"140":0,"141":0,"142":0,"143":0,"144":0,"145":0,"146":0,"147":0,"148":0,"149":0,"150":0,"151":0,"152":0,"153":25,"154":0,"155":25,"156":75,"157":0,"158":2,"159":0,"160":0,"161":0,"162":0,"163":0,"164":0,"165":0,"166":0,"167":0,"168":0,"169":0,"170":0,"171":0,"172":0,"173":0,"174":0,"175":0,"176":0,"177":0,"178":0,"179":0,"180":0,"181":0},"f":{"0":0,"1":0,"2":25,"3":25,"4":12,"5":12,"6":12,"7":11,"8":0,"9":11,"10":0,"11":0,"12":0,"13":0,"14":0,"15":0,"16":0,"17":0,"18":0,"19":0,"20":0,"21":0,"22":0,"23":0,"24":0,"25":0,"26":0,"27":0,"28":25,"29":75,"30":0,"31":2,"32":0,"33":0,"34":0,"35":0,"36":0,"37":0,"38":0,"39":0,"40":0,"41":0,"42":0,"43":0},"b":{"0":[0,0],"1":[0,0],"2":[1,11],"3":[0,0],"4":[0,0],"5":[0,0],"6":[0,0],"7":[0],"8":[0],"9":[0,0],"10":[0,0,0],"11":[0,0],"12":[0,0],"13":[0,0],"14":[0,0],"15":[0,0],"16":[0,0],"17":[0,0],"18":[0,0],"19":[0,0],"20":[0,0],"21":[0,0],"22":[0,0],"23":[0,0],"24":[0,0],"25":[0,0],"26":[0,0,0],"27":[0,0],"28":[0,0],"29":[0,0,0],"30":[0,0],"31":[0,0],"32":[0,0],"33":[0,0],"34":[0,0],"35":[25,0],"36":[0,25],"37":[0,25],"38":[25,25],"39":[0,25],"40":[0,25],"41":[0,25],"42":[25,0],"43":[0,0],"44":[25,0],"45":[0,0],"46":[0,0],"47":[25,25],"48":[25,0],"49":[25,0],"50":[0,0],"51":[25,0],"52":[0,0],"53":[0,0]},"meta":{"lastBranch":54,"lastFunction":44,"lastStatement":182,"seen":{"s:10:18:10:Infinity":0,"s:13:15:13:Infinity":1,"s:14:6:22:Infinity":2,"f:14:6:14:25":0,"s:15:18:15:Infinity":3,"b:16:2:16:Infinity:undefined:undefined:undefined:undefined":0,"s:16:2:16:Infinity":4,"s:16:16:16:Infinity":5,"s:17:15:17:Infinity":6,"f:17:34:17:38":1,"s:17:43:17:51":7,"b:18:2:18:Infinity:undefined:undefined:undefined:undefined":1,"s:18:2:18:Infinity":8,"s:18:25:18:Infinity":9,"s:19:14:19:Infinity":10,"s:20:2:20:Infinity":11,"s:21:2:21:Infinity":12,"s:25:12:25:Infinity":13,"s:26:6:26:Infinity":14,"f:26:6:26:21":2,"s:26:21:26:Infinity":15,"f:28:24:28:39":3,"s:29:19:31:Infinity":16,"s:32:16:32:Infinity":17,"s:33:16:33:Infinity":18,"s:34:20:34:Infinity":19,"s:35:23:35:Infinity":20,"s:36:27:36:Infinity":21,"s:37:19:37:Infinity":22,"s:38:19:38:Infinity":23,"s:39:21:39:Infinity":24,"s:41:8:41:Infinity":25,"s:42:8:42:Infinity":26,"s:44:8:46:Infinity":27,"f:44:8:44:31":4,"s:45:4:45:Infinity":28,"s:48:2:50:Infinity":29,"f:48:2:48:18":5,"s:49:4:49:Infinity":30,"s:53:2:82:Infinity":31,"f:53:2:53:18":6,"b:54:4:54:Infinity:undefined:undefined:undefined:undefined":2,"s:54:4:54:Infinity":32,"s:54:27:54:Infinity":33,"s:55:10:59:Infinity":34,"s:60:10:80:Infinity":35,"f:60:35:60:39":7,"s:61:20:61:Infinity":36,"s:62:6:62:Infinity":37,"s:64:18:64:Infinity":38,"s:65:16:65:Infinity":39,"s:67:6:77:Infinity":40,"f:67:20:67:28":8,"s:68:21:68:Infinity":41,"b:70:8:70:Infinity:undefined:undefined:undefined:undefined":3,"s:70:8:70:Infinity":42,"s:70:47:70:Infinity":43,"s:72:26:72:Infinity":44,"b:73:8:76:Infinity:undefined:undefined:undefined:undefined":4,"s:73:8:76:Infinity":45,"b:73:12:73:25:73:25:73:45":5,"s:74:10:74:Infinity":46,"s:75:10:75:Infinity":47,"b:75:18:75:33:75:33:75:Infinity":6,"s:79:6:79:Infinity":48,"s:81:4:81:Infinity":49,"f:81:4:81:17":9,"s:81:17:81:Infinity":50,"s:84:8:86:Infinity":51,"f:84:8:84:27":10,"s:85:4:85:Infinity":52,"f:85:4:85:16":11,"s:85:24:85:72":53,"s:88:22:237:Infinity":54,"f:88:22:88:29":12,"b:88:49:88:55":7,"b:88:66:88:83":8,"s:89:20:89:Infinity":55,"b:90:4:90:Infinity:undefined:undefined:undefined:undefined":9,"s:90:4:90:Infinity":56,"b:90:9:90:21:90:21:90:38:90:38:90:48":10,"s:90:48:90:Infinity":57,"s:93:4:93:Infinity":58,"f:93:4:93:16":13,"s:93:24:93:100":59,"s:94:4:94:Infinity":60,"s:95:4:95:Infinity":61,"b:98:4:104:Infinity:undefined:undefined:undefined:undefined":11,"s:98:4:104:Infinity":62,"s:99:23:102:Infinity":63,"f:100:9:100:16":14,"s:100:21:100:34":64,"f:101:9:101:20":15,"s:101:20:101:39":65,"s:103:6:103:Infinity":66,"s:106:4:236:Infinity":67,"s:107:21:107:Infinity":68,"b:108:6:110:Infinity:undefined:undefined:undefined:undefined":12,"s:108:6:110:Infinity":69,"s:109:8:109:Infinity":70,"s:112:6:112:Infinity":71,"s:115:32:129:Infinity":72,"f:116:9:116:16":16,"s:116:21:116:38":73,"b:116:21:116:31:116:31:116:38":13,"f:117:9:117:13":17,"s:118:26:118:Infinity":74,"b:119:10:119:Infinity:undefined:undefined:undefined:undefined":14,"s:119:10:119:Infinity":75,"s:119:22:119:Infinity":76,"b:120:10:127:Infinity:undefined:undefined:undefined:undefined":15,"s:120:10:127:Infinity":77,"s:121:26:121:Infinity":78,"s:122:34:122:Infinity":79,"b:122:42:122:53:122:53:122:Infinity":16,"s:123:12:126:Infinity":80,"s:128:10:128:Infinity":81,"b:128:37:128:69:128:69:128:Infinity":17,"s:132:33:132:Infinity":82,"b:133:6:133:Infinity:undefined:undefined:undefined:undefined":18,"s:133:6:133:Infinity":83,"s:133:19:133:Infinity":84,"b:134:6:139:Infinity:undefined:undefined:undefined:undefined":19,"s:134:6:139:Infinity":85,"s:135:8:138:Infinity":86,"b:140:6:142:Infinity:undefined:undefined:undefined:undefined":20,"s:140:6:142:Infinity":87,"s:141:8:141:Infinity":88,"s:144:27:144:Infinity":89,"b:167:6:169:Infinity:undefined:undefined:undefined:undefined":21,"s:167:6:169:Infinity":90,"s:168:8:168:Infinity":91,"s:170:26:170:Infinity":92,"s:173:26:173:Infinity":93,"s:176:25:176:Infinity":94,"s:177:22:177:Infinity":95,"b:177:22:177:44:177:44:177:Infinity":22,"s:180:25:180:Infinity":96,"s:181:24:181:Infinity":97,"s:182:22:184:Infinity":98,"b:183:10:183:Infinity:184:10:184:Infinity":23,"b:182:22:182:43:182:43:182:Infinity":24,"s:187:6:195:Infinity":99,"s:188:8:188:Infinity":100,"s:191:26:191:Infinity":101,"s:192:8:192:Infinity":102,"s:193:8:193:Infinity":103,"s:194:8:194:Infinity":104,"b:198:6:221:Infinity:undefined:undefined:undefined:undefined":25,"s:198:6:221:Infinity":105,"b:198:10:198:31:198:31:198:52:198:52:198:70":26,"s:200:8:211:Infinity":106,"b:202:24:202:47:202:47:202:Infinity":27,"b:204:16:204:31:204:31:204:Infinity":28,"f:207:11:207:22":18,"s:208:10:208:Infinity":107,"f:209:11:209:17":19,"s:210:10:210:Infinity":108,"s:214:8:220:Infinity":109,"f:214:58:214:74":20,"s:215:10:219:Infinity":110,"b:218:25:218:57:218:57:218:98:218:98:218:Infinity":29,"f:219:30:219:36":21,"s:219:41:219:84":111,"s:223:6:223:Infinity":112,"b:223:22:223:38:223:38:223:72":30,"s:226:6:226:Infinity":113,"s:228:29:228:Infinity":114,"b:228:29:228:59:228:59:228:Infinity":31,"s:229:25:231:Infinity":115,"b:230:10:230:Infinity:231:10:231:Infinity":32,"s:232:6:232:Infinity":116,"s:233:6:233:Infinity":117,"s:235:6:235:Infinity":118,"s:239:8:247:Infinity":119,"f:239:8:239:28":22,"b:240:4:240:Infinity:undefined:undefined:undefined:undefined":33,"s:240:4:240:Infinity":120,"s:240:15:240:Infinity":121,"s:241:19:241:Infinity":122,"s:242:4:245:Infinity":123,"f:242:11:242:21":23,"s:243:21:243:Infinity":124,"s:244:6:244:Infinity":125,"s:246:4:246:Infinity":126,"s:249:30:280:Infinity":127,"f:249:30:249:42":24,"s:250:4:279:Infinity":128,"s:251:21:251:Infinity":129,"s:252:20:252:Infinity":130,"s:253:6:253:Infinity":131,"s:254:6:254:Infinity":132,"s:257:6:257:Infinity":133,"f:257:16:257:24":25,"s:257:29:257:47":134,"s:259:21:259:Infinity":135,"s:260:24:260:Infinity":136,"s:261:18:261:Infinity":137,"s:262:19:262:Infinity":138,"b:263:6:266:Infinity:undefined:undefined:undefined:undefined":34,"s:263:6:266:Infinity":139,"s:264:8:264:Infinity":140,"s:265:8:265:Infinity":141,"s:267:6:267:Infinity":142,"s:268:6:268:Infinity":143,"s:269:18:269:Infinity":144,"s:270:6:270:Infinity":145,"s:271:21:271:Infinity":146,"s:273:6:273:Infinity":147,"f:273:25:273:33":26,"s:273:38:273:46":148,"s:274:6:274:Infinity":149,"s:275:6:275:Infinity":150,"s:277:6:277:Infinity":151,"s:278:6:278:Infinity":152,"s:283:2:542:Infinity":153,"b:289:7:289:Infinity:290:8:296:Infinity":35,"f:295:18:295:33":27,"s:295:33:295:52":154,"b:304:147:304:160:304:160:304:Infinity":36,"b:310:105:310:121:310:121:310:142":37,"b:320:9:320:Infinity:321:10:339:Infinity":38,"f:342:18:342:22":28,"s:343:10:367:Infinity":155,"b:343:106:343:135:343:135:343:Infinity":39,"b:345:14:349:15:349:14:353:13":40,"b:353:53:353:196:353:196:353:334":41,"b:356:18:358:Infinity:358:18:363:Infinity":42,"b:360:21:360:Infinity:361:22:363:Infinity":43,"b:370:9:370:Infinity:371:11:380:Infinity":44,"f:388:17:388:21":29,"s:389:12:396:Infinity":156,"f:391:14:391:29":30,"s:391:29:391:Infinity":157,"f:406:12:406:22":31,"s:406:27:406:Infinity":158,"f:409:12:409:23":32,"b:410:14:413:Infinity:undefined:undefined:undefined:undefined":45,"s:410:14:413:Infinity":159,"b:410:18:410:39:410:39:410:52":46,"s:411:16:411:Infinity":160,"s:412:16:412:Infinity":161,"f:420:44:420:59":33,"s:420:59:420:82":162,"f:430:44:430:59":34,"s:430:59:430:79":163,"f:440:44:440:59":35,"s:440:59:440:86":164,"b:452:24:452:36:452:36:452:Infinity":47,"f:455:14:455:29":36,"s:455:29:455:Infinity":165,"b:464:7:464:Infinity:465:8:481:Infinity":48,"f:467:20:467:35":37,"s:467:35:467:63":166,"b:485:7:485:Infinity:486:8:505:Infinity":49,"f:488:20:488:35":38,"s:488:35:488:56":167,"f:493:91:493:102":39,"b:494:16:497:Infinity:undefined:undefined:undefined:undefined":50,"s:494:16:497:Infinity":168,"s:495:18:495:Infinity":169,"s:496:18:496:Infinity":170,"b:509:7:509:Infinity:510:8:540:Infinity":51,"f:512:20:512:35":40,"s:512:35:512:59":171,"f:518:14:518:27":41,"s:518:35:518:55":172,"s:518:55:518:76":173,"f:519:14:519:23":42,"s:520:16:520:Infinity":174,"s:521:16:521:Infinity":175,"b:522:16:525:Infinity:undefined:undefined:undefined:undefined":52,"s:522:16:525:Infinity":176,"s:523:18:523:Infinity":177,"s:524:18:524:Infinity":178,"f:528:69:528:80":43,"b:529:16:532:Infinity:undefined:undefined:undefined:undefined":53,"s:529:16:532:Infinity":179,"s:530:18:530:Infinity":180,"s:531:18:531:Infinity":181},"fnNames":{}}}
,"/home/vp/Desktop/carbon_footprint/src/components/Analytics.jsx": {"path":"/home/vp/Desktop/carbon_footprint/src/components/Analytics.jsx","statementMap":{"0":{"start":{"line":8,"column":21},"end":{"line":8,"column":null}},"1":{"start":{"line":9,"column":17},"end":{"line":9,"column":null}},"2":{"start":{"line":10,"column":26},"end":{"line":10,"column":null}},"3":{"start":{"line":11,"column":20},"end":{"line":11,"column":null}},"4":{"start":{"line":12,"column":18},"end":{"line":12,"column":null}},"5":{"start":{"line":15,"column":2},"end":{"line":55,"column":null}},"6":{"start":{"line":16,"column":4},"end":{"line":16,"column":null}},"7":{"start":{"line":16,"column":27},"end":{"line":16,"column":null}},"8":{"start":{"line":19,"column":10},"end":{"line":19,"column":null}},"9":{"start":{"line":20,"column":10},"end":{"line":26,"column":null}},"10":{"start":{"line":21,"column":6},"end":{"line":25,"column":null}},"11":{"start":{"line":22,"column":8},"end":{"line":22,"column":null}},"12":{"start":{"line":24,"column":8},"end":{"line":24,"column":null}},"13":{"start":{"line":24,"column":29},"end":{"line":24,"column":82}},"14":{"start":{"line":29,"column":10},"end":{"line":33,"column":null}},"15":{"start":{"line":35,"column":10},"end":{"line":49,"column":null}},"16":{"start":{"line":36,"column":19},"end":{"line":46,"column":null}},"17":{"start":{"line":36,"column":45},"end":{"line":46,"column":8}},"18":{"start":{"line":47,"column":6},"end":{"line":47,"column":null}},"19":{"start":{"line":48,"column":6},"end":{"line":48,"column":null}},"20":{"start":{"line":51,"column":4},"end":{"line":54,"column":null}},"21":{"start":{"line":52,"column":6},"end":{"line":52,"column":null}},"22":{"start":{"line":53,"column":6},"end":{"line":53,"column":null}},"23":{"start":{"line":53,"column":51},"end":{"line":53,"column":null}},"24":{"start":{"line":57,"column":21},"end":{"line":64,"column":null}},"25":{"start":{"line":58,"column":4},"end":{"line":58,"column":null}},"26":{"start":{"line":58,"column":27},"end":{"line":58,"column":null}},"27":{"start":{"line":59,"column":4},"end":{"line":61,"column":null}},"28":{"start":{"line":62,"column":4},"end":{"line":62,"column":null}},"29":{"start":{"line":63,"column":4},"end":{"line":63,"column":null}},"30":{"start":{"line":66,"column":24},"end":{"line":66,"column":null}},"31":{"start":{"line":68,"column":8},"end":{"line":77,"column":null}},"32":{"start":{"line":69,"column":16},"end":{"line":75,"column":null}},"33":{"start":{"line":70,"column":6},"end":{"line":72,"column":null}},"34":{"start":{"line":71,"column":8},"end":{"line":71,"column":null}},"35":{"start":{"line":73,"column":6},"end":{"line":73,"column":null}},"36":{"start":{"line":74,"column":6},"end":{"line":74,"column":null}},"37":{"start":{"line":76,"column":4},"end":{"line":76,"column":null}},"38":{"start":{"line":79,"column":2},"end":{"line":81,"column":null}},"39":{"start":{"line":80,"column":4},"end":{"line":80,"column":null}},"40":{"start":{"line":83,"column":2},"end":{"line":208,"column":null}},"41":{"start":{"line":109,"column":37},"end":{"line":109,"column":null}},"42":{"start":{"line":115,"column":69},"end":{"line":115,"column":null}},"43":{"start":{"line":164,"column":20},"end":{"line":164,"column":null}},"44":{"start":{"line":185,"column":12},"end":{"line":199,"column":null}}},"fnMap":{"0":{"name":"Analytics","decl":{"start":{"line":7,"column":24},"end":{"line":7,"column":34}},"loc":{"start":{"line":7,"column":55},"end":{"line":210,"column":null}},"line":7},"1":{"name":"(anonymous_1)","decl":{"start":{"line":15,"column":2},"end":{"line":15,"column":18}},"loc":{"start":{"line":15,"column":18},"end":{"line":55,"column":5}},"line":15},"2":{"name":"(anonymous_2)","decl":{"start":{"line":20,"column":41},"end":{"line":20,"column":54}},"loc":{"start":{"line":20,"column":66},"end":{"line":26,"column":5}},"line":20},"3":{"name":"(anonymous_3)","decl":{"start":{"line":24,"column":8},"end":{"line":24,"column":21}},"loc":{"start":{"line":24,"column":29},"end":{"line":24,"column":82}},"line":24},"4":{"name":"(anonymous_4)","decl":{"start":{"line":35,"column":35},"end":{"line":35,"column":39}},"loc":{"start":{"line":35,"column":52},"end":{"line":49,"column":5}},"line":35},"5":{"name":"(anonymous_5)","decl":{"start":{"line":36,"column":33},"end":{"line":36,"column":37}},"loc":{"start":{"line":36,"column":45},"end":{"line":46,"column":8}},"line":36},"6":{"name":"(anonymous_6)","decl":{"start":{"line":51,"column":4},"end":{"line":51,"column":17}},"loc":{"start":{"line":51,"column":17},"end":{"line":54,"column":null}},"line":51},"7":{"name":"(anonymous_7)","decl":{"start":{"line":57,"column":21},"end":{"line":57,"column":33}},"loc":{"start":{"line":57,"column":33},"end":{"line":64,"column":null}},"line":57},"8":{"name":"(anonymous_8)","decl":{"start":{"line":68,"column":20},"end":{"line":68,"column":34}},"loc":{"start":{"line":68,"column":34},"end":{"line":77,"column":5}},"line":68},"9":{"name":"(anonymous_9)","decl":{"start":{"line":69,"column":27},"end":{"line":69,"column":35}},"loc":{"start":{"line":69,"column":48},"end":{"line":75,"column":7}},"line":69},"10":{"name":"(anonymous_10)","decl":{"start":{"line":109,"column":20},"end":{"line":109,"column":31}},"loc":{"start":{"line":109,"column":37},"end":{"line":109,"column":null}},"line":109},"11":{"name":"(anonymous_11)","decl":{"start":{"line":115,"column":54},"end":{"line":115,"column":69}},"loc":{"start":{"line":115,"column":69},"end":{"line":115,"column":null}},"line":115},"12":{"name":"(anonymous_12)","decl":{"start":{"line":163,"column":29},"end":{"line":163,"column":34}},"loc":{"start":{"line":164,"column":20},"end":{"line":164,"column":null}},"line":164},"13":{"name":"(anonymous_13)","decl":{"start":{"line":184,"column":46},"end":{"line":184,"column":50}},"loc":{"start":{"line":185,"column":12},"end":{"line":199,"column":null}},"line":185}},"branchMap":{"0":{"loc":{"start":{"line":16,"column":4},"end":{"line":16,"column":null}},"type":"if","locations":[{"start":{"line":16,"column":4},"end":{"line":16,"column":null}},{"start":{},"end":{}}],"line":16},"1":{"loc":{"start":{"line":21,"column":6},"end":{"line":25,"column":null}},"type":"if","locations":[{"start":{"line":21,"column":6},"end":{"line":25,"column":null}},{"start":{},"end":{}}],"line":21},"2":{"loc":{"start":{"line":21,"column":10},"end":{"line":21,"column":60}},"type":"binary-expr","locations":[{"start":{"line":21,"column":10},"end":{"line":21,"column":30}},{"start":{"line":21,"column":30},"end":{"line":21,"column":60}}],"line":21},"3":{"loc":{"start":{"line":24,"column":29},"end":{"line":24,"column":82}},"type":"cond-expr","locations":[{"start":{"line":24,"column":47},"end":{"line":24,"column":54}},{"start":{"line":24,"column":54},"end":{"line":24,"column":82}}],"line":24},"4":{"loc":{"start":{"line":40,"column":14},"end":{"line":42,"column":null}},"type":"cond-expr","locations":[{"start":{"line":40,"column":43},"end":{"line":41,"column":null}},{"start":{"line":42,"column":12},"end":{"line":42,"column":null}}],"line":40},"5":{"loc":{"start":{"line":43,"column":19},"end":{"line":45,"column":null}},"type":"cond-expr","locations":[{"start":{"line":43,"column":48},"end":{"line":44,"column":null}},{"start":{"line":45,"column":12},"end":{"line":45,"column":null}}],"line":43},"6":{"loc":{"start":{"line":53,"column":6},"end":{"line":53,"column":null}},"type":"if","locations":[{"start":{"line":53,"column":6},"end":{"line":53,"column":null}},{"start":{},"end":{}}],"line":53},"7":{"loc":{"start":{"line":58,"column":4},"end":{"line":58,"column":null}},"type":"if","locations":[{"start":{"line":58,"column":4},"end":{"line":58,"column":null}},{"start":{},"end":{}}],"line":58},"8":{"loc":{"start":{"line":70,"column":6},"end":{"line":72,"column":null}},"type":"if","locations":[{"start":{"line":70,"column":6},"end":{"line":72,"column":null}},{"start":{},"end":{}}],"line":70},"9":{"loc":{"start":{"line":73,"column":35},"end":{"line":73,"column":null}},"type":"binary-expr","locations":[{"start":{"line":73,"column":35},"end":{"line":73,"column":49}},{"start":{"line":73,"column":49},"end":{"line":73,"column":null}}],"line":73},"10":{"loc":{"start":{"line":79,"column":2},"end":{"line":81,"column":null}},"type":"if","locations":[{"start":{"line":79,"column":2},"end":{"line":81,"column":null}},{"start":{},"end":{}}],"line":79},"11":{"loc":{"start":{"line":104,"column":15},"end":{"line":120,"column":null}},"type":"cond-expr","locations":[{"start":{"line":105,"column":16},"end":{"line":115,"column":17}},{"start":{"line":115,"column":16},"end":{"line":120,"column":null}}],"line":104},"12":{"loc":{"start":{"line":127,"column":89},"end":{"line":127,"column":null}},"type":"cond-expr","locations":[{"start":{"line":127,"column":110},"end":{"line":127,"column":128}},{"start":{"line":127,"column":128},"end":{"line":127,"column":null}}],"line":127},"13":{"loc":{"start":{"line":143,"column":9},"end":{"line":175,"column":null}},"type":"cond-expr","locations":[{"start":{"line":144,"column":10},"end":{"line":171,"column":11}},{"start":{"line":171,"column":10},"end":{"line":175,"column":null}}],"line":143},"14":{"loc":{"start":{"line":164,"column":54},"end":{"line":164,"column":96}},"type":"cond-expr","locations":[{"start":{"line":164,"column":72},"end":{"line":164,"column":84}},{"start":{"line":164,"column":84},"end":{"line":164,"column":96}}],"line":164},"15":{"loc":{"start":{"line":184,"column":11},"end":{"line":203,"column":null}},"type":"cond-expr","locations":[{"start":{"line":184,"column":35},"end":{"line":200,"column":null}},{"start":{"line":201,"column":12},"end":{"line":203,"column":null}}],"line":184},"16":{"loc":{"start":{"line":188,"column":38},"end":{"line":188,"column":114}},"type":"cond-expr","locations":[{"start":{"line":188,"column":66},"end":{"line":188,"column":84}},{"start":{"line":188,"column":84},"end":{"line":188,"column":114}}],"line":188},"17":{"loc":{"start":{"line":191,"column":69},"end":{"line":191,"column":129}},"type":"binary-expr","locations":[{"start":{"line":191,"column":69},"end":{"line":191,"column":107}},{"start":{"line":191,"column":107},"end":{"line":191,"column":129}}],"line":191},"18":{"loc":{"start":{"line":197,"column":78},"end":{"line":197,"column":104}},"type":"binary-expr","locations":[{"start":{"line":197,"column":78},"end":{"line":197,"column":90}},{"start":{"line":197,"column":90},"end":{"line":197,"column":104}}],"line":197}},"s":{"0":4,"1":4,"2":4,"3":4,"4":4,"5":4,"6":2,"7":0,"8":2,"9":2,"10":2,"11":2,"12":2,"13":2,"14":2,"15":2,"16":2,"17":0,"18":2,"19":2,"20":2,"21":2,"22":2,"23":2,"24":4,"25":0,"26":0,"27":0,"28":0,"29":0,"30":4,"31":4,"32":4,"33":0,"34":0,"35":0,"36":0,"37":4,"38":4,"39":2,"40":2,"41":0,"42":0,"43":0,"44":0},"f":{"0":4,"1":2,"2":2,"3":2,"4":2,"5":0,"6":2,"7":0,"8":4,"9":0,"10":0,"11":0,"12":0,"13":0},"b":{"0":[0,2],"1":[2,0],"2":[2,2],"3":[0,2],"4":[0,0],"5":[0,0],"6":[2,0],"7":[0,0],"8":[0,0],"9":[0,0],"10":[2,2],"11":[0,2],"12":[0,2],"13":[0,2],"14":[0,0],"15":[0,2],"16":[0,0],"17":[0,0],"18":[0,0]},"meta":{"lastBranch":19,"lastFunction":14,"lastStatement":45,"seen":{"f:7:24:7:34":0,"s:8:21:8:Infinity":0,"s:9:17:9:Infinity":1,"s:10:26:10:Infinity":2,"s:11:20:11:Infinity":3,"s:12:18:12:Infinity":4,"s:15:2:55:Infinity":5,"f:15:2:15:18":1,"b:16:4:16:Infinity:undefined:undefined:undefined:undefined":0,"s:16:4:16:Infinity":6,"s:16:27:16:Infinity":7,"s:19:10:19:Infinity":8,"s:20:10:26:Infinity":9,"f:20:41:20:54":2,"b:21:6:25:Infinity:undefined:undefined:undefined:undefined":1,"s:21:6:25:Infinity":10,"b:21:10:21:30:21:30:21:60":2,"s:22:8:22:Infinity":11,"s:24:8:24:Infinity":12,"f:24:8:24:21":3,"s:24:29:24:82":13,"b:24:47:24:54:24:54:24:82":3,"s:29:10:33:Infinity":14,"s:35:10:49:Infinity":15,"f:35:35:35:39":4,"s:36:19:46:Infinity":16,"f:36:33:36:37":5,"s:36:45:46:8":17,"b:40:43:41:Infinity:42:12:42:Infinity":4,"b:43:48:44:Infinity:45:12:45:Infinity":5,"s:47:6:47:Infinity":18,"s:48:6:48:Infinity":19,"s:51:4:54:Infinity":20,"f:51:4:51:17":6,"s:52:6:52:Infinity":21,"b:53:6:53:Infinity:undefined:undefined:undefined:undefined":6,"s:53:6:53:Infinity":22,"s:53:51:53:Infinity":23,"s:57:21:64:Infinity":24,"f:57:21:57:33":7,"b:58:4:58:Infinity:undefined:undefined:undefined:undefined":7,"s:58:4:58:Infinity":25,"s:58:27:58:Infinity":26,"s:59:4:61:Infinity":27,"s:62:4:62:Infinity":28,"s:63:4:63:Infinity":29,"s:66:24:66:Infinity":30,"s:68:8:77:Infinity":31,"f:68:20:68:34":8,"s:69:16:75:Infinity":32,"f:69:27:69:35":9,"b:70:6:72:Infinity:undefined:undefined:undefined:undefined":8,"s:70:6:72:Infinity":33,"s:71:8:71:Infinity":34,"s:73:6:73:Infinity":35,"b:73:35:73:49:73:49:73:Infinity":9,"s:74:6:74:Infinity":36,"s:76:4:76:Infinity":37,"b:79:2:81:Infinity:undefined:undefined:undefined:undefined":10,"s:79:2:81:Infinity":38,"s:80:4:80:Infinity":39,"s:83:2:208:Infinity":40,"b:105:16:115:17:115:16:120:Infinity":11,"f:109:20:109:31":10,"s:109:37:109:Infinity":41,"f:115:54:115:69":11,"s:115:69:115:Infinity":42,"b:127:110:127:128:127:128:127:Infinity":12,"b:144:10:171:11:171:10:175:Infinity":13,"f:163:29:163:34":12,"s:164:20:164:Infinity":43,"b:164:72:164:84:164:84:164:96":14,"b:184:35:200:Infinity:201:12:203:Infinity":15,"f:184:46:184:50":13,"s:185:12:199:Infinity":44,"b:188:66:188:84:188:84:188:114":16,"b:191:69:191:107:191:107:191:129":17,"b:197:78:197:90:197:90:197:104":18},"fnNames":{}}}
,"/home/vp/Desktop/carbon_footprint/src/components/AuthModal.jsx": {"path":"/home/vp/Desktop/carbon_footprint/src/components/AuthModal.jsx","statementMap":{"0":{"start":{"line":6,"column":18},"end":{"line":6,"column":null}},"1":{"start":{"line":7,"column":16},"end":{"line":7,"column":null}},"2":{"start":{"line":8,"column":19},"end":{"line":8,"column":null}},"3":{"start":{"line":9,"column":16},"end":{"line":9,"column":null}},"4":{"start":{"line":10,"column":18},"end":{"line":10,"column":null}},"5":{"start":{"line":12,"column":29},"end":{"line":25,"column":null}},"6":{"start":{"line":13,"column":4},"end":{"line":24,"column":null}},"7":{"start":{"line":14,"column":6},"end":{"line":14,"column":null}},"8":{"start":{"line":15,"column":6},"end":{"line":15,"column":null}},"9":{"start":{"line":16,"column":23},"end":{"line":16,"column":null}},"10":{"start":{"line":17,"column":21},"end":{"line":17,"column":null}},"11":{"start":{"line":18,"column":6},"end":{"line":18,"column":null}},"12":{"start":{"line":18,"column":25},"end":{"line":18,"column":null}},"13":{"start":{"line":20,"column":6},"end":{"line":20,"column":null}},"14":{"start":{"line":21,"column":6},"end":{"line":21,"column":null}},"15":{"start":{"line":23,"column":6},"end":{"line":23,"column":null}},"16":{"start":{"line":27,"column":26},"end":{"line":45,"column":null}},"17":{"start":{"line":28,"column":4},"end":{"line":28,"column":null}},"18":{"start":{"line":29,"column":4},"end":{"line":44,"column":null}},"19":{"start":{"line":30,"column":6},"end":{"line":30,"column":null}},"20":{"start":{"line":31,"column":6},"end":{"line":31,"column":null}},"21":{"start":{"line":33,"column":6},"end":{"line":37,"column":null}},"22":{"start":{"line":34,"column":8},"end":{"line":34,"column":null}},"23":{"start":{"line":36,"column":8},"end":{"line":36,"column":null}},"24":{"start":{"line":38,"column":6},"end":{"line":38,"column":null}},"25":{"start":{"line":38,"column":25},"end":{"line":38,"column":null}},"26":{"start":{"line":40,"column":6},"end":{"line":40,"column":null}},"27":{"start":{"line":41,"column":6},"end":{"line":41,"column":null}},"28":{"start":{"line":43,"column":6},"end":{"line":43,"column":null}},"29":{"start":{"line":47,"column":2},"end":{"line":135,"column":null}},"30":{"start":{"line":92,"column":31},"end":{"line":92,"column":null}},"31":{"start":{"line":106,"column":31},"end":{"line":106,"column":null}},"32":{"start":{"line":127,"column":27},"end":{"line":127,"column":null}}},"fnMap":{"0":{"name":"AuthModal","decl":{"start":{"line":5,"column":24},"end":{"line":5,"column":34}},"loc":{"start":{"line":5,"column":53},"end":{"line":137,"column":null}},"line":5},"1":{"name":"(anonymous_1)","decl":{"start":{"line":12,"column":29},"end":{"line":12,"column":41}},"loc":{"start":{"line":12,"column":41},"end":{"line":25,"column":null}},"line":12},"2":{"name":"(anonymous_2)","decl":{"start":{"line":27,"column":26},"end":{"line":27,"column":33}},"loc":{"start":{"line":27,"column":39},"end":{"line":45,"column":null}},"line":27},"3":{"name":"(anonymous_3)","decl":{"start":{"line":92,"column":14},"end":{"line":92,"column":25}},"loc":{"start":{"line":92,"column":31},"end":{"line":92,"column":null}},"line":92},"4":{"name":"(anonymous_4)","decl":{"start":{"line":106,"column":14},"end":{"line":106,"column":25}},"loc":{"start":{"line":106,"column":31},"end":{"line":106,"column":null}},"line":106},"5":{"name":"(anonymous_5)","decl":{"start":{"line":127,"column":12},"end":{"line":127,"column":27}},"loc":{"start":{"line":127,"column":27},"end":{"line":127,"column":null}},"line":127}},"branchMap":{"0":{"loc":{"start":{"line":18,"column":6},"end":{"line":18,"column":null}},"type":"if","locations":[{"start":{"line":18,"column":6},"end":{"line":18,"column":null}},{"start":{},"end":{}}],"line":18},"1":{"loc":{"start":{"line":33,"column":6},"end":{"line":37,"column":null}},"type":"if","locations":[{"start":{"line":33,"column":6},"end":{"line":37,"column":null}},{"start":{"line":35,"column":13},"end":{"line":37,"column":null}}],"line":33},"2":{"loc":{"start":{"line":38,"column":6},"end":{"line":38,"column":null}},"type":"if","locations":[{"start":{"line":38,"column":6},"end":{"line":38,"column":null}},{"start":{},"end":{}}],"line":38},"3":{"loc":{"start":{"line":59,"column":9},"end":{"line":67,"column":null}},"type":"binary-expr","locations":[{"start":{"line":59,"column":9},"end":{"line":59,"column":null}},{"start":{"line":60,"column":10},"end":{"line":67,"column":null}}],"line":59},"4":{"loc":{"start":{"line":94,"column":32},"end":{"line":94,"column":null}},"type":"cond-expr","locations":[{"start":{"line":94,"column":40},"end":{"line":94,"column":55}},{"start":{"line":94,"column":55},"end":{"line":94,"column":null}}],"line":94},"5":{"loc":{"start":{"line":107,"column":28},"end":{"line":107,"column":null}},"type":"cond-expr","locations":[{"start":{"line":107,"column":38},"end":{"line":107,"column":59}},{"start":{"line":107,"column":59},"end":{"line":107,"column":null}}],"line":107},"6":{"loc":{"start":{"line":119,"column":13},"end":{"line":119,"column":null}},"type":"cond-expr","locations":[{"start":{"line":119,"column":23},"end":{"line":119,"column":42}},{"start":{"line":119,"column":42},"end":{"line":119,"column":null}}],"line":119},"7":{"loc":{"start":{"line":119,"column":42},"end":{"line":119,"column":null}},"type":"cond-expr","locations":[{"start":{"line":119,"column":52},"end":{"line":119,"column":63}},{"start":{"line":119,"column":63},"end":{"line":119,"column":null}}],"line":119},"8":{"loc":{"start":{"line":124,"column":11},"end":{"line":124,"column":null}},"type":"cond-expr","locations":[{"start":{"line":124,"column":21},"end":{"line":124,"column":49}},{"start":{"line":124,"column":49},"end":{"line":124,"column":null}}],"line":124},"9":{"loc":{"start":{"line":130,"column":13},"end":{"line":130,"column":null}},"type":"cond-expr","locations":[{"start":{"line":130,"column":23},"end":{"line":130,"column":35}},{"start":{"line":130,"column":35},"end":{"line":130,"column":null}}],"line":130}},"s":{"0":15,"1":15,"2":
[...]
"loc":{"start":{"line":380,"column":16},"end":{"line":387,"column":null}},"type":"binary-expr","locations":[{"start":{"line":380,"column":16},"end":{"line":380,"column":null}},{"start":{"line":381,"column":14},"end":{"line":387,"column":null}}],"line":380},"51":{"loc":{"start":{"line":384,"column":75},"end":{"line":384,"column":137}},"type":"cond-expr","locations":[{"start":{"line":384,"column":98},"end":{"line":384,"column":129}},{"start":{"line":384,"column":129},"end":{"line":384,"column":137}}],"line":384}},"s":{"0":2,"1":0,"2":0,"3":0,"4":0,"5":0,"6":0,"7":0,"8":0,"9":0,"10":0,"11":0,"12":0,"13":0,"14":0,"15":0,"16":0,"17":0,"18":0,"19":2,"20":0,"21":0,"22":0,"23":0,"24":0,"25":0,"26":0,"27":0,"28":0,"29":0,"30":0,"31":1,"32":1,"33":1,"34":1,"35":1,"36":1,"37":1,"38":1,"39":1,"40":0,"41":0,"42":0,"43":0,"44":0,"45":0,"46":0,"47":0,"48":0,"49":0,"50":0,"51":0,"52":0,"53":0,"54":0,"55":0,"56":0,"57":0,"58":0,"59":0,"60":0,"61":0,"62":0,"63":1,"64":1,"65":0,"66":1,"67":0,"68":0,"69":0,"70":0,"71":0,"72":0,"73":0,"74":0,"75":0,"76":0,"77":0,"78":0,"79":0,"80":0,"81":0,"82":0,"83":0,"84":0,"85":0,"86":0,"87":1,"88":0,"89":0,"90":0,"91":0,"92":0,"93":0,"94":1,"95":0,"96":1,"97":1,"98":0,"99":0,"100":0,"101":0,"102":0,"103":0,"104":0,"105":1,"106":0,"107":0,"108":0,"109":0,"110":0,"111":0,"112":0,"113":0,"114":0,"115":0,"116":0,"117":0,"118":0,"119":0,"120":0,"121":0,"122":0,"123":0},"f":{"0":0,"1":0,"2":0,"3":0,"4":1,"5":0,"6":0,"7":0,"8":0,"9":1,"10":0,"11":0,"12":0,"13":0,"14":0,"15":0,"16":0,"17":0,"18":0,"19":0,"20":0,"21":0,"22":0,"23":0,"24":0,"25":0,"26":0,"27":0,"28":0,"29":0},"b":{"0":[0,0],"1":[0,0],"2":[0,0],"3":[0,0],"4":[0,0],"5":[0],"6":[0,0],"7":[0,0],"8":[0,0],"9":[0,0,0],"10":[0,0],"11":[0,0],"12":[0,0],"13":[0,0],"14":[0,0],"15":[0,0],"16":[0,1],"17":[0,0],"18":[0,0],"19":[0,0],"20":[0,0],"21":[0,0],"22":[0,0],"23":[0,0],"24":[0,0],"25":[0,0],"26":[0,0],"27":[1,0],"28":[1,0],"29":[0,1],"30":[0,1],"31":[0,1],"32":[0,0],"33":[0,0],"34":[0,0],"35":[0,0],"36":[0,0],"37":[0,0],"38":[0,0],"39":[0,0],"40":[0,0],"41":[0,0],"42":[0,0],"43":[0,0],"44":[0,0],"45":[0,0],"46":[0,0],"47":[0,0],"48":[0,0],"49":[0,0],"50":[0,0],"51":[0,0]},"meta":{"lastBranch":52,"lastFunction":30,"lastStatement":124,"seen":{"s:7:6:23:Infinity":0,"f:7:6:7:26":0,"s:8:13:8:Infinity":1,"s:9:14:9:Infinity":2,"b:10:2:10:Infinity:undefined:undefined:undefined:undefined":0,"s:10:2:10:Infinity":3,"s:10:37:10:65":4,"s:10:65:10:85":5,"b:11:2:11:Infinity:undefined:undefined:undefined:undefined":1,"s:11:2:11:Infinity":6,"s:11:30:11:56":7,"s:11:56:11:81":8,"b:12:2:12:Infinity:undefined:undefined:undefined:undefined":2,"s:12:2:12:Infinity":9,"s:12:25:12:48":10,"s:12:48:12:69":11,"b:13:2:13:Infinity:undefined:undefined:undefined:undefined":3,"s:13:2:13:Infinity":12,"s:13:33:13:59":13,"s:13:59:13:83":14,"b:14:2:14:Infinity:undefined:undefined:undefined:undefined":4,"s:14:2:14:Infinity":15,"s:14:25:14:60":16,"s:14:60:14:80":17,"s:16:2:22:Infinity":18,"s:26:6:36:Infinity":19,"f:26:6:26:27":1,"s:27:12:27:Infinity":20,"s:28:8:28:Infinity":21,"s:29:8:29:Infinity":22,"s:31:4:33:Infinity":23,"s:34:12:34:Infinity":24,"s:35:2:35:Infinity":25,"f:39:9:39:20":2,"b:39:37:39:43":5,"s:40:8:40:Infinity":26,"s:41:2:43:Infinity":27,"f:41:2:41:18":3,"b:42:4:42:Infinity:undefined:undefined:undefined:undefined":6,"s:42:4:42:Infinity":28,"s:42:16:42:Infinity":29,"s:44:2:44:Infinity":30,"f:47:24:47:35":4,"s:48:19:48:Infinity":31,"s:49:18:49:Infinity":32,"s:50:19:50:Infinity":33,"s:51:21:51:Infinity":34,"s:52:17:52:Infinity":35,"s:53:21:53:Infinity":36,"s:54:23:54:Infinity":37,"s:57:8:57:Infinity":38,"s:59:32:118:Infinity":39,"f:59:32:59:39":5,"s:60:4:117:Infinity":40,"s:61:6:61:Infinity":41,"s:62:6:62:Infinity":42,"s:64:20:71:Infinity":43,"s:75:23:78:Infinity":44,"b:80:6:82:Infinity:undefined:undefined:undefined:undefined":7,"s:80:6:82:Infinity":45,"s:81:8:81:Infinity":46,"s:84:19:84:Infinity":47,"s:86:18:105:Infinity":48,"f:86:32:86:39":6,"s:86:45:86:61":49,"b:86:45:86:55:86:55:86:61":8,"f:86:63:86:67":7,"s:87:19:87:Infinity":50,"b:87:19:87:38:87:38:87:57:87:57:87:Infinity":9,"b:88:8:88:Infinity:undefined:undefined:undefined:undefined":10,"s:88:8:88:Infinity":51,"b:88:12:88:38:88:38:88:58":11,"s:88:58:88:Infinity":52,"s:90:21:93:Infinity":53,"b:90:21:90:Infinity:91:10:93:Infinity":12,"b:91:40:91:Infinity:92:10:93:Infinity":13,"b:92:33:92:Infinity:93:10:93:Infinity":14,"b:93:36:93:53:93:53:93:Infinity":15,"s:95:25:95:Infinity":54,"s:97:8:104:Infinity":55,"s:108:6:108:Infinity":56,"f:108:12:108:18":8,"s:108:27:108:50":57,"s:110:6:110:Infinity":58,"s:111:6:111:Infinity":59,"s:113:6:113:Infinity":60,"s:114:6:114:Infinity":61,"s:116:6:116:Infinity":62,"s:121:2:127:Infinity":63,"f:121:2:121:18":9,"b:122:4:125:Infinity:undefined:undefined:undefined:undefined":16,"s:122:4:125:Infinity":64,"s:124:6:124:Infinity":65,"s:129:8:155:Infinity":66,"f:129:8:129:27":10,"s:130:4:130:Infinity":67,"s:131:4:131:Infinity":68,"b:132:4:154:Infinity:151:11:154:Infinity":17,"s:132:4:154:Infinity":69,"s:133:6:150:Infinity":70,"f:133:28:133:Infinity":11,"s:135:22:135:Infinity":71,"s:136:22:136:Infinity":72,"s:137:10:137:Infinity":73,"s:138:10:138:Infinity":74,"f:139:8:139:Infinity":12,"s:141:10:141:Infinity":75,"s:142:10:142:Infinity":76,"s:143:24:143:Infinity":77,"b:144:10:144:Infinity:undefined:undefined:undefined:undefined":18,"s:144:10:144:Infinity":78,"s:144:32:144:Infinity":79,"b:145:10:145:Infinity:undefined:undefined:undefined:undefined":19,"s:145:10:145:Infinity":80,"s:145:32:145:Infinity":81,"b:146:10:146:Infinity:undefined:undefined:undefined:undefined":20,"s:146:10:146:Infinity":82,"s:146:32:146:Infinity":83,"s:147:10:147:Infinity":84,"s:152:6:152:Infinity":85,"s:153:6:153:Infinity":86,"s:157:8:166:Infinity":87,"f:157:8:157:29":13,"b:158:4:165:Infinity:undefined:undefined:undefined:undefined":21,"s:158:4:165:Infinity":88,"s:159:6:159:Infinity":89,"s:161:6:161:Infinity":90,"s:162:6:164:Infinity":91,"f:162:6:162:23":14,"b:163:8:163:Infinity:undefined:undefined:undefined:undefined":22,"s:163:8:163:Infinity":92,"s:163:34:163:Infinity":93,"s:169:24:169:Infinity":94,"f:169:35:169:42":15,"s:169:50:169:98":95,"b:169:50:169:74:169:74:169:98":23,"s:170:25:170:Infinity":96,"s:173:8:178:Infinity":97,"f:173:8:173:29":16,"b:174:4:174:Infinity:undefined:undefined:undefined:undefined":24,"s:174:4:174:Infinity":98,"s:174:25:174:Infinity":99,"b:175:4:175:Infinity:undefined:undefined:undefined:undefined":25,"s:175:4:175:Infinity":100,"s:175:26:175:Infinity":101,"b:176:4:176:Infinity:undefined:undefined:undefined:undefined":26,"s:176:4:176:Infinity":102,"s:176:26:176:Infinity":103,"s:177:4:177:Infinity":104,"s:180:2:390:Infinity":105,"b:185:7:185:Infinity:186:8:189:Infinity":27,"b:193:8:208:9:208:8:388:Infinity":28,"b:203:42:203:66:203:66:203:94":29,"b:203:122:203:139:203:139:203:159":30,"b:204:23:204:39:204:39:204:Infinity":31,"f:228:38:228:42":17,"s:229:18:236:Infinity":106,"f:231:20:231:35":18,"s:231:35:231:Infinity":107,"b:233:127:233:152:233:152:233:183":32,"b:233:196:233:230:233:230:233:Infinity":33,"f:245:15:245:30":19,"s:245:32:245:54":108,"s:245:54:245:74":109,"b:246:220:246:245:246:245:246:Infinity":34,"f:251:15:251:30":20,"s:251:32:251:55":110,"s:251:55:251:75":111,"b:252:245:252:270:252:270:252:Infinity":35,"f:257:15:257:30":21,"s:257:32:257:60":112,"s:257:60:257:80":113,"b:258:250:258:279:258:279:258:Infinity":36,"f:263:15:263:30":22,"s:263:32:263:67":114,"s:263:67:263:87":115,"b:264:257:264:282:264:282:264:Infinity":37,"f:269:15:269:30":23,"s:269:32:269:63":116,"s:269:63:269:83":117,"b:270:253:270:281:270:281:270:Infinity":38,"b:277:13:277:Infinity:278:14:283:13":39,"b:303:15:303:27:303:27:325:Infinity":40,"f:303:41:303:45":24,"s:304:16:324:Infinity":118,"f:309:20:309:33":25,"s:309:33:309:Infinity":119,"b:332:61:332:71:332:71:332:100":41,"b:336:14:380:17:380:16:387:Infinity":42,"f:338:34:338:38":26,"s:339:20:365:Infinity":120,"f:341:22:341:28":27,"s:341:35:341:Infinity":121,"b:345:176:345:189:345:189:345:Infinity":43,"b:345:217:345:235:345:235:345:Infinity":44,"b:345:266:345:283:345:283:345:Infinity":45,"b:346:81:346:103:346:103:346:218":46,"b:346:131:346:151:346:151:346:218":47,"b:346:182:346:202:346:202:346:218":48,"b:369:17:369:Infinity:370:18:379:Infinity":49,"f:372:22:372:37":28,"s:372:37:372:Infinity":122,"f:372:37:372:53":29,"s:372:61:372:69":123,"b:380:16:380:Infinity:381:14:387:Infinity":50,"b:384:98:384:129:384:129:384:137":51},"fnNames":{}}}
,"/home/vp/Desktop/carbon_footprint/src/components/LearningHub.jsx": {"path":"/home/vp/Desktop/carbon_footprint/src/components/LearningHub.jsx","statementMap":{"0":{"start":{"line":4,"column":20},"end":{"line":69,"column":null}},"1":{"start":{"line":71,"column":19},"end":{"line":71,"column":null}},"2":{"start":{"line":74,"column":20},"end":{"line":74,"column":null}},"3":{"start":{"line":76,"column":26},"end":{"line":78,"column":null}},"4":{"start":{"line":78,"column":33},"end":{"line":78,"column":60}},"5":{"start":{"line":80,"column":2},"end":{"line":142,"column":null}},"6":{"start":{"line":88,"column":10},"end":{"line":98,"column":null}},"7":{"start":{"line":90,"column":29},"end":{"line":90,"column":42}},"8":{"start":{"line":90,"column":42},"end":{"line":90,"column":66}},"9":{"start":{"line":104,"column":10},"end":{"line":139,"column":null}}},"fnMap":{"0":{"name":"LearningHub","decl":{"start":{"line":73,"column":24},"end":{"line":73,"column":38}},"loc":{"start":{"line":73,"column":38},"end":{"line":144,"column":null}},"line":73},"1":{"name":"(anonymous_1)","decl":{"start":{"line":78,"column":18},"end":{"line":78,"column":25}},"loc":{"start":{"line":78,"column":33},"end":{"line":78,"column":60}},"line":78},"2":{"name":"(anonymous_2)","decl":{"start":{"line":87,"column":20},"end":{"line":87,"column":24}},"loc":{"start":{"line":88,"column":10},"end":{"line":98,"column":null}},"line":88},"3":{"name":"(anonymous_3)","decl":{"start":{"line":90,"column":12},"end":{"line":90,"column":27}},"loc":{"start":{"line":90,"column":27},"end":{"line":90,"column":null}},"line":90},"4":{"name":"(anonymous_4)","decl":{"start":{"line":103,"column":25},"end":{"line":103,"column":30}},"loc":{"start":{"line":104,"column":10},"end":{"line":139,"column":null}},"line":104}},"branchMap":{"0":{"loc":{"start":{"line":76,"column":26},"end":{"line":78,"column":null}},"type":"cond-expr","locations":[{"start":{"line":77,"column":6},"end":{"line":77,"column":null}},{"start":{"line":78,"column":6},"end":{"line":78,"column":null}}],"line":76},"1":{"loc":{"start":{"line":92,"column":14},"end":{"line":94,"column":null}},"type":"cond-expr","locations":[{"start":{"line":93,"column":18},"end":{"line":93,"column":null}},{"start":{"line":94,"column":18},"end":{"line":94,"column":null}}],"line":92},"2":{"loc":{"start":{"line":106,"column":18},"end":{"line":106,"column":null}},"type":"cond-expr","locations":[{"start":{"line":106,"column":37},"end":{"line":106,"column":50}},{"start":{"line":106,"column":50},"end":{"line":106,"column":null}}],"line":106},"3":{"loc":{"start":{"line":114,"column":15},"end":{"line":121,"column":null}},"type":"binary-expr","locations":[{"start":{"line":114,"column":15},"end":{"line":114,"column":null}},{"start":{"line":115,"column":16},"end":{"line":121,"column":null}}],"line":114},"4":{"loc":{"start":{"line":135,"column":36},"end":{"line":135,"column":99}},"type":"cond-expr","locations":[{"start":{"line":135,"column":60},"end":{"line":135,"column":78}},{"start":{"line":135,"column":78},"end":{"line":135,"column":99}}],"line":135}},"s":{"0":2,"1":2,"2":1,"3":1,"4":0,"5":1,"6":6,"7":0,"8":0,"9":8},"f":{"0":1,"1":0,"2":6,"3":0,"4":8},"b":{"0":[1,0],"1":[1,5],"2":[5,3],"3":[8,4],"4":[4,4]},"meta":{"lastBranch":5,"lastFunction":5,"lastStatement":10,"seen":{"s:4:20:69:Infinity":0,"s:71:19:71:Infinity":1,"f:73:24:73:38":0,"s:74:20:74:Infinity":2,"s:76:26:78:Infinity":3,"b:77:6:77:Infinity:78:6:78:Infinity":0,"f:78:18:78:25":1,"s:78:33:78:60":4,"s:80:2:142:Infinity":5,"f:87:20:87:24":2,"s:88:10:98:Infinity":6,"f:90:12:90:27":3,"s:90:29:90:42":7,"s:90:42:90:66":8,"b:93:18:93:Infinity:94:18:94:Infinity":1,"f:103:25:103:30":4,"s:104:10:139:Infinity":9,"b:106:37:106:50:106:50:106:Infinity":2,"b:114:15:114:Infinity:115:16:121:Infinity":3,"b:135:60:135:78:135:78:135:99":4},"fnNames":{}}}
,"/home/vp/Desktop/carbon_footprint/src/components/Recommendations.jsx": {"path":"/home/vp/Desktop/carbon_footprint/src/components/Recommendations.jsx","statementMap":{"0":{"start":{"line":6,"column":21},"end":{"line":6,"column":null}},"1":{"start":{"line":8,"column":2},"end":{"line":15,"column":null}},"2":{"start":{"line":9,"column":4},"end":{"line":9,"column":null}},"3":{"start":{"line":9,"column":27},"end":{"line":9,"column":null}},"4":{"start":{"line":10,"column":10},"end":{"line":10,"column":null}},"5":{"start":{"line":11,"column":10},"end":{"line":13,"column":null}},"6":{"start":{"line":12,"column":6},"end":{"line":12,"column":null}},"7":{"start":{"line":12,"column":46},"end":{"line":12,"column":76}},"8":{"start":{"line":14,"column":4},"end":{"line":14,"column":null}},"9":{"start":{"line":14,"column":17},"end":{"line":14,"column":null}},"10":{"start":{"line":17,"column":24},"end":{"line":17,"column":null}},"11":{"start":{"line":19,"column":19},"end":{"line":19,"column":null}},"12":{"start":{"line":19,"column":42},"end":{"line":19,"column":69}},"13":{"start":{"line":20,"column":18},"end":{"line":20,"column":null}},"14":{"start":{"line":20,"column":41},"end":{"line":20,"column":67}},"15":{"start":{"line":21,"column":20},"end":{"line":21,"column":null}},"16":{"start":{"line":21,"column":43},"end":{"line":21,"column":111}},"17":{"start":{"line":23,"column":24},"end":{"line":23,"column":null}},"18":{"start":{"line":25,"column":2},"end":{"line":31,"column":null}},"19":{"start":{"line":26,"column":4},"end":{"line":30,"column":null}},"20":{"start":{"line":33,"column":2},"end":{"line":39,"column":null}},"21":{"start":{"line":34,"column":4},"end":{"line":38,"column":null}},"22":{"start":{"line":41,"column":2},"end":{"line":47,"column":null}},"23":{"start":{"line":42,"column":4},"end":{"line":46,"column":null}},"24":{"start":{"line":49,"column":2},"end":{"line":55,"column":null}},"25":{"start":{"line":50,"column":4},"end":{"line":54,"column":null}},"26":{"start":{"line":57,"column":2},"end":{"line":90,"column":null}},"27":{"start":{"line":75,"column":12},"end":{"line":86,"column":null}}},"fnMap":{"0":{"name":"Recommendations","decl":{"start":{"line":5,"column":24},"end":{"line":5,"column":42}},"loc":{"start":{"line":5,"column":42},"end":{"line":92,"column":null}},"line":5},"1":{"name":"(anonymous_1)","decl":{"start":{"line":8,"column":2},"end":{"line":8,"column":18}},"loc":{"start":{"line":8,"column":18},"end":{"line":15,"column":5}},"line":8},"2":{"name":"(anonymous_2)","decl":{"start":{"line":11,"column":35},"end":{"line":11,"column":39}},"loc":{"start":{"line":11,"column":52},"end":{"line":13,"column":5}},"line":11},"3":{"name":"(anonymous_3)","decl":{"start":{"line":12,"column":34},"end":{"line":12,"column":38}},"loc":{"start":{"line":12,"column":46},"end":{"line":12,"column":76}},"line":12},"4":{"name":"(anonymous_4)","decl":{"start":{"line":14,"column":4},"end":{"line":14,"column":17}},"loc":{"start":{"line":14,"column":17},"end":{"line":14,"column":null}},"line":14},"5":{"name":"(anonymous_5)","decl":{"start":{"line":19,"column":30},"end":{"line":19,"column":35}},"loc":{"start":{"line":19,"column":42},"end":{"line":19,"column":69}},"line":19},"6":{"name":"(anonymous_6)","decl":{"start":{"line":20,"column":29},"end":{"line":20,"column":34}},"loc":{"start":{"line":20,"column":41},"end":{"line":20,"column":67}},"line":20},"7":{"name":"(anonymous_7)","decl":{"start":{"line":21,"column":31},"end":{"line":21,"column":36}},"loc":{"start":{"line":21,"column":43},"end":{"line":21,"column":111}},"line":21},"8":{"name":"(anonymous_8)","decl":{"start":{"line":74,"column":27},"end":{"line":74,"column":32}},"loc":{"start":{"line":75,"column":12},"end":{"line":86,"column":null}},"line":75}},"branchMap":{"0":{"loc":{"start":{"line":9,"column":4},"end":{"line":9,"column":null}},"type":"if","locations":[{"start":{"line":9,"column":4},"end":{"line":9,"column":null}},{"start":{},"end":{}}],"line":9},"1":{"loc":{"start":{"line":21,"column":43},"end":{"line":21,"column":111}},"type":"binary-expr","locations":[{"start":{"line":21,"column":43},"end":{"line":21,"column":79}},{"start":{"line":21,"column":79},"end":{"line":21,"column":111}}],"line":21},"2":{"loc":{"start":{"line":25,"column":2},"end":{"line":31,"column":null}},"type":"if","locations":[{"start":{"line":25,"column":2},"end":{"line":31,"column":null}},{"start":{},"end":{}}],"line":25},"3":{"loc":{"start":{"line":33,"column":2},"end":{"line":39,"column":null}},"type":"if","locations":[{"start":{"line":33,"column":2},"end":{"line":39,"column":null}},{"start":{},"end":{}}],"line":33},"4":{"loc":{"start":{"line":41,"column":2},"end":{"line":47,"column":null}},"type":"if","locations":[{"start":{"line":41,"column":2},"end":{"line":47,"column":null}},{"start":{},"end":{}}],"line":41},"5":{"loc":{"start":{"line":49,"column":2},"end":{"line":55,"column":null}},"type":"if","locations":[{"start":{"line":49,"column":2},"end":{"line":55,"column":null}},{"start":{},"end":{}}],"line":49},"6":{"loc":{"start":{"line":49,"column":6},"end":{"line":49,"column":53}},"type":"binary-expr","locations":[{"start":{"line":49,"column":6},"end":{"line":49,"column":38}},{"start":{"line":49,"column":38},"end":{"line":49,"column":53}}],"line":49},"7":{"loc":{"start":{"line":62,"column":7},"end":{"line":88,"column":null}},"type":"cond-expr","locations":[{"start":{"line":63,"column":8},"end":{"line":73,"column":9}},{"start":{"line":73,"column":8},"end":{"line":88,"column":null}}],"line":62},"8":{"loc":{"start":{"line":75,"column":91},"end":{"line":75,"column":143}},"type":"cond-expr","locations":[{"start":{"line":75,"column":107},"end":{"line":75,"column":124}},{"start":{"line":75,"column":124},"end":{"line":75,"column":143}}],"line":75},"9":{"loc":{"start":{"line":76,"column":136},"end":{"line":76,"column":null}},"type":"cond-expr","locations":[{"start":{"line":76,"column":152},"end":{"line":76,"column":166}},{"start":{"line":76,"column":166},"end":{"line":76,"column":null}}],"line":76}},"s":{"0":1,"1":1,"2":1,"3":1,"4":0,"5":0,"6":0,"7":0,"8":0,"9":0,"10":1,"11":1,"12":0,"13":1,"14":0,"15":1,"16":0,"17":1,"18":1,"19":0,"20":1,"21":0,"22":1,"23":0,"24":1,"25":0,"26":1,"27":0},"f":{"0":1,"1":1,"2":0,"3":0,"4":0,"5":0,"6":0,"7":0,"8":0},"b":{"0":[1,0],"1":[0,0],"2":[0,1],"3":[0,1],"4":[0,1],"5":[0,1],"6":[1,1],"7":[1,0],"8":[0,0],"9":[0,0]},"meta":{"lastBranch":10,"lastFunction":9,"lastStatement":28,"seen":{"f:5:24:5:42":0,"s:6:21:6:Infinity":0,"s:8:2:15:Infinity":1,"f:8:2:8:18":1,"b:9:4:9:Infinity:undefined:undefined:undefined:undefined":0,"s:9:4:9:Infinity":2,"s:9:27:9:Infinity":3,"s:10:10:10:Infinity":4,"s:11:10:13:Infinity":5,"f:11:35:11:39":2,"s:12:6:12:Infinity":6,"f:12:34:12:38":3,"s:12:46:12:76":7,"s:14:4:14:Infinity":8,"f:14:4:14:17":4,"s:14:17:14:Infinity":9,"s:17:24:17:Infinity":10,"s:19:19:19:Infinity":11,"f:19:30:19:35":5,"s:19:42:19:69":12,"s:20:18:20:Infinity":13,"f:20:29:20:34":6,"s:20:41:20:67":14,"s:21:20:21:Infinity":15,"f:21:31:21:36":7,"s:21:43:21:111":16,"b:21:43:21:79:21:79:21:111":1,"s:23:24:23:Infinity":17,"b:25:2:31:Infinity:undefined:undefined:undefined:undefined":2,"s:25:2:31:Infinity":18,"s:26:4:30:Infinity":19,"b:33:2:39:Infinity:undefined:undefined:undefined:undefined":3,"s:33:2:39:Infinity":20,"s:34:4:38:Infinity":21,"b:41:2:47:Infinity:undefined:undefined:undefined:undefined":4,"s:41:2:47:Infinity":22,"s:42:4:46:Infinity":23,"b:49:2:55:Infinity:undefined:undefined:undefined:undefined":5,"s:49:2:55:Infinity":24,"b:49:6:49:38:49:38:49:53":6,"s:50:4:54:Infinity":25,"s:57:2:90:Infinity":26,"b:63:8:73:9:73:8:88:Infinity":7,"f:74:27:74:32":8,"s:75:12:86:Infinity":27,"b:75:107:75:124:75:124:75:143":8,"b:76:152:76:166:76:166:76:Infinity":9},"fnNames":{}}}
}
